This is pdfTeX, Version 3.141592653-2.6-1.40.27 (TeX Live 2025) (preloaded format=pdflatex 2025.9.1)  10 SEP 2025 12:15
entering extended mode
 restricted \write18 enabled.
 %&-line parsing enabled.
**main.tex
(./main.tex
LaTeX2e <2024-11-01> patch level 2
L3 programming layer <2025-01-18>
(/usr/local/texlive/2025/texmf-dist/tex/latex/base/book.cls
Document Class: book 2024/06/29 v1.4n Standard LaTeX document class
(/usr/local/texlive/2025/texmf-dist/tex/latex/base/bk12.clo
File: bk12.clo 2024/06/29 v1.4n Standard LaTeX file (size option)
)
\c@part=\count196
\c@chapter=\count197
\c@section=\count198
\c@subsection=\count199
\c@subsubsection=\count266
\c@paragraph=\count267
\c@subparagraph=\count268
\c@figure=\count269
\c@table=\count270
\abovecaptionskip=\skip49
\belowcaptionskip=\skip50
\bibindent=\dimen141
)
(/usr/local/texlive/2025/texmf-dist/tex/latex/base/inputenc.sty
Package: inputenc 2024/02/08 v1.3d Input encoding file
\inpenc@prehook=\toks17
\inpenc@posthook=\toks18
)
(/usr/local/texlive/2025/texmf-dist/tex/generic/babel/babel.sty
Package: babel 2025/02/14 v25.4 The multilingual framework for pdfLaTeX, LuaLaT
eX and XeLaTeX
\babel@savecnt=\count271
\U@D=\dimen142
\l@unhyphenated=\language90

(/usr/local/texlive/2025/texmf-dist/tex/generic/babel/txtbabel.def)
\bbl@readstream=\read2
\bbl@dirlevel=\count272

(/usr/local/texlive/2025/texmf-dist/tex/generic/babel-spanish/spanish.ldf
Language: spanish.ldf 2021/05/27 v5.0q Spanish support from the babel system
\es@quottoks=\toks19
\es@quotdepth=\count273
Package babel Info: Making " an active character on input line 570.
Package babel Info: Making < an active character on input line 722.
Package babel Info: Making > an active character on input line 722.
))
(/usr/local/texlive/2025/texmf-dist/tex/generic/babel/locale/es/babel-spanish.t
ex
Package babel Info: Importing font and identification data for spanish
(babel)             from babel-es.ini. Reported on input line 11.
) (/usr/local/texlive/2025/texmf-dist/tex/latex/biblatex/biblatex.sty
Package: biblatex 2024/03/21 v3.20 programmable bibliographies (PK/MW)

(/usr/local/texlive/2025/texmf-dist/tex/generic/pdftexcmds/pdftexcmds.sty
Package: pdftexcmds 2020-06-27 v0.33 Utility functions of pdfTeX for LuaTeX (HO
)

(/usr/local/texlive/2025/texmf-dist/tex/generic/infwarerr/infwarerr.sty
Package: infwarerr 2019/12/03 v1.5 Providing info/warning/error messages (HO)
)
(/usr/local/texlive/2025/texmf-dist/tex/generic/iftex/iftex.sty
Package: iftex 2024/12/12 v1.0g TeX engine tests
)
(/usr/local/texlive/2025/texmf-dist/tex/generic/ltxcmds/ltxcmds.sty
Package: ltxcmds 2023-12-04 v1.26 LaTeX kernel commands for general use (HO)
)
Package pdftexcmds Info: \pdf@primitive is available.
Package pdftexcmds Info: \pdf@ifprimitive is available.
Package pdftexcmds Info: \pdfdraftmode found.
)
(/usr/local/texlive/2025/texmf-dist/tex/latex/etoolbox/etoolbox.sty
Package: etoolbox 2025/02/11 v2.5l e-TeX tools for LaTeX (JAW)
\etb@tempcnta=\count274
)
(/usr/local/texlive/2025/texmf-dist/tex/latex/graphics/keyval.sty
Package: keyval 2022/05/29 v1.15 key=value parser (DPC)
\KV@toks@=\toks20
)
(/usr/local/texlive/2025/texmf-dist/tex/latex/kvoptions/kvoptions.sty
Package: kvoptions 2022-06-15 v3.15 Key value format for package options (HO)

(/usr/local/texlive/2025/texmf-dist/tex/latex/kvsetkeys/kvsetkeys.sty
Package: kvsetkeys 2022-10-05 v1.19 Key value parser (HO)
))
(/usr/local/texlive/2025/texmf-dist/tex/latex/logreq/logreq.sty
Package: logreq 2010/08/04 v1.0 xml request logger
\lrq@indent=\count275

(/usr/local/texlive/2025/texmf-dist/tex/latex/logreq/logreq.def
File: logreq.def 2010/08/04 v1.0 logreq spec v1.0
))
(/usr/local/texlive/2025/texmf-dist/tex/latex/base/ifthen.sty
Package: ifthen 2024/03/16 v1.1e Standard LaTeX ifthen package (DPC)
)
(/usr/local/texlive/2025/texmf-dist/tex/latex/url/url.sty
\Urlmuskip=\muskip17
Package: url 2013/09/16  ver 3.4  Verb mode for urls, etc.
)
\c@tabx@nest=\count276
\c@listtotal=\count277
\c@listcount=\count278
\c@liststart=\count279
\c@liststop=\count280
\c@citecount=\count281
\c@citetotal=\count282
\c@multicitecount=\count283
\c@multicitetotal=\count284
\c@instcount=\count285
\c@maxnames=\count286
\c@minnames=\count287
\c@maxitems=\count288
\c@minitems=\count289
\c@citecounter=\count290
\c@maxcitecounter=\count291
\c@savedcitecounter=\count292
\c@uniquelist=\count293
\c@uniquename=\count294
\c@refsection=\count295
\c@refsegment=\count296
\c@maxextratitle=\count297
\c@maxextratitleyear=\count298
\c@maxextraname=\count299
\c@maxextradate=\count300
\c@maxextraalpha=\count301
\c@abbrvpenalty=\count302
\c@highnamepenalty=\count303
\c@lownamepenalty=\count304
\c@maxparens=\count305
\c@parenlevel=\count306
\blx@tempcnta=\count307
\blx@tempcntb=\count308
\blx@tempcntc=\count309
\c@blx@maxsection=\count310
\blx@maxsegment@0=\count311
\blx@notetype=\count312
\blx@parenlevel@text=\count313
\blx@parenlevel@foot=\count314
\blx@sectionciteorder@0=\count315
\blx@sectionciteorderinternal@0=\count316
\blx@entrysetcounter=\count317
\blx@biblioinstance=\count318
\labelnumberwidth=\skip51
\labelalphawidth=\skip52
\biblabelsep=\skip53
\bibitemsep=\skip54
\bibnamesep=\skip55
\bibinitsep=\skip56
\bibparsep=\skip57
\bibhang=\skip58
\blx@bcfin=\read3
\blx@bcfout=\write3
\blx@langwohyphens=\language91
\c@mincomprange=\count319
\c@maxcomprange=\count320
\c@mincompwidth=\count321
Package biblatex Info: Trying to load biblatex default data model...
Package biblatex Info: ... file 'blx-dm.def' found.

(/usr/local/texlive/2025/texmf-dist/tex/latex/biblatex/blx-dm.def
File: blx-dm.def 2024/03/21 v3.20 biblatex datamodel (PK/MW)
)
Package biblatex Info: Trying to load biblatex custom data model...
Package biblatex Info: ... file 'biblatex-dm.cfg' not found.
\c@afterword=\count322
\c@savedafterword=\count323
\c@annotator=\count324
\c@savedannotator=\count325
\c@author=\count326
\c@savedauthor=\count327
\c@bookauthor=\count328
\c@savedbookauthor=\count329
\c@commentator=\count330
\c@savedcommentator=\count331
\c@editor=\count332
\c@savededitor=\count333
\c@editora=\count334
\c@savededitora=\count335
\c@editorb=\count336
\c@savededitorb=\count337
\c@editorc=\count338
\c@savededitorc=\count339
\c@foreword=\count340
\c@savedforeword=\count341
\c@holder=\count342
\c@savedholder=\count343
\c@introduction=\count344
\c@savedintroduction=\count345
\c@namea=\count346
\c@savednamea=\count347
\c@nameb=\count348
\c@savednameb=\count349
\c@namec=\count350
\c@savednamec=\count351
\c@translator=\count352
\c@savedtranslator=\count353
\c@shortauthor=\count354
\c@savedshortauthor=\count355
\c@shorteditor=\count356
\c@savedshorteditor=\count357
\c@labelname=\count358
\c@savedlabelname=\count359
\c@institution=\count360
\c@savedinstitution=\count361
\c@lista=\count362
\c@savedlista=\count363
\c@listb=\count364
\c@savedlistb=\count365
\c@listc=\count366
\c@savedlistc=\count367
\c@listd=\count368
\c@savedlistd=\count369
\c@liste=\count370
\c@savedliste=\count371
\c@listf=\count372
\c@savedlistf=\count373
\c@location=\count374
\c@savedlocation=\count375
\c@organization=\count376
\c@savedorganization=\count377
\c@origlocation=\count378
\c@savedoriglocation=\count379
\c@origpublisher=\count380
\c@savedorigpublisher=\count381
\c@publisher=\count382
\c@savedpublisher=\count383
\c@language=\count384
\c@savedlanguage=\count385
\c@origlanguage=\count386
\c@savedoriglanguage=\count387
\c@pageref=\count388
\c@savedpageref=\count389
\shorthandwidth=\skip59
\shortjournalwidth=\skip60
\shortserieswidth=\skip61
\shorttitlewidth=\skip62
\shortauthorwidth=\skip63
\shorteditorwidth=\skip64
\locallabelnumberwidth=\skip65
\locallabelalphawidth=\skip66
\localshorthandwidth=\skip67
\localshortjournalwidth=\skip68
\localshortserieswidth=\skip69
\localshorttitlewidth=\skip70
\localshortauthorwidth=\skip71
\localshorteditorwidth=\skip72
Package biblatex Info: Trying to load compatibility code...
Package biblatex Info: ... file 'blx-compat.def' found.

(/usr/local/texlive/2025/texmf-dist/tex/latex/biblatex/blx-compat.def
File: blx-compat.def 2024/03/21 v3.20 biblatex compatibility (PK/MW)
)
Package biblatex Info: Trying to load generic definitions...
Package biblatex Info: ... file 'biblatex.def' found.

(/usr/local/texlive/2025/texmf-dist/tex/latex/biblatex/biblatex.def
File: biblatex.def 2024/03/21 v3.20 biblatex compatibility (PK/MW)
\c@textcitecount=\count390
\c@textcitetotal=\count391
\c@textcitemaxnames=\count392
\c@biburlbigbreakpenalty=\count393
\c@biburlbreakpenalty=\count394
\c@biburlnumpenalty=\count395
\c@biburlucpenalty=\count396
\c@biburllcpenalty=\count397
\biburlbigskip=\muskip18
\biburlnumskip=\muskip19
\biburlucskip=\muskip20
\biburllcskip=\muskip21
\c@smartand=\count398
)
Package biblatex Info: Trying to load bibliography style 'numeric'...
Package biblatex Info: ... file 'numeric.bbx' found.

(/usr/local/texlive/2025/texmf-dist/tex/latex/biblatex/bbx/numeric.bbx
File: numeric.bbx 2024/03/21 v3.20 biblatex bibliography style (PK/MW)
Package biblatex Info: Trying to load bibliography style 'standard'...
Package biblatex Info: ... file 'standard.bbx' found.

(/usr/local/texlive/2025/texmf-dist/tex/latex/biblatex/bbx/standard.bbx
File: standard.bbx 2024/03/21 v3.20 biblatex bibliography style (PK/MW)
\c@bbx:relatedcount=\count399
\c@bbx:relatedtotal=\count400
))
Package biblatex Info: Trying to load citation style 'numeric'...
Package biblatex Info: ... file 'numeric.cbx' found.

(/usr/local/texlive/2025/texmf-dist/tex/latex/biblatex/cbx/numeric.cbx
File: numeric.cbx 2024/03/21 v3.20 biblatex citation style (PK/MW)
Package biblatex Info: Redefining '\cite'.
Package biblatex Info: Redefining '\parencite'.
Package biblatex Info: Redefining '\footcite'.
Package biblatex Info: Redefining '\footcitetext'.
Package biblatex Info: Redefining '\smartcite'.
Package biblatex Info: Redefining '\supercite'.
Package biblatex Info: Redefining '\textcite'.
Package biblatex Info: Redefining '\textcites'.
Package biblatex Info: Redefining '\cites'.
Package biblatex Info: Redefining '\parencites'.
Package biblatex Info: Redefining '\smartcites'.
)
Package biblatex Info: Trying to load configuration file...
Package biblatex Info: ... file 'biblatex.cfg' found.

(/usr/local/texlive/2025/texmf-dist/tex/latex/biblatex/biblatex.cfg
File: biblatex.cfg 
)
Package biblatex Info: Input encoding 'utf8' detected.
Package biblatex Info: Document encoding is UTF8 ....

(/usr/local/texlive/2025/texmf-dist/tex/latex/l3kernel/expl3.sty
Package: expl3 2025-01-18 L3 programming layer (loader) 

(/usr/local/texlive/2025/texmf-dist/tex/latex/l3backend/l3backend-pdftex.def
File: l3backend-pdftex.def 2024-05-08 L3 backend support: PDF output (pdfTeX)
\l__color_backend_stack_int=\count401
\l__pdf_internal_box=\box52
))
Package biblatex Info: ... and expl3
(biblatex)             2025-01-18 L3 programming layer (loader) 
(biblatex)             is new enough (at least 2020/04/06),
(biblatex)             setting 'casechanger=expl3'.

(/usr/local/texlive/2025/texmf-dist/tex/latex/biblatex/blx-case-expl3.sty
(/usr/local/texlive/2025/texmf-dist/tex/latex/l3packages/xparse/xparse.sty
Package: xparse 2024-08-16 L3 Experimental document command parser
)
Package: blx-case-expl3 2024/03/21 v3.20 expl3 case changing code for biblatex
))
(/usr/local/texlive/2025/texmf-dist/tex/latex/xcolor/xcolor.sty
Package: xcolor 2024/09/29 v3.02 LaTeX color extensions (UK)

(/usr/local/texlive/2025/texmf-dist/tex/latex/graphics-cfg/color.cfg
File: color.cfg 2016/01/02 v1.6 sample color configuration
)
Package xcolor Info: Driver file: pdftex.def on input line 274.

(/usr/local/texlive/2025/texmf-dist/tex/latex/graphics-def/pdftex.def
File: pdftex.def 2024/04/13 v1.2c Graphics/color driver for pdftex
)
(/usr/local/texlive/2025/texmf-dist/tex/latex/graphics/mathcolor.ltx)
Package xcolor Info: Model `cmy' substituted by `cmy0' on input line 1349.
Package xcolor Info: Model `hsb' substituted by `rgb' on input line 1353.
Package xcolor Info: Model `RGB' extended on input line 1365.
Package xcolor Info: Model `HTML' substituted by `rgb' on input line 1367.
Package xcolor Info: Model `Hsb' substituted by `hsb' on input line 1368.
Package xcolor Info: Model `tHsb' substituted by `hsb' on input line 1369.
Package xcolor Info: Model `HSB' substituted by `hsb' on input line 1370.
Package xcolor Info: Model `Gray' substituted by `gray' on input line 1371.
Package xcolor Info: Model `wave' substituted by `hsb' on input line 1372.
)
(/usr/local/texlive/2025/texmf-dist/tex/latex/listings/listings.sty
\lst@mode=\count402
\lst@gtempboxa=\box53
\lst@token=\toks21
\lst@length=\count403
\lst@currlwidth=\dimen143
\lst@column=\count404
\lst@pos=\count405
\lst@lostspace=\dimen144
\lst@width=\dimen145
\lst@newlines=\count406
\lst@lineno=\count407
\lst@maxwidth=\dimen146

(/usr/local/texlive/2025/texmf-dist/tex/latex/listings/lstpatch.sty
File: lstpatch.sty 2024/09/23 1.10c (Carsten Heinz)
)
(/usr/local/texlive/2025/texmf-dist/tex/latex/listings/lstmisc.sty
File: lstmisc.sty 2024/09/23 1.10c (Carsten Heinz)
\c@lstnumber=\count408
\lst@skipnumbers=\count409
\lst@framebox=\box54
)
(/usr/local/texlive/2025/texmf-dist/tex/latex/listings/listings.cfg
File: listings.cfg 2024/09/23 1.10c listings configuration
))
Package: listings 2024/09/23 1.10c (Carsten Heinz)

(/usr/local/texlive/2025/texmf-dist/tex/latex/pgf/frontendlayer/tikz.sty
(/usr/local/texlive/2025/texmf-dist/tex/latex/pgf/basiclayer/pgf.sty
(/usr/local/texlive/2025/texmf-dist/tex/latex/pgf/utilities/pgfrcs.sty
(/usr/local/texlive/2025/texmf-dist/tex/generic/pgf/utilities/pgfutil-common.te
x
\pgfutil@everybye=\toks22
\pgfutil@tempdima=\dimen147
\pgfutil@tempdimb=\dimen148
)
(/usr/local/texlive/2025/texmf-dist/tex/generic/pgf/utilities/pgfutil-latex.def
\pgfutil@abb=\box55
) (/usr/local/texlive/2025/texmf-dist/tex/generic/pgf/utilities/pgfrcs.code.tex
(/usr/local/texlive/2025/texmf-dist/tex/generic/pgf/pgf.revision.tex)
Package: pgfrcs 2023-01-15 v3.1.10 (3.1.10)
))
Package: pgf 2023-01-15 v3.1.10 (3.1.10)

(/usr/local/texlive/2025/texmf-dist/tex/latex/pgf/basiclayer/pgfcore.sty
(/usr/local/texlive/2025/texmf-dist/tex/latex/graphics/graphicx.sty
Package: graphicx 2021/09/16 v1.2d Enhanced LaTeX Graphics (DPC,SPQR)

(/usr/local/texlive/2025/texmf-dist/tex/latex/graphics/graphics.sty
Package: graphics 2024/08/06 v1.4g Standard LaTeX Graphics (DPC,SPQR)

(/usr/local/texlive/2025/texmf-dist/tex/latex/graphics/trig.sty
Package: trig 2023/12/02 v1.11 sin cos tan (DPC)
)
(/usr/local/texlive/2025/texmf-dist/tex/latex/graphics-cfg/graphics.cfg
File: graphics.cfg 2016/06/04 v1.11 sample graphics configuration
)
Package graphics Info: Driver file: pdftex.def on input line 106.
)
\Gin@req@height=\dimen149
\Gin@req@width=\dimen150
)
(/usr/local/texlive/2025/texmf-dist/tex/latex/pgf/systemlayer/pgfsys.sty
(/usr/local/texlive/2025/texmf-dist/tex/generic/pgf/systemlayer/pgfsys.code.tex
Package: pgfsys 2023-01-15 v3.1.10 (3.1.10)
(/usr/local/texlive/2025/texmf-dist/tex/generic/pgf/utilities/pgfkeys.code.tex
\pgfkeys@pathtoks=\toks23
\pgfkeys@temptoks=\toks24

(/usr/local/texlive/2025/texmf-dist/tex/generic/pgf/utilities/pgfkeyslibraryfil
tered.code.tex
\pgfkeys@tmptoks=\toks25
))
\pgf@x=\dimen151
\pgf@y=\dimen152
\pgf@xa=\dimen153
\pgf@ya=\dimen154
\pgf@xb=\dimen155
\pgf@yb=\dimen156
\pgf@xc=\dimen157
\pgf@yc=\dimen158
\pgf@xd=\dimen159
\pgf@yd=\dimen160
\w@pgf@writea=\write4
\r@pgf@reada=\read4
\c@pgf@counta=\count410
\c@pgf@countb=\count411
\c@pgf@countc=\count412
\c@pgf@countd=\count413
\t@pgf@toka=\toks26
\t@pgf@tokb=\toks27
\t@pgf@tokc=\toks28
\pgf@sys@id@count=\count414

(/usr/local/texlive/2025/texmf-dist/tex/generic/pgf/systemlayer/pgf.cfg
File: pgf.cfg 2023-01-15 v3.1.10 (3.1.10)
)
Driver file for pgf: pgfsys-pdftex.def

(/usr/local/texlive/2025/texmf-dist/tex/generic/pgf/systemlayer/pgfsys-pdftex.d
ef
File: pgfsys-pdftex.def 2023-01-15 v3.1.10 (3.1.10)

(/usr/local/texlive/2025/texmf-dist/tex/generic/pgf/systemlayer/pgfsys-common-p
df.def
File: pgfsys-common-pdf.def 2023-01-15 v3.1.10 (3.1.10)
)))
(/usr/local/texlive/2025/texmf-dist/tex/generic/pgf/systemlayer/pgfsyssoftpath.
code.tex
File: pgfsyssoftpath.code.tex 2023-01-15 v3.1.10 (3.1.10)
\pgfsyssoftpath@smallbuffer@items=\count415
\pgfsyssoftpath@bigbuffer@items=\count416
)
(/usr/local/texlive/2025/texmf-dist/tex/generic/pgf/systemlayer/pgfsysprotocol.
code.tex
File: pgfsysprotocol.code.tex 2023-01-15 v3.1.10 (3.1.10)
))
(/usr/local/texlive/2025/texmf-dist/tex/generic/pgf/basiclayer/pgfcore.code.tex
Package: pgfcore 2023-01-15 v3.1.10 (3.1.10)
(/usr/local/texlive/2025/texmf-dist/tex/generic/pgf/math/pgfmath.code.tex
(/usr/local/texlive/2025/texmf-dist/tex/generic/pgf/math/pgfmathutil.code.tex)
(/usr/local/texlive/2025/texmf-dist/tex/generic/pgf/math/pgfmathparser.code.tex
\pgfmath@dimen=\dimen161
\pgfmath@count=\count417
\pgfmath@box=\box56
\pgfmath@toks=\toks29
\pgfmath@stack@operand=\toks30
\pgfmath@stack@operation=\toks31
)
(/usr/local/texlive/2025/texmf-dist/tex/generic/pgf/math/pgfmathfunctions.code.
tex)
(/usr/local/texlive/2025/texmf-dist/tex/generic/pgf/math/pgfmathfunctions.basic
.code.tex)
(/usr/local/texlive/2025/texmf-dist/tex/generic/pgf/math/pgfmathfunctions.trigo
nometric.code.tex)
(/usr/local/texlive/2025/texmf-dist/tex/generic/pgf/math/pgfmathfunctions.rando
m.code.tex)
(/usr/local/texlive/2025/texmf-dist/tex/generic/pgf/math/pgfmathfunctions.compa
rison.code.tex)
(/usr/local/texlive/2025/texmf-dist/tex/generic/pgf/math/pgfmathfunctions.base.
code.tex)
(/usr/local/texlive/2025/texmf-dist/tex/generic/pgf/math/pgfmathfunctions.round
.code.tex)
(/usr/local/texlive/2025/texmf-dist/tex/generic/pgf/math/pgfmathfunctions.misc.
code.tex)
(/usr/local/texlive/2025/texmf-dist/tex/generic/pgf/math/pgfmathfunctions.integ
erarithmetics.code.tex)
(/usr/local/texlive/2025/texmf-dist/tex/generic/pgf/math/pgfmathcalc.code.tex)
(/usr/local/texlive/2025/texmf-dist/tex/generic/pgf/math/pgfmathfloat.code.tex
\c@pgfmathroundto@lastzeros=\count418
)) (/usr/local/texlive/2025/texmf-dist/tex/generic/pgf/math/pgfint.code.tex)
(/usr/local/texlive/2025/texmf-dist/tex/generic/pgf/basiclayer/pgfcorepoints.co
de.tex
File: pgfcorepoints.code.tex 2023-01-15 v3.1.10 (3.1.10)
\pgf@picminx=\dimen162
\pgf@picmaxx=\dimen163
\pgf@picminy=\dimen164
\pgf@picmaxy=\dimen165
\pgf@pathminx=\dimen166
\pgf@pathmaxx=\dimen167
\pgf@pathminy=\dimen168
\pgf@pathmaxy=\dimen169
\pgf@xx=\dimen170
\pgf@xy=\dimen171
\pgf@yx=\dimen172
\pgf@yy=\dimen173
\pgf@zx=\dimen174
\pgf@zy=\dimen175
)
(/usr/local/texlive/2025/texmf-dist/tex/generic/pgf/basiclayer/pgfcorepathconst
ruct.code.tex
File: pgfcorepathconstruct.code.tex 2023-01-15 v3.1.10 (3.1.10)
\pgf@path@lastx=\dimen176
\pgf@path@lasty=\dimen177
)
(/usr/local/texlive/2025/texmf-dist/tex/generic/pgf/basiclayer/pgfcorepathusage
.code.tex
File: pgfcorepathusage.code.tex 2023-01-15 v3.1.10 (3.1.10)
\pgf@shorten@end@additional=\dimen178
\pgf@shorten@start@additional=\dimen179
)
(/usr/local/texlive/2025/texmf-dist/tex/generic/pgf/basiclayer/pgfcorescopes.co
de.tex
File: pgfcorescopes.code.tex 2023-01-15 v3.1.10 (3.1.10)
\pgfpic=\box57
\pgf@hbox=\box58
\pgf@layerbox@main=\box59
\pgf@picture@serial@count=\count419
)
(/usr/local/texlive/2025/texmf-dist/tex/generic/pgf/basiclayer/pgfcoregraphicst
ate.code.tex
File: pgfcoregraphicstate.code.tex 2023-01-15 v3.1.10 (3.1.10)
\pgflinewidth=\dimen180
)
(/usr/local/texlive/2025/texmf-dist/tex/generic/pgf/basiclayer/pgfcoretransform
ations.code.tex
File: pgfcoretransformations.code.tex 2023-01-15 v3.1.10 (3.1.10)
\pgf@pt@x=\dimen181
\pgf@pt@y=\dimen182
\pgf@pt@temp=\dimen183
)
(/usr/local/texlive/2025/texmf-dist/tex/generic/pgf/basiclayer/pgfcorequick.cod
e.tex
File: pgfcorequick.code.tex 2023-01-15 v3.1.10 (3.1.10)
)
(/usr/local/texlive/2025/texmf-dist/tex/generic/pgf/basiclayer/pgfcoreobjects.c
ode.tex
File: pgfcoreobjects.code.tex 2023-01-15 v3.1.10 (3.1.10)
)
(/usr/local/texlive/2025/texmf-dist/tex/generic/pgf/basiclayer/pgfcorepathproce
ssing.code.tex
File: pgfcorepathprocessing.code.tex 2023-01-15 v3.1.10 (3.1.10)
)
(/usr/local/texlive/2025/texmf-dist/tex/generic/pgf/basiclayer/pgfcorearrows.co
de.tex
File: pgfcorearrows.code.tex 2023-01-15 v3.1.10 (3.1.10)
\pgfarrowsep=\dimen184
)
(/usr/local/texlive/2025/texmf-dist/tex/generic/pgf/basiclayer/pgfcoreshade.cod
e.tex
File: pgfcoreshade.code.tex 2023-01-15 v3.1.10 (3.1.10)
\pgf@max=\dimen185
\pgf@sys@shading@range@num=\count420
\pgf@shadingcount=\count421
)
(/usr/local/texlive/2025/texmf-dist/tex/generic/pgf/basiclayer/pgfcoreimage.cod
e.tex
File: pgfcoreimage.code.tex 2023-01-15 v3.1.10 (3.1.10)
)
(/usr/local/texlive/2025/texmf-dist/tex/generic/pgf/basiclayer/pgfcoreexternal.
code.tex
File: pgfcoreexternal.code.tex 2023-01-15 v3.1.10 (3.1.10)
\pgfexternal@startupbox=\box60
)
(/usr/local/texlive/2025/texmf-dist/tex/generic/pgf/basiclayer/pgfcorelayers.co
de.tex
File: pgfcorelayers.code.tex 2023-01-15 v3.1.10 (3.1.10)
)
(/usr/local/texlive/2025/texmf-dist/tex/generic/pgf/basiclayer/pgfcoretranspare
ncy.code.tex
File: pgfcoretransparency.code.tex 2023-01-15 v3.1.10 (3.1.10)
)
(/usr/local/texlive/2025/texmf-dist/tex/generic/pgf/basiclayer/pgfcorepatterns.
code.tex
File: pgfcorepatterns.code.tex 2023-01-15 v3.1.10 (3.1.10)
)
(/usr/local/texlive/2025/texmf-dist/tex/generic/pgf/basiclayer/pgfcorerdf.code.
tex
File: pgfcorerdf.code.tex 2023-01-15 v3.1.10 (3.1.10)
)))
(/usr/local/texlive/2025/texmf-dist/tex/generic/pgf/modules/pgfmoduleshapes.cod
e.tex
File: pgfmoduleshapes.code.tex 2023-01-15 v3.1.10 (3.1.10)
\pgfnodeparttextbox=\box61
)
(/usr/local/texlive/2025/texmf-dist/tex/generic/pgf/modules/pgfmoduleplot.code.
tex
File: pgfmoduleplot.code.tex 2023-01-15 v3.1.10 (3.1.10)
)
(/usr/local/texlive/2025/texmf-dist/tex/latex/pgf/compatibility/pgfcomp-version
-0-65.sty
Package: pgfcomp-version-0-65 2023-01-15 v3.1.10 (3.1.10)
\pgf@nodesepstart=\dimen186
\pgf@nodesepend=\dimen187
)
(/usr/local/texlive/2025/texmf-dist/tex/latex/pgf/compatibility/pgfcomp-version
-1-18.sty
Package: pgfcomp-version-1-18 2023-01-15 v3.1.10 (3.1.10)
))
(/usr/local/texlive/2025/texmf-dist/tex/latex/pgf/utilities/pgffor.sty
(/usr/local/texlive/2025/texmf-dist/tex/latex/pgf/utilities/pgfkeys.sty
(/usr/local/texlive/2025/texmf-dist/tex/generic/pgf/utilities/pgfkeys.code.tex)
) (/usr/local/texlive/2025/texmf-dist/tex/latex/pgf/math/pgfmath.sty
(/usr/local/texlive/2025/texmf-dist/tex/generic/pgf/math/pgfmath.code.tex))
(/usr/local/texlive/2025/texmf-dist/tex/generic/pgf/utilities/pgffor.code.tex
Package: pgffor 2023-01-15 v3.1.10 (3.1.10)
\pgffor@iter=\dimen188
\pgffor@skip=\dimen189
\pgffor@stack=\toks32
\pgffor@toks=\toks33
))
(/usr/local/texlive/2025/texmf-dist/tex/generic/pgf/frontendlayer/tikz/tikz.cod
e.tex
Package: tikz 2023-01-15 v3.1.10 (3.1.10)

(/usr/local/texlive/2025/texmf-dist/tex/generic/pgf/libraries/pgflibraryplothan
dlers.code.tex
File: pgflibraryplothandlers.code.tex 2023-01-15 v3.1.10 (3.1.10)
\pgf@plot@mark@count=\count422
\pgfplotmarksize=\dimen190
)
\tikz@lastx=\dimen191
\tikz@lasty=\dimen192
\tikz@lastxsaved=\dimen193
\tikz@lastysaved=\dimen194
\tikz@lastmovetox=\dimen195
\tikz@lastmovetoy=\dimen196
\tikzleveldistance=\dimen197
\tikzsiblingdistance=\dimen198
\tikz@figbox=\box62
\tikz@figbox@bg=\box63
\tikz@tempbox=\box64
\tikz@tempbox@bg=\box65
\tikztreelevel=\count423
\tikznumberofchildren=\count424
\tikznumberofcurrentchild=\count425
\tikz@fig@count=\count426

(/usr/local/texlive/2025/texmf-dist/tex/generic/pgf/modules/pgfmodulematrix.cod
e.tex
File: pgfmodulematrix.code.tex 2023-01-15 v3.1.10 (3.1.10)
\pgfmatrixcurrentrow=\count427
\pgfmatrixcurrentcolumn=\count428
\pgf@matrix@numberofcolumns=\count429
)
\tikz@expandcount=\count430

(/usr/local/texlive/2025/texmf-dist/tex/generic/pgf/frontendlayer/tikz/librarie
s/tikzlibrarytopaths.code.tex
File: tikzlibrarytopaths.code.tex 2023-01-15 v3.1.10 (3.1.10)
)))
(/usr/local/texlive/2025/texmf-dist/tex/latex/datetime/datetime.sty
Package: datetime 2015/03/20 v2.60 Date Time Package

(/usr/local/texlive/2025/texmf-dist/tex/latex/fmtcount/fmtcount.sty
Package: fmtcount 2025/02/09 v3.10 Displaying the values of LaTeX counters (NT,
VB,NE)

(/usr/local/texlive/2025/texmf-dist/tex/latex/xkeyval/xkeyval.sty
Package: xkeyval 2022/06/16 v2.9 package option processing (HA)

(/usr/local/texlive/2025/texmf-dist/tex/generic/xkeyval/xkeyval.tex
(/usr/local/texlive/2025/texmf-dist/tex/generic/xkeyval/xkvutils.tex
\XKV@toks=\toks34
\XKV@tempa@toks=\toks35
)
\XKV@depth=\count431
File: xkeyval.tex 2014/12/03 v2.7a key=value parser (HA)
))
(/usr/local/texlive/2025/texmf-dist/tex/latex/fmtcount/fcprefix.sty
Package: fcprefix 2012/09/28

(/usr/local/texlive/2025/texmf-dist/tex/latex/fmtcount/fcnumparser.sty
Package: fcnumparser 2017/06/15
\fc@digit@counter=\count432
))
(/usr/local/texlive/2025/texmf-dist/tex/latex/amsmath/amsgen.sty
File: amsgen.sty 1999/11/30 v2.0 generic functions
\@emptytoks=\toks36
\ex@=\dimen199
)
\c@padzeroesN=\count433
\fc@tmpcatcode=\count434
\@DT@modctr=\count435
\@ordinalctr=\count436
\@orgargctr=\count437
\@strctr=\count438
\@tmpstrctr=\count439
\@DT@loopN=\count440
\@DT@X=\count441
)
(/usr/local/texlive/2025/texmf-dist/tex/latex/datetime/datetime-defaults.sty
Package: datetime-defaults 2013/09/10
)
\@day=\count442
\@month=\count443
\@year=\count444
\c@HOUR=\count445
\c@HOURXII=\count446
\c@MINUTE=\count447
\c@TOHOUR=\count448
\c@TOMINUTE=\count449
\c@SECOND=\count450
\currenthour=\count451
\currentminute=\count452
\currentsecond=\count453
Package datetime Info: No datetime.cfg file found, using default settings on in
put line 308.
\@dtctr=\count454
\dayofyear=\count455
\dayofweek=\count456
LaTeX Info: Redefining \today on input line 736.

(/usr/local/texlive/2025/texmf-dist/tex/latex/datetime/dt-spanish.def
File: dt-spanish.def 2013/09/10
LaTeX Info: Redefining \datespanish on input line 85.
)
\dt@a=\toks37
\dt@b=\toks38
)
(/usr/local/texlive/2025/texmf-dist/tex/latex/base/fontenc.sty
Package: fontenc 2021/04/29 v2.0v Standard LaTeX package
)
(/usr/local/texlive/2025/texmf-dist/tex/latex/base/textcomp.sty
Package: textcomp 2024/04/24 v2.1b Standard LaTeX package
)
(/usr/local/texlive/2025/texmf-dist/tex/latex/bera/berasans.sty
Package: berasans 2004/01/30 (WaS)
)
(/usr/local/texlive/2025/texmf-dist/tex/latex/geometry/geometry.sty
Package: geometry 2020/01/02 v5.9 Page Geometry

(/usr/local/texlive/2025/texmf-dist/tex/generic/iftex/ifvtex.sty
Package: ifvtex 2019/10/25 v1.7 ifvtex legacy package. Use iftex instead.
)
\Gm@cnth=\count457
\Gm@cntv=\count458
\c@Gm@tempcnt=\count459
\Gm@bindingoffset=\dimen256
\Gm@wd@mp=\dimen257
\Gm@odd@mp=\dimen258
\Gm@even@mp=\dimen259
\Gm@layoutwidth=\dimen260
\Gm@layoutheight=\dimen261
\Gm@layouthoffset=\dimen262
\Gm@layoutvoffset=\dimen263
\Gm@dimlist=\toks39
)
(/usr/local/texlive/2025/texmf-dist/tex/latex/fancyhdr/fancyhdr.sty
Package: fancyhdr 2025/02/07 v5.2 Extensive control of page headers and footers

\f@nch@headwidth=\skip73
\f@nch@offset@elh=\skip74
\f@nch@offset@erh=\skip75
\f@nch@offset@olh=\skip76
\f@nch@offset@orh=\skip77
\f@nch@offset@elf=\skip78
\f@nch@offset@erf=\skip79
\f@nch@offset@olf=\skip80
\f@nch@offset@orf=\skip81
\f@nch@height=\skip82
\f@nch@footalignment=\skip83
\f@nch@widthL=\skip84
\f@nch@widthC=\skip85
\f@nch@widthR=\skip86
\@temptokenb=\toks40
)
(/usr/local/texlive/2025/texmf-dist/tex/latex/todonotes/todonotes.sty
Package: todonotes 2024/01/05 v1.1.7 Todonotes source and documentation.
Package: todonotes 2024/01/05

(/usr/local/texlive/2025/texmf-dist/tex/generic/pgf/frontendlayer/tikz/librarie
s/tikzlibrarypositioning.code.tex
File: tikzlibrarypositioning.code.tex 2023-01-15 v3.1.10 (3.1.10)
)
(/usr/local/texlive/2025/texmf-dist/tex/latex/tools/calc.sty
Package: calc 2023/07/08 v4.3 Infix arithmetic (KKT,FJ)
\calc@Acount=\count460
\calc@Bcount=\count461
\calc@Adimen=\dimen264
\calc@Bdimen=\dimen265
\calc@Askip=\skip87
\calc@Bskip=\skip88
LaTeX Info: Redefining \setlength on input line 80.
LaTeX Info: Redefining \addtolength on input line 81.
\calc@Ccount=\count462
\calc@Cskip=\skip89
)
\c@@todonotes@numberoftodonotes=\count463
)
(/usr/local/texlive/2025/texmf-dist/tex/latex/float/float.sty
Package: float 2001/11/08 v1.3d Float enhancements (AL)
\c@float@type=\count464
\float@exts=\toks41
\float@box=\box66
\@float@everytoks=\toks42
\@floatcapt=\box67
)
(/usr/local/texlive/2025/texmf-dist/tex/latex/tools/tabularx.sty
Package: tabularx 2023/12/11 v2.12a `tabularx' package (DPC)

(/usr/local/texlive/2025/texmf-dist/tex/latex/tools/array.sty
Package: array 2024/10/17 v2.6g Tabular extension package (FMi)
\col@sep=\dimen266
\ar@mcellbox=\box68
\extrarowheight=\dimen267
\NC@list=\toks43
\extratabsurround=\skip90
\backup@length=\skip91
\ar@cellbox=\box69
)
\TX@col@width=\dimen268
\TX@old@table=\dimen269
\TX@old@col=\dimen270
\TX@target=\dimen271
\TX@delta=\dimen272
\TX@cols=\count465
\TX@ftn=\toks44
)
(/usr/local/texlive/2025/texmf-dist/tex/latex/emptypage/emptypage.sty
Package: emptypage 2010/05/30 v1.2 Suppress page numbers and headings on empty 
pages
)
(/usr/local/texlive/2025/texmf-dist/tex/latex/appendix/appendix.sty
Package: appendix 2020/02/08 v1.2c extra appendix facilities
\c@@pps=\count466
\c@@ppsavesec=\count467
\c@@ppsaveapp=\count468
)
(/usr/local/texlive/2025/texmf-dist/tex/latex/hyperref/hyperref.sty
Package: hyperref 2024-11-05 v7.01l Hypertext links for LaTeX

(/usr/local/texlive/2025/texmf-dist/tex/generic/kvdefinekeys/kvdefinekeys.sty
Package: kvdefinekeys 2019-12-19 v1.6 Define keys (HO)
)
(/usr/local/texlive/2025/texmf-dist/tex/generic/pdfescape/pdfescape.sty
Package: pdfescape 2019/12/09 v1.15 Implements pdfTeX's escape features (HO)
)
(/usr/local/texlive/2025/texmf-dist/tex/latex/hycolor/hycolor.sty
Package: hycolor 2020-01-27 v1.10 Color options for hyperref/bookmark (HO)
)
(/usr/local/texlive/2025/texmf-dist/tex/latex/hyperref/nameref.sty
Package: nameref 2023-11-26 v2.56 Cross-referencing by name of section

(/usr/local/texlive/2025/texmf-dist/tex/latex/refcount/refcount.sty
Package: refcount 2019/12/15 v3.6 Data extraction from label references (HO)
)
(/usr/local/texlive/2025/texmf-dist/tex/generic/gettitlestring/gettitlestring.s
ty
Package: gettitlestring 2019/12/15 v1.6 Cleanup title references (HO)
)
\c@section@level=\count469
) (/usr/local/texlive/2025/texmf-dist/tex/generic/stringenc/stringenc.sty
Package: stringenc 2019/11/29 v1.12 Convert strings between diff. encodings (HO
)
)
\@linkdim=\dimen273
\Hy@linkcounter=\count470
\Hy@pagecounter=\count471

(/usr/local/texlive/2025/texmf-dist/tex/latex/hyperref/pd1enc.def
File: pd1enc.def 2024-11-05 v7.01l Hyperref: PDFDocEncoding definition (HO)
Now handling font encoding PD1 ...
... no UTF-8 mapping file for font encoding PD1
)
(/usr/local/texlive/2025/texmf-dist/tex/generic/intcalc/intcalc.sty
Package: intcalc 2019/12/15 v1.3 Expandable calculations with integers (HO)
)
\Hy@SavedSpaceFactor=\count472

(/usr/local/texlive/2025/texmf-dist/tex/latex/hyperref/puenc.def
File: puenc.def 2024-11-05 v7.01l Hyperref: PDF Unicode definition (HO)
Now handling font encoding PU ...
... no UTF-8 mapping file for font encoding PU
)
Package hyperref Info: Option `final' set `true' on input line 4040.
Package hyperref Info: Hyper figures OFF on input line 4157.
Package hyperref Info: Link nesting OFF on input line 4162.
Package hyperref Info: Hyper index ON on input line 4165.
Package hyperref Info: Plain pages OFF on input line 4172.
Package hyperref Info: Backreferencing OFF on input line 4177.
Package hyperref Info: Implicit mode ON; LaTeX internals redefined.
Package hyperref Info: Bookmarks ON on input line 4424.
\c@Hy@tempcnt=\count473
LaTeX Info: Redefining \url on input line 4763.
\XeTeXLinkMargin=\dimen274

(/usr/local/texlive/2025/texmf-dist/tex/generic/bitset/bitset.sty
Package: bitset 2019/12/09 v1.3 Handle bit-vector datatype (HO)

(/usr/local/texlive/2025/texmf-dist/tex/generic/bigintcalc/bigintcalc.sty
Package: bigintcalc 2019/12/15 v1.5 Expandable calculations on big integers (HO
)
))
\Fld@menulength=\count474
\Field@Width=\dimen275
\Fld@charsize=\dimen276
Package hyperref Info: Hyper figures OFF on input line 6042.
Package hyperref Info: Link nesting OFF on input line 6047.
Package hyperref Info: Hyper index ON on input line 6050.
Package hyperref Info: backreferencing OFF on input line 6057.
Package hyperref Info: Link coloring OFF on input line 6062.
Package hyperref Info: Link coloring with OCG OFF on input line 6067.
Package hyperref Info: PDF/A mode OFF on input line 6072.

(/usr/local/texlive/2025/texmf-dist/tex/latex/base/atbegshi-ltx.sty
Package: atbegshi-ltx 2021/01/10 v1.0c Emulation of the original atbegshi
package with kernel methods
)
\Hy@abspage=\count475
\c@Item=\count476
\c@Hfootnote=\count477
)
Package hyperref Info: Driver (autodetected): hpdftex.

(/usr/local/texlive/2025/texmf-dist/tex/latex/hyperref/hpdftex.def
File: hpdftex.def 2024-11-05 v7.01l Hyperref driver for pdfTeX

(/usr/local/texlive/2025/texmf-dist/tex/latex/base/atveryend-ltx.sty
Package: atveryend-ltx 2020/08/19 v1.0a Emulation of the original atveryend pac
kage
with kernel methods
)
\Fld@listcount=\count478
\c@bookmark@seq@number=\count479

(/usr/local/texlive/2025/texmf-dist/tex/latex/rerunfilecheck/rerunfilecheck.sty
Package: rerunfilecheck 2022-07-10 v1.10 Rerun checks for auxiliary files (HO)

(/usr/local/texlive/2025/texmf-dist/tex/generic/uniquecounter/uniquecounter.sty
Package: uniquecounter 2019/12/15 v1.4 Provide unlimited unique counter (HO)
)
Package uniquecounter Info: New unique counter `rerunfilecheck' on input line 2
85.
)
\Hy@SectionHShift=\skip92
)
Package hyperref Info: Option `colorlinks' set `true' on input line 144.
 (/usr/local/texlive/2025/texmf-dist/tex/latex/wrapfig/wrapfig.sty
\wrapoverhang=\dimen277
\WF@size=\dimen278
\c@WF@wrappedlines=\count480
\WF@box=\box70
\WF@everypar=\toks45
Package: wrapfig 2003/01/31  v 3.6
)
(/usr/local/texlive/2025/texmf-dist/tex/latex/multirow/multirow.sty
Package: multirow 2024/11/12 v2.9 Span multiple rows of a table
\multirow@colwidth=\skip93
\multirow@cntb=\count481
\multirow@dima=\skip94
\bigstrutjot=\dimen279
)
(/usr/local/texlive/2025/texmf-dist/tex/latex/tools/multicol.sty
Package: multicol 2024/09/14 v1.9i multicolumn formatting (FMi)
\c@tracingmulticols=\count482
\mult@box=\box71
\multicol@leftmargin=\dimen280
\c@unbalance=\count483
\c@collectmore=\count484
\doublecol@number=\count485
\multicoltolerance=\count486
\multicolpretolerance=\count487
\full@width=\dimen281
\page@free=\dimen282
\premulticols=\dimen283
\postmulticols=\dimen284
\multicolsep=\skip95
\multicolbaselineskip=\skip96
\partial@page=\box72
\last@line=\box73
\mc@boxedresult=\box74
\maxbalancingoverflow=\dimen285
\mult@rightbox=\box75
\mult@grightbox=\box76
\mult@firstbox=\box77
\mult@gfirstbox=\box78
\@tempa=\box79
\@tempa=\box80
\@tempa=\box81
\@tempa=\box82
\@tempa=\box83
\@tempa=\box84
\@tempa=\box85
\@tempa=\box86
\@tempa=\box87
\@tempa=\box88
\@tempa=\box89
\@tempa=\box90
\@tempa=\box91
\@tempa=\box92
\@tempa=\box93
\@tempa=\box94
\@tempa=\box95
\@tempa=\box96
\@tempa=\box97
\@tempa=\box98
\@tempa=\box99
\@tempa=\box100
\@tempa=\box101
\@tempa=\box102
\@tempa=\box103
\@tempa=\box104
\@tempa=\box105
\@tempa=\box106
\@tempa=\box107
\@tempa=\box108
\@tempa=\box109
\@tempa=\box110
\@tempa=\box111
\@tempa=\box112
\@tempa=\box113
\@tempa=\box114
\c@minrows=\count488
\c@columnbadness=\count489
\c@finalcolumnbadness=\count490
\last@try=\dimen286
\multicolovershoot=\dimen287
\multicolundershoot=\dimen288
\mult@nat@firstbox=\box115
\colbreak@box=\box116
\mc@col@check@num=\count491
)
(/usr/local/texlive/2025/texmf-dist/tex/latex/tabu/tabu.sty
Package: tabu 2019/01/11 v2.9 - flexible LaTeX tabulars (FC+tabu-fixed)

(/usr/local/texlive/2025/texmf-dist/tex/latex/varwidth/varwidth.sty
Package: varwidth 2009/03/30 ver 0.92;  Variable-width minipages
\@vwid@box=\box117
\sift@deathcycles=\count492
\@vwid@loff=\dimen289
\@vwid@roff=\dimen290
)
\c@taburow=\count493
\tabu@nbcols=\count494
\tabu@cnt=\count495
\tabu@Xcol=\count496
\tabu@alloc=\count497
\tabu@nested=\count498
\tabu@target=\dimen291
\tabu@spreadtarget=\dimen292
\tabu@naturalX=\dimen293
\tabucolX=\dimen294
\tabu@Xsum=\dimen295
\extrarowdepth=\dimen296
\abovetabulinesep=\dimen297
\belowtabulinesep=\dimen298
\tabustrutrule=\dimen299
\tabu@thebody=\toks46
\tabu@footnotes=\toks47
\tabu@box=\box118
\tabu@arstrutbox=\box119
\tabu@hleads=\box120
\tabu@vleads=\box121
\tabu@cellskip=\skip97
)
(/usr/local/texlive/2025/texmf-dist/tex/latex/psnfss/pifont.sty
Package: pifont 2020/03/25 PSNFSS-v9.3 Pi font support (SPQR) 
LaTeX Font Info:    Trying to load font information for U+pzd on input line 63.


(/usr/local/texlive/2025/texmf-dist/tex/latex/psnfss/upzd.fd
File: upzd.fd 2001/06/04 font definitions for U/pzd.
)
LaTeX Font Info:    Trying to load font information for U+psy on input line 64.


(/usr/local/texlive/2025/texmf-dist/tex/latex/psnfss/upsy.fd
File: upsy.fd 2001/06/04 font definitions for U/psy.
))
(/usr/local/texlive/2025/texmf-dist/tex/latex/chngcntr/chngcntr.sty
Package: chngcntr 2018/04/09 v1.1a change counter resetting
Package chngcntr Info: \counterwithout already defined.
(chngcntr)             Quitting chngcntr on input line 21.
)
(/usr/local/texlive/2025/texmf-dist/tex/latex/tools/verbatim.sty
Package: verbatim 2024-01-22 v1.5x LaTeX2e package for verbatim enhancements
\every@verbatim=\toks48
\verbatim@line=\toks49
\verbatim@in@stream=\read5
)
(/usr/local/texlive/2025/texmf-dist/tex/latex/adjustbox/adjustbox.sty
Package: adjustbox 2025/02/26 v1.3c Adjusting TeX boxes (trim, clip, ...)

(/usr/local/texlive/2025/texmf-dist/tex/latex/adjustbox/adjcalc.sty
Package: adjcalc 2012/05/16 v1.1 Provides advanced setlength with multiple back
-ends (calc, etex, pgfmath)
)
(/usr/local/texlive/2025/texmf-dist/tex/latex/adjustbox/trimclip.sty
Package: trimclip 2025/02/21 v1.2a Trim and clip general TeX material

(/usr/local/texlive/2025/texmf-dist/tex/latex/collectbox/collectbox.sty
Package: collectbox 2022/10/17 v0.4c Collect macro arguments as boxes
\collectedbox=\box122
)
\tc@llx=\dimen300
\tc@lly=\dimen301
\tc@urx=\dimen302
\tc@ury=\dimen303
Package trimclip Info: Using driver 'tc-pdftex.def'.

(/usr/local/texlive/2025/texmf-dist/tex/latex/adjustbox/tc-pdftex.def
File: tc-pdftex.def 2025/02/26 v2.3 Clipping driver for pdftex
))
\adjbox@Width=\dimen304
\adjbox@Height=\dimen305
\adjbox@Depth=\dimen306
\adjbox@Totalheight=\dimen307
\adjbox@pwidth=\dimen308
\adjbox@pheight=\dimen309
\adjbox@pdepth=\dimen310
\adjbox@ptotalheight=\dimen311

(/usr/local/texlive/2025/texmf-dist/tex/latex/ifoddpage/ifoddpage.sty
Package: ifoddpage 2022/10/18 v1.2 Conditionals for odd/even page detection
\c@checkoddpage=\count499
))
(/usr/local/texlive/2025/texmf-dist/tex/latex/minted/minted.sty
Package: minted 2025/03/06 v3.6.0 Yet another Pygments shim for LaTeX

(/usr/local/texlive/2025/texmf-dist/tex/generic/catchfile/catchfile.sty
Package: catchfile 2019/12/09 v1.8 Catch the contents of a file (HO)

(/usr/local/texlive/2025/texmf-dist/tex/generic/etexcmds/etexcmds.sty
Package: etexcmds 2019/12/15 v1.7 Avoid name clashes with e-TeX commands (HO)
))
(/usr/local/texlive/2025/texmf-dist/tex/latex/fvextra/fvextra.sty
Package: fvextra 2025/03/04 v1.12.0 fvextra - extensions and patches for fancyv
rb

(/usr/local/texlive/2025/texmf-dist/tex/latex/fancyvrb/fancyvrb.sty
Package: fancyvrb 2024/01/20 4.5c verbatim text (tvz,hv)
\FV@CodeLineNo=\count500
\FV@InFile=\read6
\FV@TabBox=\box123
\c@FancyVerbLine=\count501
\FV@StepNumber=\count502
\FV@OutFile=\write5
)
(/usr/local/texlive/2025/texmf-dist/tex/latex/upquote/upquote.sty
Package: upquote 2012/04/19 v1.3 upright-quote and grave-accent glyphs in verba
tim
)
(/usr/local/texlive/2025/texmf-dist/tex/latex/lineno/lineno.sty
Package: lineno 2025/01/29 line numbers on paragraphs v5.4
\linenopenalty=\count503
\output=\toks50
\linenoprevgraf=\count504
\linenumbersep=\dimen312
\linenumberwidth=\dimen313
\c@linenumber=\count505
\c@pagewiselinenumber=\count506
\c@LN@truepage=\count507
\c@internallinenumber=\count508
\c@internallinenumbers=\count509
\quotelinenumbersep=\dimen314
\bframerule=\dimen315
\bframesep=\dimen316
\bframebox=\box124
LaTeX Info: Redefining \\ on input line 3187.
)
\c@FancyVerbWriteLine=\count510
\c@FancyVerbBufferLine=\count511
\c@FV@TrueTabGroupLevel=\count512
\c@FV@TrueTabCounter=\count513
\FV@TabBox@Group=\box125
\FV@bgcolorstructbox=\box126
\FV@TmpLength=\skip98
\c@FV@HighlightLinesStart=\count514
\c@FV@HighlightLinesStop=\count515
\FV@LoopCount=\count516
\FV@NCharsBox=\box127
\FV@BreakIndent=\dimen317
\FV@BreakIndentNChars=\count517
\FV@BreakSymbolSepLeft=\dimen318
\FV@BreakSymbolSepLeftNChars=\count518
\FV@BreakSymbolSepRight=\dimen319
\FV@BreakSymbolSepRightNChars=\count519
\FV@BreakSymbolIndentLeft=\dimen320
\FV@BreakSymbolIndentLeftNChars=\count520
\FV@BreakSymbolIndentRight=\dimen321
\FV@BreakSymbolIndentRightNChars=\count521
\c@FancyVerbLineBreakLast=\count522
\FV@LineBox=\box128
\FV@LineIndentBox=\box129
\c@FV@BreakBufferDepth=\count523
\FV@LineWidth=\dimen322
)
(/usr/local/texlive/2025/texmf-dist/tex/latex/latex2pydata/latex2pydata.sty
Package: latex2pydata 2025/03/03 v0.5.0 latex2pydata - write data to file in Py
thon literal format
)
(/usr/local/texlive/2025/texmf-dist/tex/latex/pgfopts/pgfopts.sty
Package: pgfopts 2014/07/10 v2.1a LaTeX package options with pgfkeys
\pgfopts@list@add@a@toks=\toks51
\pgfopts@list@add@b@toks=\toks52
)
(/usr/local/texlive/2025/texmf-dist/tex/latex/tools/shellesc.sty
Package: shellesc 2023/07/08 v1.0d unified shell escape interface for LaTeX
Package shellesc Info: Restricted shell escape enabled on input line 77.
)

Package minted Warning: Package option "final" no longer has any effect with mi
nted v3+ on input line 282.

\c@minted@FancyVerbLineTemp=\count524
\@float@every@listing=\toks53
\c@listing=\count525
) (/usr/local/texlive/2025/texmf-dist/tex/latex/booktabs/booktabs.sty
Package: booktabs 2020/01/12 v1.61803398 Publication quality tables
\heavyrulewidth=\dimen323
\lightrulewidth=\dimen324
\cmidrulewidth=\dimen325
\belowrulesep=\dimen326
\belowbottomsep=\dimen327
\aboverulesep=\dimen328
\abovetopsep=\dimen329
\cmidrulesep=\dimen330
\cmidrulekern=\dimen331
\defaultaddspace=\dimen332
\@cmidla=\count526
\@cmidlb=\count527
\@aboverulesep=\dimen333
\@belowrulesep=\dimen334
\@thisruleclass=\count528
\@lastruleclass=\count529
\@thisrulewidth=\dimen335
)
(/usr/local/texlive/2025/texmf-dist/tex/latex/caption/caption.sty
Package: caption 2023/08/05 v3.6o Customizing captions (AR)

(/usr/local/texlive/2025/texmf-dist/tex/latex/caption/caption3.sty
Package: caption3 2023/07/31 v2.4d caption3 kernel (AR)
\caption@tempdima=\dimen336
\captionmargin=\dimen337
\caption@leftmargin=\dimen338
\caption@rightmargin=\dimen339
\caption@width=\dimen340
\caption@indent=\dimen341
\caption@parindent=\dimen342
\caption@hangindent=\dimen343
Package caption Info: Standard document class detected.
)
\c@caption@flags=\count530
\c@continuedfloat=\count531
Package caption Info: float package is loaded.
Package caption Info: hyperref package is loaded.
Package caption Info: listings package is loaded.
Package caption Info: wrapfig package is loaded.
)
(/usr/local/texlive/2025/texmf-dist/tex/latex/threeparttable/threeparttable.sty
Package: threeparttable 2003/06/13  v 3.0
\@tempboxb=\box130
) (/usr/local/texlive/2025/texmf-dist/tex/latex/verbatimbox/verbatimbox.sty
Package: verbatimbox 2023/08/08 v3.2\ Routines for placing verbatim text into b
oxes, useful in places where the verbatim environment is inaccessible. Secondar
ily, for adding vertical buffer around an object.

(/usr/local/texlive/2025/texmf-dist/tex/latex/readarray/readarray.sty
Package: readarray 2021/09/17\ 3.1\ Routines for inputting 2D and 3D array data
 and recalling it on an element-by-element basis.

(/usr/local/texlive/2025/texmf-dist/tex/latex/forloop/forloop.sty
Package: forloop 2023/05/03 v3.0 For Loops for LaTeX
)
(/usr/local/texlive/2025/texmf-dist/tex/generic/listofitems/listofitems.sty
(/usr/local/texlive/2025/texmf-dist/tex/generic/listofitems/listofitems.tex
\loi_cnt_foreach_nest=\count532
\loi_nestcnt=\count533
)
Package: listofitems 2024/03/09 v1.65 Grab items in lists using user-specified 
sep char (CT)
)
\c@@index=\count534
\c@@plane=\count535
\c@@row=\count536
\c@@col=\count537
\c@use@args=\count538
\c@@record=\count539
\c@index@count=\count540
\Arg@toks=\toks54
\@arrayident@toks=\toks55
\rdar@file=\read7
\readarrayendlinechar=\count541

readarray: bounds checking OFF
)
\savedverbbox=\box131
\c@VerbboxLineNo=\count542
\boxtopsep=\dimen344
\boxbottomsep=\dimen345
\ps@tempdima=\dimen346
\ps@tempboxa=\box132
\boxtop@sep=\skip99
\boxbottom@sep=\skip100
) (/usr/local/texlive/2025/texmf-dist/tex/latex/tools/afterpage.sty
Package: afterpage 2023/07/04 v1.08 After-Page Package (DPC)
\AP@output=\toks56
\AP@partial=\box133
\AP@footins=\box134
)
(/usr/local/texlive/2025/texmf-dist/tex/latex/csquotes/csquotes.sty
Package: csquotes 2024-04-04 v5.2o context-sensitive quotations (JAW)
\csq@reset=\count543
\csq@gtype=\count544
\csq@glevel=\count545
\csq@qlevel=\count546
\csq@maxlvl=\count547
\csq@tshold=\count548
\csq@ltx@everypar=\toks57

(/usr/local/texlive/2025/texmf-dist/tex/latex/csquotes/csquotes.def
File: csquotes.def 2024-04-04 v5.2o csquotes generic definitions (JAW)
)
Package csquotes Info: Trying to load configuration file 'csquotes.cfg'...
Package csquotes Info: ... configuration file loaded successfully.

(/usr/local/texlive/2025/texmf-dist/tex/latex/csquotes/csquotes.cfg
File: csquotes.cfg 
))
\FVerbBox=\box135
Package csquotes Info: Checking for multilingual support...
Package csquotes Info: ... found 'babel' package.
Package csquotes Info: Adjusting default style.
Package csquotes Info: Redefining alias 'default' -> 'spanish'.

(./main.aux
LaTeX Info: Redefining \. on input line 13.
LaTeX Info: Redefining \% on input line 13.
)
\openout1 = `main.aux'.

LaTeX Font Info:    Checking defaults for OML/cmm/m/it on input line 251.
LaTeX Font Info:    ... okay on input line 251.
LaTeX Font Info:    Checking defaults for OMS/cmsy/m/n on input line 251.
LaTeX Font Info:    ... okay on input line 251.
LaTeX Font Info:    Checking defaults for OT1/cmr/m/n on input line 251.
LaTeX Font Info:    ... okay on input line 251.
LaTeX Font Info:    Checking defaults for T1/cmr/m/n on input line 251.
LaTeX Font Info:    ... okay on input line 251.
LaTeX Font Info:    Checking defaults for TS1/cmr/m/n on input line 251.
LaTeX Font Info:    ... okay on input line 251.
LaTeX Font Info:    Checking defaults for OMX/cmex/m/n on input line 251.
LaTeX Font Info:    ... okay on input line 251.
LaTeX Font Info:    Checking defaults for U/cmr/m/n on input line 251.
LaTeX Font Info:    ... okay on input line 251.
LaTeX Font Info:    Checking defaults for PD1/pdf/m/n on input line 251.
LaTeX Font Info:    ... okay on input line 251.
LaTeX Font Info:    Checking defaults for PU/pdf/m/n on input line 251.
LaTeX Font Info:    ... okay on input line 251.
LaTeX Info: Redefining \. on input line 251.
LaTeX Info: Redefining \% on input line 251.
Package biblatex Info: Trying to load language 'spanish'...
Package biblatex Info: ... file 'spanish.lbx' found.

(/usr/local/texlive/2025/texmf-dist/tex/latex/biblatex/lbx/spanish.lbx
File: spanish.lbx 2024/03/21 v3.20 biblatex localization (PK/MW)
)
Package biblatex Info: Input encoding 'utf8' detected.
Package biblatex Info: Automatic encoding selection.
(biblatex)             Assuming data encoding 'utf8'.
\openout3 = `main.bcf'.

Package biblatex Info: Trying to load bibliographic data...
Package biblatex Info: ... file 'main.bbl' found.

(./main.bbl)
Package biblatex Info: Reference section=0 on input line 251.
Package biblatex Info: Reference segment=0 on input line 251.

(/usr/local/texlive/2025/texmf-dist/tex/context/base/mkii/supp-pdf.mkii
[Loading MPS to PDF converter (version 2006.09.02).]
\scratchcounter=\count549
\scratchdimen=\dimen347
\scratchbox=\box136
\nofMPsegments=\count550
\nofMParguments=\count551
\everyMPshowfont=\toks58
\MPscratchCnt=\count552
\MPscratchDim=\dimen348
\MPnumerator=\count553
\makeMPintoPDFobject=\count554
\everyMPtoPDFconversion=\toks59
) (/usr/local/texlive/2025/texmf-dist/tex/latex/epstopdf-pkg/epstopdf-base.sty
Package: epstopdf-base 2020-01-24 v2.11 Base part for package epstopdf
Package epstopdf-base Info: Redefining graphics rule for `.eps' on input line 4
85.

(/usr/local/texlive/2025/texmf-dist/tex/latex/latexconfig/epstopdf-sys.cfg
File: epstopdf-sys.cfg 2010/07/13 v1.3 Configuration of (r)epstopdf for TeX Liv
e
))
\c@lstlisting=\count555

*geometry* driver: auto-detecting
*geometry* detected driver: pdftex
*geometry* verbose mode - [ preamble ] result:
* driver: pdftex
* paper: a4paper
* layout: <same size as paper>
* layoutoffset:(h,v)=(0.0pt,0.0pt)
* modes: twoside 
* h-part:(L,W,R)=(71.13188pt, 455.24411pt, 71.13188pt)
* v-part:(T,H,B)=(71.13188pt, 702.78308pt, 71.13188pt)
* \paperwidth=597.50787pt
* \paperheight=845.04684pt
* \textwidth=455.24411pt
* \textheight=702.78308pt
* \oddsidemargin=-1.1381pt
* \evensidemargin=-1.1381pt
* \topmargin=-51.0119pt
* \headheight=30.0pt
* \headsep=19.8738pt
* \topskip=12.0pt
* \footskip=30.0pt
* \marginparwidth=88.0pt
* \marginparsep=7.0pt
* \columnsep=10.0pt
* \skip\footins=10.8pt plus 4.0pt minus 2.0pt
* \hoffset=0.0pt
* \voffset=0.0pt
* \mag=1000
* \@twocolumnfalse
* \@twosidetrue
* \@mparswitchtrue
* \@reversemarginfalse
* (1in=72.27pt=25.4mm, 1cm=28.453pt)

Package hyperref Info: Link coloring ON on input line 251.
(./main.out) (./main.out)
\@outlinefile=\write6
\openout6 = `main.out'.

Package caption Info: Begin \AtBeginDocument code.
Package caption Info: threeparttable package is loaded.
Package caption Info: End \AtBeginDocument code.
<figuras/UCO/topRightCorner.pdf, id=1260, 372.71536pt x 177.29297pt>
File: figuras/UCO/topRightCorner.pdf Graphic file (type pdf)
<use figuras/UCO/topRightCorner.pdf>
Package pdftex.def Info: figuras/UCO/topRightCorner.pdf  used on input line 261
.
(pdftex.def)             Requested size: 358.91168pt x 170.71652pt.
<figuras/UCO/bottomLeftCorner.pdf, id=1261, 373.7158pt x 179.53836pt>
File: figuras/UCO/bottomLeftCorner.pdf Graphic file (type pdf)
<use figuras/UCO/bottomLeftCorner.pdf>
Package pdftex.def Info: figuras/UCO/bottomLeftCorner.pdf  used on input line 2
64.
(pdftex.def)             Requested size: 355.36444pt x 170.71652pt.
<figuras/UCO/uco_debajo.pdf, id=1262, 112.27277pt x 64.74771pt>
File: figuras/UCO/uco_debajo.pdf Graphic file (type pdf)
<use figuras/UCO/uco_debajo.pdf>
Package pdftex.def Info: figuras/UCO/uco_debajo.pdf  used on input line 266.
(pdftex.def)             Requested size: 98.67528pt x 56.9055pt.
<figuras/UCO/emblema-ing-informatica.pdf, id=1263, 75.72227pt x 63.87949pt>
File: figuras/UCO/emblema-ing-informatica.pdf Graphic file (type pdf)
<use figuras/UCO/emblema-ing-informatica.pdf>
Package pdftex.def Info: figuras/UCO/emblema-ing-informatica.pdf  used on input
 line 269.
(pdftex.def)             Requested size: 67.45499pt x 56.9055pt.
LaTeX Font Info:    Trying to load font information for T1+fvs on input line 27
7.

(/usr/local/texlive/2025/texmf-dist/tex/latex/bera/t1fvs.fd
File: t1fvs.fd 2004/09/07 scalable font definitions for T1/fvs.
)
LaTeX Font Info:    Font shape `T1/fvs/m/n' will be
(Font)              scaled to size 10.79993pt on input line 277.
<figuras/UCO/LogotipoEPSC.pdf, id=1264, 634.5805pt x 190.81488pt>
File: figuras/UCO/LogotipoEPSC.pdf Graphic file (type pdf)
<use figuras/UCO/LogotipoEPSC.pdf>
Package pdftex.def Info: figuras/UCO/LogotipoEPSC.pdf  used on input line 282.
(pdftex.def)             Requested size: 355.65944pt x 106.94585pt.
LaTeX Font Info:    Font shape `T1/fvs/m/n' will be
(Font)              scaled to size 12.9599pt on input line 286.
LaTeX Font Info:    Font shape `T1/fvs/b/n' will be
(Font)              scaled to size 12.9599pt on input line 288.
LaTeX Font Info:    Font shape `T1/fvs/m/n' will be
(Font)              scaled to size 15.55188pt on input line 291.
LaTeX Font Info:    Font shape `T1/fvs/b/n' will be
(Font)              scaled to size 15.55188pt on input line 293.
LaTeX Font Info:    Font shape `T1/fvs/m/n' will be
(Font)              scaled to size 22.39185pt on input line 297.
LaTeX Font Info:    Font shape `T1/fvs/b/n' will be
(Font)              scaled to size 22.39185pt on input line 299.


[1


{/usr/local/texlive/2025/texmf-var/fonts/map/pdftex/updmap/pdftex.map}{/usr/loc
al/texlive/2025/texmf-dist/fonts/enc/dvips/base/8r.enc} <./figuras/UCO/topRight
Corner.pdf> <./figuras/UCO/bottomLeftCorner.pdf

pdfTeX warning: pdflatex (file ./figuras/UCO/bottomLeftCorner.pdf): PDF inclusi
on: multiple pdfs with page group included in a single page
> <./figuras/UCO/uco_debajo.pdf

pdfTeX warning: pdflatex (file ./figuras/UCO/uco_debajo.pdf): PDF inclusion: mu
ltiple pdfs with page group included in a single page
> <./figuras/UCO/emblema-ing-informatica.pdf

pdfTeX warning: pdflatex (file ./figuras/UCO/emblema-ing-informatica.pdf): PDF 
inclusion: multiple pdfs with page group included in a single page
> <./figuras/UCO/LogotipoEPSC.pdf

pdfTeX warning: pdflatex (file ./figuras/UCO/LogotipoEPSC.pdf): PDF inclusion: 
multiple pdfs with page group included in a single page
>]

[2

] (./main.toc
LaTeX Info: Redefining \sptext on input line 1.
LaTeX Info: Redefining \. on input line 1.
LaTeX Info: Redefining \% on input line 1.
LaTeX Font Info:    External font `cmex10' loaded for size
(Font)              <12> on input line 3.
LaTeX Font Info:    External font `cmex10' loaded for size
(Font)              <8> on input line 3.
LaTeX Font Info:    External font `cmex10' loaded for size
(Font)              <6> on input line 3.



pdfTeX warning (ext4): destination with the same identifier (name{page.I}) has 
been already used, duplicate ignored
<to be read again> 
                   \relax 
l.26 ...e {2.3.2}JavaFX SDK}{10}{subsection.2.3.2}
                                                  % [1

{/usr/local/texlive/2025/texmf-dist/fonts/enc/dvips/cm-super/cm-super-t1.enc}]

LaTeX Info: Redefining \sptext on input line 56.
LaTeX Info: Redefining \. on input line 56.
LaTeX Info: Redefining \% on input line 56.

pdfTeX warning (ext4): destination with the same identifier (name{page.II}) has
 been already used, duplicate ignored
<to be read again> 
                   \relax 
l.56 ...e conjuntos PRIMERO}{21}{subsection.3.4.1}
                                                  % [2]

LaTeX Info: Redefining \sptext on input line 87.
LaTeX Info: Redefining \. on input line 87.
LaTeX Info: Redefining \% on input line 87.
[3]

LaTeX Info: Redefining \sptext on input line 119.
LaTeX Info: Redefining \. on input line 119.
LaTeX Info: Redefining \% on input line 119.
[4]

LaTeX Info: Redefining \sptext on input line 151.
LaTeX Info: Redefining \. on input line 151.
LaTeX Info: Redefining \% on input line 151.
[5]

LaTeX Info: Redefining \sptext on input line 182.
LaTeX Info: Redefining \. on input line 182.
LaTeX Info: Redefining \% on input line 182.
[6]

LaTeX Info: Redefining \sptext on input line 213.
LaTeX Info: Redefining \. on input line 213.
LaTeX Info: Redefining \% on input line 213.
[7]

LaTeX Info: Redefining \sptext on input line 244.
LaTeX Info: Redefining \. on input line 244.
LaTeX Info: Redefining \% on input line 244.
[8]

LaTeX Info: Redefining \sptext on input line 275.
LaTeX Info: Redefining \. on input line 275.
LaTeX Info: Redefining \% on input line 275.
[9]

LaTeX Info: Redefining \sptext on input line 307.
LaTeX Info: Redefining \. on input line 307.
LaTeX Info: Redefining \% on input line 307.
[10])
\tf@toc=\write7
\openout7 = `main.toc'.



LaTeX Info: Redefining \. on input line 338.
LaTeX Info: Redefining \% on input line 338.
[11]

[12

] (./main.lof
LaTeX Info: Redefining \sptext on input line 1.
LaTeX Info: Redefining \. on input line 1.
LaTeX Info: Redefining \% on input line 1.
)
\tf@lof=\write8
\openout8 = `main.lof'.



[13]

LaTeX Info: Redefining \. on input line 344.
LaTeX Info: Redefining \% on input line 344.
[14] (./capitulos/01_Introduccion.tex
Cap\'{\i }tulo 1.

Underfull \vbox (badness 1077) has occurred while \output is active []



[1


]

LaTeX Info: Redefining \. on input line 66.
LaTeX Info: Redefining \% on input line 66.
[2]

LaTeX Info: Redefining \. on input line 108.
LaTeX Info: Redefining \% on input line 108.
[3])

LaTeX Info: Redefining \. on input line 349.
LaTeX Info: Redefining \% on input line 349.
[4]

LaTeX Info: Redefining \. on input line 349.
LaTeX Info: Redefining \% on input line 349.
[5]

[6

]

[7]

[8] (./capitulos/02_Recursos_y_requisitos.tex
Cap\'{\i }tulo 2.


[9

]

LaTeX Info: Redefining \. on input line 96.
LaTeX Info: Redefining \% on input line 96.
[10{/usr/local/texlive/2025/texmf-dist/fonts/enc/dvips/cm-super/cm-super-ts1.en
c}]
LaTeX Font Info:    Font shape `T1/cmtt/bx/n' in size <12> not available
(Font)              Font shape `T1/cmtt/m/n' tried instead on input line 125.


LaTeX Info: Redefining \. on input line 129.
LaTeX Info: Redefining \% on input line 129.
[11]

LaTeX Info: Redefining \. on input line 184.
LaTeX Info: Redefining \% on input line 184.
[12])

LaTeX Info: Redefining \. on input line 351.
LaTeX Info: Redefining \% on input line 351.
[13]

[14

]

[15]

[16] (./capitulos/03_Codigo_de_aplicacion.tex
Cap\'{\i }tulo 3.

Overfull \hbox (11.98601pt too wide) in paragraph at lines 19--20
[]\T1/cmr/bx/n/12 Ubicacin en el re-po-si-to-rio: [][]$\T1/cmtt/m/n/12 https :
 / / github . com / Llamatekee / SimAS-[]3 . 0 / blob /
 []



[17

]
Overfull \hbox (11.98601pt too wide) in paragraph at lines 41--42
[]\T1/cmr/bx/n/12 Ubicacin en el re-po-si-to-rio: [][]$\T1/cmtt/m/n/12 https :
 / / github . com / Llamatekee / SimAS-[]3 . 0 / blob /
 []



LaTeX Info: Redefining \. on input line 69.
LaTeX Info: Redefining \% on input line 69.
[18]
Overfull \hbox (11.98601pt too wide) in paragraph at lines 75--76
[]\T1/cmr/bx/n/12 Ubicacin en el re-po-si-to-rio: [][]$\T1/cmtt/m/n/12 https :
 / / github . com / Llamatekee / SimAS-[]3 . 0 / blob /
 []



LaTeX Info: Redefining \. on input line 105.
LaTeX Info: Redefining \% on input line 105.
[19]
Overfull \hbox (33.34892pt too wide) in paragraph at lines 105--106
[]\T1/cmr/bx/n/12 Ubicacin: [][]$\T1/cmtt/m/n/12 https : / / github . com / Ll
amatekee / SimAS-[]3 . 0 / blob / main / src / gramatica /
 []


Overfull \hbox (33.34892pt too wide) in paragraph at lines 119--120
[]\T1/cmr/bx/n/12 Ubicacin: [][]$\T1/cmtt/m/n/12 https : / / github . com / Ll
amatekee / SimAS-[]3 . 0 / blob / main / src / gramatica /
 []


Overfull \hbox (33.34892pt too wide) in paragraph at lines 133--134
[]\T1/cmr/bx/n/12 Ubicacin: [][]$\T1/cmtt/m/n/12 https : / / github . com / Ll
amatekee / SimAS-[]3 . 0 / blob / main / src / gramatica /
 []



LaTeX Info: Redefining \. on input line 148.
LaTeX Info: Redefining \% on input line 148.
[20]
Overfull \hbox (33.34892pt too wide) in paragraph at lines 149--150
[]\T1/cmr/bx/n/12 Ubicacin: [][]$\T1/cmtt/m/n/12 https : / / github . com / Ll
amatekee / SimAS-[]3 . 0 / blob / main / src / gramatica /
 []


Overfull \hbox (33.34892pt too wide) in paragraph at lines 169--170
[]\T1/cmr/bx/n/12 Ubicacin: [][]$\T1/cmtt/m/n/12 https : / / github . com / Ll
amatekee / SimAS-[]3 . 0 / blob / main / src / gramatica /
 []



LaTeX Info: Redefining \. on input line 189.
LaTeX Info: Redefining \% on input line 189.
[21]
Overfull \hbox (11.98601pt too wide) in paragraph at lines 198--199
[]\T1/cmr/bx/n/12 Ubicacin en el re-po-si-to-rio: [][]$\T1/cmtt/m/n/12 https :
 / / github . com / Llamatekee / SimAS-[]3 . 0 / blob /
 []


Overfull \hbox (11.98601pt too wide) in paragraph at lines 213--214
[]\T1/cmr/bx/n/12 Ubicacin en el re-po-si-to-rio: [][]$\T1/cmtt/m/n/12 https :
 / / github . com / Llamatekee / SimAS-[]3 . 0 / blob /
 []



LaTeX Info: Redefining \. on input line 224.
LaTeX Info: Redefining \% on input line 224.
[22]
Overfull \hbox (11.98601pt too wide) in paragraph at lines 256--257
[]\T1/cmr/bx/n/12 Ubicacin en el re-po-si-to-rio: [][]$\T1/cmtt/m/n/12 https :
 / / github . com / Llamatekee / SimAS-[]3 . 0 / blob /
 []



LaTeX Info: Redefining \. on input line 266.
LaTeX Info: Redefining \% on input line 266.
[23]
Overfull \hbox (11.98601pt too wide) in paragraph at lines 281--282
[]\T1/cmr/bx/n/12 Ubicacin en el re-po-si-to-rio: [][]$\T1/cmtt/m/n/12 https :
 / / github . com / Llamatekee / SimAS-[]3 . 0 / blob /
 []



LaTeX Info: Redefining \. on input line 304.
LaTeX Info: Redefining \% on input line 304.
[24]
Overfull \hbox (11.98601pt too wide) in paragraph at lines 304--305
[]\T1/cmr/bx/n/12 Ubicacin en el re-po-si-to-rio: [][]$\T1/cmtt/m/n/12 https :
 / / github . com / Llamatekee / SimAS-[]3 . 0 / blob /
 []


Overfull \hbox (11.98601pt too wide) in paragraph at lines 323--324
[]\T1/cmr/bx/n/12 Ubicacin en el re-po-si-to-rio: [][]$\T1/cmtt/m/n/12 https :
 / / github . com / Llamatekee / SimAS-[]3 . 0 / blob /
 []


Overfull \hbox (24.05954pt too wide) in paragraph at lines 337--338
[]\T1/cmr/m/n/12 La apli-ca-cin im-ple-men-ta cla-ra-men-te el pa-trn ar-qui-
tec-t-ni-co Modelo-Vista-Controlador: 
 []



LaTeX Info: Redefining \. on input line 342.
LaTeX Info: Redefining \% on input line 342.
[25]
Overfull \hbox (37.16043pt too wide) in paragraph at lines 345--346
[]\T1/cmr/bx/n/12 Referencia: [][]$\T1/cmtt/m/n/12 https : / / github . com / L
lamatekee / SimAS-[]3 . 0 / blob / main / src / gramatica /
 []


Overfull \hbox (12.46646pt too wide) in paragraph at lines 367--368
[]\T1/cmr/bx/n/12 Referencia: [][]$\T1/cmtt/m/n/12 https : / / github . com / L
lamatekee / SimAS-[]3 . 0 / blob / main / src / utils /
 []



LaTeX Info: Redefining \. on input line 385.
LaTeX Info: Redefining \% on input line 385.
[26]
Overfull \hbox (37.16043pt too wide) in paragraph at lines 412--413
[]\T1/cmr/bx/n/12 Referencia: [][]$\T1/cmtt/m/n/12 https : / / github . com / L
lamatekee / SimAS-[]3 . 0 / blob / main / src / gramatica /
 []



LaTeX Info: Redefining \. on input line 429.
LaTeX Info: Redefining \% on input line 429.
[27]) (./capitulos/04_Documentacion_paquetes.tex

LaTeX Info: Redefining \. on input line 1.
LaTeX Info: Redefining \% on input line 1.
[28]
Cap\'{\i }tulo 4.


[29

]
Overfull \hbox (11.98601pt too wide) in paragraph at lines 36--37
[]\T1/cmr/bx/n/12 Ubicacin en el re-po-si-to-rio: [][]$\T1/cmtt/m/n/12 https :
 / / github . com / Llamatekee / SimAS-[]3 . 0 / tree /
 []


Overfull \hbox (39.52242pt too wide) in paragraph at lines 52--53
[]\T1/cmr/bx/n/12 Ubicacin: [][]$\T1/cmtt/m/n/12 https : / / github . com / Ll
amatekee / SimAS-[]3 . 0 / blob / main / src / bienvenida /
 []



LaTeX Info: Redefining \. on input line 66.
LaTeX Info: Redefining \% on input line 66.
[30]
Overfull \hbox (39.52242pt too wide) in paragraph at lines 76--77
[]\T1/cmr/bx/n/12 Ubicacin: [][]$\T1/cmtt/m/n/12 https : / / github . com / Ll
amatekee / SimAS-[]3 . 0 / blob / main / src / bienvenida /
 []



LaTeX Info: Redefining \. on input line 113.
LaTeX Info: Redefining \% on input line 113.
[31]
Overfull \hbox (11.98601pt too wide) in paragraph at lines 131--132
[]\T1/cmr/bx/n/12 Ubicacin en el re-po-si-to-rio: [][]$\T1/cmtt/m/n/12 https :
 / / github . com / Llamatekee / SimAS-[]3 . 0 / tree /
 []


Overfull \hbox (14.82845pt too wide) in paragraph at lines 148--149
[]\T1/cmr/bx/n/12 Ubicacin: [][]$\T1/cmtt/m/n/12 https : / / github . com / Ll
amatekee / SimAS-[]3 . 0 / blob / main / src / editor /
 []



LaTeX Info: Redefining \. on input line 155.
LaTeX Info: Redefining \% on input line 155.
[32]

LaTeX Info: Redefining \. on input line 204.
LaTeX Info: Redefining \% on input line 204.
[33]

LaTeX Info: Redefining \. on input line 240.
LaTeX Info: Redefining \% on input line 240.
[34]

LaTeX Info: Redefining \. on input line 285.
LaTeX Info: Redefining \% on input line 285.
[35]

LaTeX Info: Redefining \. on input line 323.
LaTeX Info: Redefining \% on input line 323.
[36]

LaTeX Info: Redefining \. on input line 362.
LaTeX Info: Redefining \% on input line 362.
[37]

LaTeX Info: Redefining \. on input line 403.
LaTeX Info: Redefining \% on input line 403.
[38]

LaTeX Info: Redefining \. on input line 448.
LaTeX Info: Redefining \% on input line 448.
[39]

LaTeX Info: Redefining \. on input line 516.
LaTeX Info: Redefining \% on input line 516.
[40]
Overfull \hbox (8.8284pt too wide) in paragraph at lines 549--550
[]\T1/cmr/bx/n/12 Recursos del sis-te-ma\T1/cmr/m/n/12 : [][]$\T1/cmtt/m/n/12 h
ttps : / / github . com / Llamatekee / SimAS-[]3 . 0 / tree / main /
 []


Overfull \hbox (4.70857pt too wide) in paragraph at lines 550--551
[]\T1/cmr/bx/n/12 Archivos de in-ter-faz\T1/cmr/m/n/12 : [][]$\T1/cmtt/m/n/12 h
ttps : / / github . com / Llamatekee / SimAS-[]3 . 0 / tree / main /
 []

) (./capitulos/05_Sistema_internacionalizacion.tex

LaTeX Info: Redefining \. on input line 1.
LaTeX Info: Redefining \% on input line 1.
[41]

LaTeX Info: Redefining \. on input line 1.
LaTeX Info: Redefining \% on input line 1.
[42]
Cap\'{\i }tulo 5.

Overfull \hbox (11.98601pt too wide) in paragraph at lines 7--8
[]\T1/cmr/bx/n/12 Ubicacin en el re-po-si-to-rio: [][]$\T1/cmtt/m/n/12 https :
 / / github . com / Llamatekee / SimAS-[]3 . 0 / tree /
 []



[43

]
Overfull \hbox (11.98601pt too wide) in paragraph at lines 65--66
[]\T1/cmr/bx/n/12 Ubicacin en el re-po-si-to-rio: [][]$\T1/cmtt/m/n/12 https :
 / / github . com / Llamatekee / SimAS-[]3 . 0 / blob /
 []



LaTeX Info: Redefining \. on input line 82.
LaTeX Info: Redefining \% on input line 82.
[44]
Overfull \hbox (11.98601pt too wide) in paragraph at lines 82--83
[]\T1/cmr/bx/n/12 Ubicacin en el re-po-si-to-rio: [][]$\T1/cmtt/m/n/12 https :
 / / github . com / Llamatekee / SimAS-[]3 . 0 / blob /
 []


Overfull \hbox (8.65495pt too wide) in paragraph at lines 99--100
[]\T1/cmr/bx/n/12 Ubicacin: [][]$\T1/cmtt/m/n/12 https : / / github . com / Ll
amatekee / SimAS-[]3 . 0 / blob / main / src / utils /
 []


Overfull \hbox (15.5865pt too wide) in paragraph at lines 118--119
[]\T1/cmr/bx/n/12 Idioma ba-se (es-pa-ol)\T1/cmr/m/n/12 : [][]$\T1/cmtt/m/n/12
 https : / / github . com / Llamatekee / SimAS-[]3 . 0 / blob / main /
 []


Overfull \hbox (40.9831pt too wide) in paragraph at lines 119--120
[]\T1/cmr/bx/n/12 Ingls\T1/cmr/m/n/12 : [][]$\T1/cmtt/m/n/12 https : / / githu
b . com / Llamatekee / SimAS-[]3 . 0 / blob / main / src / utils / messages _
 []



LaTeX Info: Redefining \. on input line 120.
LaTeX Info: Redefining \% on input line 120.
[45]
Overfull \hbox (50.89038pt too wide) in paragraph at lines 121--122
[]\T1/cmr/bx/n/12 Francs\T1/cmr/m/n/12 : [][]$\T1/cmtt/m/n/12 https : / / gith
ub . com / Llamatekee / SimAS-[]3 . 0 / blob / main / src / utils / messages _
 []


Overfull \hbox (10.49884pt too wide) in paragraph at lines 123--124
[]\T1/cmr/bx/n/12 Portugus\T1/cmr/m/n/12 : [][]$\T1/cmtt/m/n/12 https : / / gi
thub . com / Llamatekee / SimAS-[]3 . 0 / blob / main / src / utils /
 []

Package hyperref Info: bookmark level for unknown lstlisting defaults to 0 on i
nput line 151.


LaTeX Info: Redefining \. on input line 160.
LaTeX Info: Redefining \% on input line 160.
[46]

LaTeX Info: Redefining \. on input line 202.
LaTeX Info: Redefining \% on input line 202.
[47]

LaTeX Info: Redefining \. on input line 252.
LaTeX Info: Redefining \% on input line 252.
[48]

LaTeX Info: Redefining \. on input line 296.
LaTeX Info: Redefining \% on input line 296.
[49]

LaTeX Info: Redefining \. on input line 337.
LaTeX Info: Redefining \% on input line 337.
[50]
Overfull \hbox (13.89662pt too wide) in paragraph at lines 353--354
[]\T1/cmr/bx/n/12 Recursos gr-fi-cos\T1/cmr/m/n/12 : [][]$\T1/cmtt/m/n/12 http
s : / / github . com / Llamatekee / SimAS-[]3 . 0 / tree / main / src /
 []

) (./capitulos/06_Compilacion_despliegue.tex

LaTeX Info: Redefining \. on input line 1.
LaTeX Info: Redefining \% on input line 1.
[51]

[52

]
Cap\'{\i }tulo 6.

Overfull \hbox (11.98601pt too wide) in paragraph at lines 13--14
[]\T1/cmr/bx/n/12 Ubicacin en el re-po-si-to-rio: [][]$\T1/cmtt/m/n/12 https :
 / / github . com / Llamatekee / SimAS-[]3 . 0 / tree /
 []



[53]

LaTeX Info: Redefining \. on input line 73.
LaTeX Info: Redefining \% on input line 73.
[54]
Overfull \hbox (2.48146pt too wide) in paragraph at lines 79--80
[]\T1/cmr/bx/n/12 Ubicacin: [][]$\T1/cmtt/m/n/12 https : / / github . com / Ll
amatekee / SimAS-[]3 . 0 / blob / main / build . bat$[][] 
 []


Overfull \hbox (83.73686pt too wide) in paragraph at lines 94--95
[]\T1/cmr/bx/n/12 Ubicacin: [][]$\T1/cmtt/m/n/12 https : / / github . com / Ll
amatekee / SimAS-[]3 . 0 / blob / main / create-[]standalone-[]app .
 []



LaTeX Info: Redefining \. on input line 115.
LaTeX Info: Redefining \% on input line 115.
[55]

LaTeX Info: Redefining \. on input line 164.
LaTeX Info: Redefining \% on input line 164.
[56]

LaTeX Info: Redefining \. on input line 211.
LaTeX Info: Redefining \% on input line 211.
[57]
Overfull \hbox (39.52242pt too wide) in paragraph at lines 250--251
[]\T1/cmr/bx/n/12 Ubicacin: [][]$\T1/cmtt/m/n/12 https : / / github . com / Ll
amatekee / SimAS-[]3 . 0 / blob / main / build / MANIFEST .
 []



LaTeX Info: Redefining \. on input line 256.
LaTeX Info: Redefining \% on input line 256.
[58]

LaTeX Info: Redefining \. on input line 300.
LaTeX Info: Redefining \% on input line 300.
[59]
Overfull \hbox (101.0689pt too wide) in paragraph at lines 317--319
[]\T1/cmr/bx/n/12 Causa: \T1/cmr/m/n/12 scripts sin per-mi-sos de eje-cu-cin. 
\T1/cmr/bx/n/12 So-lu-cin: \T1/cmtt/m/n/12 chmod +x build.sh create-standalone
-app.sh\T1/cmr/m/n/12 . 
 []



LaTeX Info: Redefining \. on input line 344.
LaTeX Info: Redefining \% on input line 344.
[60]

LaTeX Info: Redefining \. on input line 386.
LaTeX Info: Redefining \% on input line 386.
[61]
Overfull \hbox (18.05115pt too wide) in paragraph at lines 400--401
[]\T1/cmr/bx/n/12 Ejecutables ge-ne-ra-dos: [][]$\T1/cmtt/m/n/12 https : / / gi
thub . com / Llamatekee / SimAS-[]3 . 0 / tree / main /
 []



LaTeX Info: Redefining \. on input line 425.
LaTeX Info: Redefining \% on input line 425.
[62]) (./capitulos/07_Estructura_repositorio.tex

LaTeX Info: Redefining \. on input line 1.
LaTeX Info: Redefining \% on input line 1.
[63]

[64

]
Cap\'{\i }tulo 7.


[65]

LaTeX Info: Redefining \. on input line 79.
LaTeX Info: Redefining \% on input line 79.
[66]
Underfull \vbox (badness 10000) has occurred while \output is active []



LaTeX Info: Redefining \. on input line 131.
LaTeX Info: Redefining \% on input line 131.
[67]
Overfull \hbox (33.34892pt too wide) in paragraph at lines 141--142
[]\T1/cmr/bx/n/12 Ubicacin: [][]$\T1/cmtt/m/n/12 https : / / github . com / Ll
amatekee / SimAS-[]3 . 0 / tree / main / src / bienvenida$[][] 
 []


Overfull \hbox (8.65495pt too wide) in paragraph at lines 155--156
[]\T1/cmr/bx/n/12 Ubicacin: [][]$\T1/cmtt/m/n/12 https : / / github . com / Ll
amatekee / SimAS-[]3 . 0 / tree / main / src / editor$[][] 
 []


Overfull \hbox (27.17543pt too wide) in paragraph at lines 170--171
[]\T1/cmr/bx/n/12 Ubicacin: [][]$\T1/cmtt/m/n/12 https : / / github . com / Ll
amatekee / SimAS-[]3 . 0 / tree / main / src / gramatica$[][] 
 []



LaTeX Info: Redefining \. on input line 178.
LaTeX Info: Redefining \% on input line 178.
[68]
Overfull \hbox (27.17543pt too wide) in paragraph at lines 185--186
[]\T1/cmr/bx/n/12 Ubicacin: [][]$\T1/cmtt/m/n/12 https : / / github . com / Ll
amatekee / SimAS-[]3 . 0 / tree / main / src / simulador$[][] 
 []


Overfull \hbox (2.48146pt too wide) in paragraph at lines 200--201
[]\T1/cmr/bx/n/12 Ubicacin: [][]$\T1/cmtt/m/n/12 https : / / github . com / Ll
amatekee / SimAS-[]3 . 0 / tree / main / src / utils$[][] 
 []


Overfull \hbox (27.17543pt too wide) in paragraph at lines 218--219
[]\T1/cmr/bx/n/12 Ubicacin: [][]$\T1/cmtt/m/n/12 https : / / github . com / Ll
amatekee / SimAS-[]3 . 0 / tree / main / src / resources$[][] 
 []



LaTeX Info: Redefining \. on input line 223.
LaTeX Info: Redefining \% on input line 223.
[69]
Overfull \hbox (8.65495pt too wide) in paragraph at lines 230--231
[]\T1/cmr/bx/n/12 Ubicacin: [][]$\T1/cmtt/m/n/12 https : / / github . com / Ll
amatekee / SimAS-[]3 . 0 / tree / main / src / vistas$[][] 
 []



LaTeX Info: Redefining \. on input line 266.
LaTeX Info: Redefining \% on input line 266.
[70]
Overfull \hbox (10.05579pt too wide) in paragraph at lines 291--292
[]\T1/cmr/m/n/12 Clonar el re-po-si-to-rio: \T1/cmtt/m/n/12 git clone https://g
ithub.com/Llamatekee/SimAS-3.0.git 
 []



LaTeX Info: Redefining \. on input line 305.
LaTeX Info: Redefining \% on input line 305.
[71]) (./capitulos/08_Convenciones_mejores_practicas.tex

LaTeX Info: Redefining \. on input line 1.
LaTeX Info: Redefining \% on input line 1.
[72]
Cap\'{\i }tulo 8.


[73

]

LaTeX Info: Redefining \. on input line 85.
LaTeX Info: Redefining \% on input line 85.
[74]

LaTeX Info: Redefining \. on input line 130.
LaTeX Info: Redefining \% on input line 130.
[75]
Overfull \hbox (39.52242pt too wide) in paragraph at lines 151--152
[]\T1/cmr/bx/n/12 Ubicacin: [][]$\T1/cmtt/m/n/12 https : / / github . com / Ll
amatekee / SimAS-[]3 . 0 / blob / main / src / bienvenida /
 []



LaTeX Info: Redefining \. on input line 165.
LaTeX Info: Redefining \% on input line 165.
[76]
Overfull \hbox (8.65495pt too wide) in paragraph at lines 169--170
[]\T1/cmr/bx/n/12 Ubicacin: [][]$\T1/cmtt/m/n/12 https : / / github . com / Ll
amatekee / SimAS-[]3 . 0 / blob / main / src / utils /
 []



LaTeX Info: Redefining \. on input line 200.
LaTeX Info: Redefining \% on input line 200.
[77]
Overfull \hbox (39.52242pt too wide) in paragraph at lines 206--207
[]\T1/cmr/bx/n/12 Ubicacin: [][]$\T1/cmtt/m/n/12 https : / / github . com / Ll
amatekee / SimAS-[]3 . 0 / blob / main / src / bienvenida /
 []


Overfull \hbox (33.34892pt too wide) in paragraph at lines 225--226
[]\T1/cmr/bx/n/12 Ubicacin: [][]$\T1/cmtt/m/n/12 https : / / github . com / Ll
amatekee / SimAS-[]3 . 0 / blob / main / src / gramatica /
 []



LaTeX Info: Redefining \. on input line 234.
LaTeX Info: Redefining \% on input line 234.
[78]
Overfull \hbox (8.65495pt too wide) in paragraph at lines 246--247
[]\T1/cmr/bx/n/12 Ubicacin: [][]$\T1/cmtt/m/n/12 https : / / github . com / Ll
amatekee / SimAS-[]3 . 0 / blob / main / src / utils /
 []



LaTeX Info: Redefining \. on input line 261.
LaTeX Info: Redefining \% on input line 261.
[79]

LaTeX Info: Redefining \. on input line 294.
LaTeX Info: Redefining \% on input line 294.
[80]
Overfull \hbox (14.82845pt too wide) in paragraph at lines 316--317
[]\T1/cmr/bx/n/12 Ubicacin: [][]$\T1/cmtt/m/n/12 https : / / github . com / Ll
amatekee / SimAS-[]3 . 0 / blob / main / src / editor /
 []



LaTeX Info: Redefining \. on input line 328.
LaTeX Info: Redefining \% on input line 328.
[81]

LaTeX Info: Redefining \. on input line 375.
LaTeX Info: Redefining \% on input line 375.
[82]

LaTeX Info: Redefining \. on input line 424.
LaTeX Info: Redefining \% on input line 424.
[83]

LaTeX Info: Redefining \. on input line 469.
LaTeX Info: Redefining \% on input line 469.
[84]

LaTeX Info: Redefining \. on input line 516.
LaTeX Info: Redefining \% on input line 516.
[85])

LaTeX Info: Redefining \. on input line 364.
LaTeX Info: Redefining \% on input line 364.
[86]

[87

]
runsystem(latexminted cleantemp  --timestamp 20250910121559 FAD58DE7366495DB465
0CFEFAC2FCD61)...executed safely (allowed).

 (./main.aux
LaTeX Info: Redefining \sptext on input line 13.
LaTeX Info: Redefining \. on input line 13.
LaTeX Info: Redefining \% on input line 13.
)
 ***********
LaTeX2e <2024-11-01> patch level 2
L3 programming layer <2025-01-18>
 ***********
Package rerunfilecheck Info: File `main.out' has not changed.
(rerunfilecheck)             Checksum: EB429CBAE01D40B642588BF34573BBB8;56223.
Package logreq Info: Writing requests to 'main.run.xml'.
\openout1 = `main.run.xml'.

 ) 
Here is how much of TeX's memory you used:
 41416 strings out of 473190
 806052 string characters out of 5715801
 2138682 words of memory out of 5000000
 63268 multiletter control sequences out of 15000+600000
 601099 words of font info for 74 fonts, out of 8000000 for 9000
 1141 hyphenation exceptions out of 8191
 102i,12n,117p,1197b,2371s stack positions out of 10000i,1000n,20000p,200000b,200000s
</usr/local/texlive/2025/texmf-dist/fonts/type1/public/amsfonts/cm/cmmi12.pfb
></usr/local/texlive/2025/texmf-dist/fonts/type1/public/amsfonts/cm/cmsy10.pfb>
</usr/local/texlive/2025/texmf-dist/fonts/type1/public/bera/fvsb8a.pfb></usr/lo
cal/texlive/2025/texmf-dist/fonts/type1/public/bera/fvsr8a.pfb></usr/local/texl
ive/2025/texmf-dist/fonts/type1/public/cm-super/sfbx1200.pfb></usr/local/texliv
e/2025/texmf-dist/fonts/type1/public/cm-super/sfbx1440.pfb></usr/local/texlive/
2025/texmf-dist/fonts/type1/public/cm-super/sfbx1728.pfb></usr/local/texlive/20
25/texmf-dist/fonts/type1/public/cm-super/sfbx2488.pfb></usr/local/texlive/2025
/texmf-dist/fonts/type1/public/cm-super/sfcc1200.pfb></usr/local/texlive/2025/t
exmf-dist/fonts/type1/public/cm-super/sfrm0800.pfb></usr/local/texlive/2025/tex
mf-dist/fonts/type1/public/cm-super/sfrm1000.pfb></usr/local/texlive/2025/texmf
-dist/fonts/type1/public/cm-super/sfrm1200.pfb></usr/local/texlive/2025/texmf-d
ist/fonts/type1/public/cm-super/sfti1200.pfb></usr/local/texlive/2025/texmf-dis
t/fonts/type1/public/cm-super/sftt1000.pfb></usr/local/texlive/2025/texmf-dist/
fonts/type1/public/cm-super/sftt1200.pfb>
Output written on main.pdf (103 pages, 554110 bytes).
PDF statistics:
 2795 PDF objects out of 2984 (max. 8388607)
 2616 compressed objects within 27 object streams
 763 named destinations out of 1000 (max. 500000)
 2534 words of extra memory for PDF output out of 10000 (max. 10000000)

