\BOOKMARK [0][-]{chapter.1}{\376\377\000I\000n\000t\000r\000o\000d\000u\000c\000c\000i\000\363\000n}{}% 1
\BOOKMARK [1][-]{section.1.1}{\376\377\000P\000r\000o\000p\000\363\000s\000i\000t\000o\000\040\000d\000e\000l\000\040\000d\000o\000c\000u\000m\000e\000n\000t\000o}{chapter.1}% 2
\BOOKMARK [1][-]{section.1.2}{\376\377\000D\000e\000s\000c\000r\000i\000p\000c\000i\000\363\000n\000\040\000g\000e\000n\000e\000r\000a\000l\000\040\000d\000e\000l\000\040\000p\000r\000o\000y\000e\000c\000t\000o}{chapter.1}% 3
\BOOKMARK [1][-]{section.1.3}{\376\377\000R\000e\000p\000o\000s\000i\000t\000o\000r\000i\000o\000\040\000o\000f\000i\000c\000i\000a\000l\000\040\000d\000e\000l\000\040\000p\000r\000o\000y\000e\000c\000t\000o}{chapter.1}% 4
\BOOKMARK [2][-]{subsection.1.3.1}{\376\377\000E\000s\000t\000r\000u\000c\000t\000u\000r\000a\000\040\000d\000e\000l\000\040\000r\000e\000p\000o\000s\000i\000t\000o\000r\000i\000o}{section.1.3}% 5
\BOOKMARK [2][-]{subsection.1.3.2}{\376\377\000A\000c\000c\000e\000s\000o\000\040\000a\000l\000\040\000c\000\363\000d\000i\000g\000o\000\040\000f\000u\000e\000n\000t\000e}{section.1.3}% 6
\BOOKMARK [1][-]{section.1.4}{\376\377\000C\000a\000r\000a\000c\000t\000e\000r\000\355\000s\000t\000i\000c\000a\000s\000\040\000p\000r\000i\000n\000c\000i\000p\000a\000l\000e\000s}{chapter.1}% 7
\BOOKMARK [2][-]{subsection.1.4.1}{\376\377\000I\000n\000t\000e\000r\000f\000a\000z\000\040\000d\000e\000\040\000u\000s\000u\000a\000r\000i\000o\000\040\000m\000o\000d\000e\000r\000n\000a}{section.1.4}% 8
\BOOKMARK [2][-]{subsection.1.4.2}{\376\377\000A\000l\000g\000o\000r\000i\000t\000m\000o\000s\000\040\000d\000e\000\040\000a\000n\000\341\000l\000i\000s\000i\000s\000\040\000s\000i\000n\000t\000\341\000c\000t\000i\000c\000o}{section.1.4}% 9
\BOOKMARK [2][-]{subsection.1.4.3}{\376\377\000A\000r\000q\000u\000i\000t\000e\000c\000t\000u\000r\000a\000\040\000m\000o\000d\000u\000l\000a\000r}{section.1.4}% 10
\BOOKMARK [1][-]{section.1.5}{\376\377\000A\000l\000c\000a\000n\000c\000e\000\040\000d\000e\000l\000\040\000m\000a\000n\000u\000a\000l}{chapter.1}% 11
\BOOKMARK [1][-]{section.1.6}{\376\377\000C\000o\000n\000v\000e\000n\000c\000i\000o\000n\000e\000s\000\040\000u\000t\000i\000l\000i\000z\000a\000d\000a\000s}{chapter.1}% 12
\BOOKMARK [1][-]{section.1.7}{\376\377\000E\000s\000t\000r\000u\000c\000t\000u\000r\000a\000\040\000d\000e\000l\000\040\000d\000o\000c\000u\000m\000e\000n\000t\000o}{chapter.1}% 13
\BOOKMARK [1][-]{section.1.8}{\376\377\000R\000e\000f\000e\000r\000e\000n\000c\000i\000a\000s\000\040\000t\000\351\000c\000n\000i\000c\000a\000s}{chapter.1}% 14
\BOOKMARK [-1][-]{part.1}{\376\377\000I\000\040\000D\000o\000c\000u\000m\000e\000n\000t\000a\000c\000i\000\363\000n\000\040\000e\000x\000t\000e\000r\000n\000a}{}% 15
\BOOKMARK [0][-]{chapter.2}{\376\377\000R\000e\000c\000u\000r\000s\000o\000s\000\040\000y\000\040\000R\000e\000q\000u\000i\000s\000i\000t\000o\000s\000\040\000d\000e\000\040\000d\000e\000s\000a\000r\000r\000o\000l\000l\000o\000\040\000y\000\040\000e\000j\000e\000c\000u\000c\000i\000\363\000n}{part.1}% 16
\BOOKMARK [1][-]{section.2.1}{\376\377\000I\000n\000t\000r\000o\000d\000u\000c\000c\000i\000\363\000n}{chapter.2}% 17
\BOOKMARK [1][-]{section.2.2}{\376\377\000R\000e\000q\000u\000i\000s\000i\000t\000o\000s\000\040\000d\000e\000l\000\040\000s\000i\000s\000t\000e\000m\000a}{chapter.2}% 18
\BOOKMARK [2][-]{subsection.2.2.1}{\376\377\000R\000e\000q\000u\000i\000s\000i\000t\000o\000s\000\040\000m\000\355\000n\000i\000m\000o\000s\000\040\000d\000e\000\040\000h\000a\000r\000d\000w\000a\000r\000e}{section.2.2}% 19
\BOOKMARK [2][-]{subsection.2.2.2}{\376\377\000R\000e\000q\000u\000i\000s\000i\000t\000o\000s\000\040\000d\000e\000\040\000s\000o\000f\000t\000w\000a\000r\000e}{section.2.2}% 20
\BOOKMARK [3][-]{subsubsection.2.2.2.1}{\376\377\000J\000a\000v\000a\000\040\000R\000u\000n\000t\000i\000m\000e\000\040\000E\000n\000v\000i\000r\000o\000n\000m\000e\000n\000t\000\040\000\050\000J\000R\000E\000\051}{subsection.2.2.2}% 21
\BOOKMARK [3][-]{subsubsection.2.2.2.2}{\376\377\000S\000i\000s\000t\000e\000m\000a\000s\000\040\000o\000p\000e\000r\000a\000t\000i\000v\000o\000s\000\040\000s\000o\000p\000o\000r\000t\000a\000d\000o\000s}{subsection.2.2.2}% 22
\BOOKMARK [1][-]{section.2.3}{\376\377\000E\000n\000t\000o\000r\000n\000o\000\040\000d\000e\000\040\000d\000e\000s\000a\000r\000r\000o\000l\000l\000o}{chapter.2}% 23
\BOOKMARK [2][-]{subsection.2.3.1}{\376\377\000J\000a\000v\000a\000\040\000D\000e\000v\000e\000l\000o\000p\000m\000e\000n\000t\000\040\000K\000i\000t\000\040\000\050\000J\000D\000K\000\051}{section.2.3}% 24
\BOOKMARK [2][-]{subsection.2.3.2}{\376\377\000J\000a\000v\000a\000F\000X\000\040\000S\000D\000K}{section.2.3}% 25
\BOOKMARK [2][-]{subsection.2.3.3}{\376\377\000H\000e\000r\000r\000a\000m\000i\000e\000n\000t\000a\000s\000\040\000d\000e\000\040\000c\000o\000n\000s\000t\000r\000u\000c\000c\000i\000\363\000n}{section.2.3}% 26
\BOOKMARK [1][-]{section.2.4}{\376\377\000A\000r\000q\000u\000i\000t\000e\000c\000t\000u\000r\000a\000\040\000d\000e\000l\000\040\000s\000i\000s\000t\000e\000m\000a}{chapter.2}% 27
\BOOKMARK [2][-]{subsection.2.4.1}{\376\377\000V\000i\000s\000i\000\363\000n\000\040\000g\000e\000n\000e\000r\000a\000l}{section.2.4}% 28
\BOOKMARK [2][-]{subsection.2.4.2}{\376\377\000P\000a\000t\000r\000o\000n\000e\000s\000\040\000d\000e\000\040\000d\000i\000s\000e\000\361\000o\000\040\000u\000t\000i\000l\000i\000z\000a\000d\000o\000s}{section.2.4}% 29
\BOOKMARK [3][-]{subsubsection.2.4.2.1}{\376\377\000M\000o\000d\000e\000l\000o\000-\000V\000i\000s\000t\000a\000-\000C\000o\000n\000t\000r\000o\000l\000a\000d\000o\000r\000\040\000\050\000M\000V\000C\000\051}{subsection.2.4.2}% 30
\BOOKMARK [3][-]{subsubsection.2.4.2.2}{\376\377\000O\000b\000s\000e\000r\000v\000e\000r\000\040\000P\000a\000t\000t\000e\000r\000n}{subsection.2.4.2}% 31
\BOOKMARK [3][-]{subsubsection.2.4.2.3}{\376\377\000F\000a\000c\000t\000o\000r\000y\000\040\000P\000a\000t\000t\000e\000r\000n}{subsection.2.4.2}% 32
\BOOKMARK [1][-]{section.2.5}{\376\377\000O\000r\000g\000a\000n\000i\000z\000a\000c\000i\000\363\000n\000\040\000m\000o\000d\000u\000l\000a\000r}{chapter.2}% 33
\BOOKMARK [2][-]{subsection.2.5.1}{\376\377\000E\000s\000t\000r\000u\000c\000t\000u\000r\000a\000\040\000d\000e\000\040\000p\000a\000q\000u\000e\000t\000e\000s}{section.2.5}% 34
\BOOKMARK [2][-]{subsection.2.5.2}{\376\377\000D\000e\000p\000e\000n\000d\000e\000n\000c\000i\000a\000s\000\040\000e\000n\000t\000r\000e\000\040\000m\000\363\000d\000u\000l\000o\000s}{section.2.5}% 35
\BOOKMARK [1][-]{section.2.6}{\376\377\000R\000e\000c\000u\000r\000s\000o\000s\000\040\000d\000e\000\040\000c\000o\000m\000p\000i\000l\000a\000c\000i\000\363\000n}{chapter.2}% 36
\BOOKMARK [2][-]{subsection.2.6.1}{\376\377\000S\000c\000r\000i\000p\000t\000s\000\040\000d\000e\000\040\000c\000o\000n\000s\000t\000r\000u\000c\000c\000i\000\363\000n}{section.2.6}% 37
\BOOKMARK [3][-]{subsubsection.2.6.1.1}{\376\377\000b\000u\000i\000l\000d\000.\000s\000h\000\040\000\050\000U\000n\000i\000x\000/\000L\000i\000n\000u\000x\000/\000m\000a\000c\000O\000S\000\051}{subsection.2.6.1}% 38
\BOOKMARK [3][-]{subsubsection.2.6.1.2}{\376\377\000b\000u\000i\000l\000d\000.\000b\000a\000t\000\040\000\050\000W\000i\000n\000d\000o\000w\000s\000\051}{subsection.2.6.1}% 39
\BOOKMARK [3][-]{subsubsection.2.6.1.3}{\376\377\000c\000r\000e\000a\000t\000e\000-\000s\000t\000a\000n\000d\000a\000l\000o\000n\000e\000-\000a\000p\000p\000.\000s\000h}{subsection.2.6.1}% 40
\BOOKMARK [2][-]{subsection.2.6.2}{\376\377\000C\000o\000n\000f\000i\000g\000u\000r\000a\000c\000i\000\363\000n\000\040\000d\000e\000\040\000c\000o\000m\000p\000i\000l\000a\000c\000i\000\363\000n}{section.2.6}% 41
\BOOKMARK [-1][-]{part.2}{\376\377\000I\000I\000\040\000D\000o\000c\000u\000m\000e\000n\000t\000a\000c\000i\000\363\000n\000\040\000i\000n\000t\000e\000r\000n\000a}{}% 42
\BOOKMARK [0][-]{chapter.3}{\376\377\000C\000\363\000d\000i\000g\000o\000\040\000d\000e\000\040\000l\000a\000\040\000a\000p\000l\000i\000c\000a\000c\000i\000\363\000n}{part.2}% 43
\BOOKMARK [1][-]{section.3.1}{\376\377\000I\000n\000t\000r\000o\000d\000u\000c\000c\000i\000\363\000n}{chapter.3}% 44
\BOOKMARK [1][-]{section.3.2}{\376\377\000P\000u\000n\000t\000o\000\040\000d\000e\000\040\000e\000n\000t\000r\000a\000d\000a\000\040\000d\000e\000\040\000l\000a\000\040\000a\000p\000l\000i\000c\000a\000c\000i\000\363\000n}{chapter.3}% 45
\BOOKMARK [2][-]{subsection.3.2.1}{\376\377\000C\000l\000a\000s\000e\000\040\000B\000i\000e\000n\000v\000e\000n\000i\000d\000a}{section.3.2}% 46
\BOOKMARK [2][-]{subsection.3.2.2}{\376\377\000C\000l\000a\000s\000e\000\040\000M\000e\000n\000u\000P\000r\000i\000n\000c\000i\000p\000a\000l}{section.3.2}% 47
\BOOKMARK [1][-]{section.3.3}{\376\377\000M\000o\000d\000e\000l\000o\000\040\000d\000e\000\040\000d\000a\000t\000o\000s\000:\000\040\000P\000a\000q\000u\000e\000t\000e\000\040\000g\000r\000a\000m\000a\000t\000i\000c\000a}{chapter.3}% 48
\BOOKMARK [2][-]{subsection.3.3.1}{\376\377\000C\000l\000a\000s\000e\000\040\000G\000r\000a\000m\000a\000t\000i\000c\000a}{section.3.3}% 49
\BOOKMARK [2][-]{subsection.3.3.2}{\376\377\000J\000e\000r\000a\000r\000q\000u\000\355\000a\000\040\000d\000e\000\040\000s\000\355\000m\000b\000o\000l\000o\000s}{section.3.3}% 50
\BOOKMARK [3][-]{subsubsection.3.3.2.1}{\376\377\000C\000l\000a\000s\000e\000\040\000S\000i\000m\000b\000o\000l\000o\000\040\000\050\000a\000b\000s\000t\000r\000a\000c\000t\000a\000\051}{subsection.3.3.2}% 51
\BOOKMARK [3][-]{subsubsection.3.3.2.2}{\376\377\000C\000l\000a\000s\000e\000\040\000T\000e\000r\000m\000i\000n\000a\000l}{subsection.3.3.2}% 52
\BOOKMARK [3][-]{subsubsection.3.3.2.3}{\376\377\000C\000l\000a\000s\000e\000\040\000N\000o\000T\000e\000r\000m\000i\000n\000a\000l}{subsection.3.3.2}% 53
\BOOKMARK [1][-]{section.3.4}{\376\377\000A\000l\000g\000o\000r\000i\000t\000m\000o\000s\000\040\000d\000e\000\040\000a\000n\000\341\000l\000i\000s\000i\000s\000\040\000s\000i\000n\000t\000\341\000c\000t\000i\000c\000o}{chapter.3}% 54
\BOOKMARK [2][-]{subsection.3.4.1}{\376\377\000C\000\341\000l\000c\000u\000l\000o\000\040\000d\000e\000\040\000c\000o\000n\000j\000u\000n\000t\000o\000s\000\040\000P\000R\000I\000M\000E\000R\000O}{section.3.4}% 55
\BOOKMARK [2][-]{subsection.3.4.2}{\376\377\000C\000\341\000l\000c\000u\000l\000o\000\040\000d\000e\000\040\000c\000o\000n\000j\000u\000n\000t\000o\000s\000\040\000S\000I\000G\000U\000I\000E\000N\000T\000E}{section.3.4}% 56
\BOOKMARK [1][-]{section.3.5}{\376\377\000C\000l\000a\000s\000e\000s\000\040\000d\000e\000l\000\040\000p\000a\000q\000u\000e\000t\000e\000\040\000s\000i\000m\000u\000l\000a\000d\000o\000r}{chapter.3}% 57
\BOOKMARK [2][-]{subsection.3.5.1}{\376\377\000C\000l\000a\000s\000e\000\040\000P\000a\000n\000e\000l\000S\000i\000m\000u\000l\000a\000c\000i\000o\000n}{section.3.5}% 58
\BOOKMARK [2][-]{subsection.3.5.2}{\376\377\000C\000l\000a\000s\000e\000\040\000S\000i\000m\000u\000l\000a\000c\000i\000o\000n\000F\000i\000n\000a\000l}{section.3.5}% 59
\BOOKMARK [1][-]{section.3.6}{\376\377\000C\000l\000a\000s\000e\000s\000\040\000d\000e\000l\000\040\000p\000a\000q\000u\000e\000t\000e\000\040\000e\000d\000i\000t\000o\000r}{chapter.3}% 60
\BOOKMARK [2][-]{subsection.3.6.1}{\376\377\000C\000l\000a\000s\000e\000\040\000E\000d\000i\000t\000o\000r}{section.3.6}% 61
\BOOKMARK [1][-]{section.3.7}{\376\377\000C\000l\000a\000s\000e\000s\000\040\000d\000e\000l\000\040\000p\000a\000q\000u\000e\000t\000e\000\040\000u\000t\000i\000l\000s}{chapter.3}% 62
\BOOKMARK [2][-]{subsection.3.7.1}{\376\377\000C\000l\000a\000s\000e\000\040\000T\000a\000b\000M\000a\000n\000a\000g\000e\000r}{section.3.7}% 63
\BOOKMARK [2][-]{subsection.3.7.2}{\376\377\000C\000l\000a\000s\000e\000\040\000S\000e\000c\000o\000n\000d\000a\000r\000y\000W\000i\000n\000d\000o\000w}{section.3.7}% 64
\BOOKMARK [2][-]{subsection.3.7.3}{\376\377\000C\000l\000a\000s\000e\000\040\000L\000a\000n\000g\000u\000a\000g\000e\000I\000t\000e\000m}{section.3.7}% 65
\BOOKMARK [1][-]{section.3.8}{\376\377\000P\000a\000t\000r\000o\000n\000e\000s\000\040\000d\000e\000\040\000d\000i\000s\000e\000\361\000o\000\040\000i\000m\000p\000l\000e\000m\000e\000n\000t\000a\000d\000o\000s}{chapter.3}% 66
\BOOKMARK [2][-]{subsection.3.8.1}{\376\377\000P\000a\000t\000r\000\363\000n\000\040\000M\000V\000C\000\040\000\050\000M\000o\000d\000e\000l\000o\000-\000V\000i\000s\000t\000a\000-\000C\000o\000n\000t\000r\000o\000l\000a\000d\000o\000r\000\051}{section.3.8}% 67
\BOOKMARK [2][-]{subsection.3.8.2}{\376\377\000P\000a\000t\000r\000\363\000n\000\040\000O\000b\000s\000e\000r\000v\000e\000r}{section.3.8}% 68
\BOOKMARK [2][-]{subsection.3.8.3}{\376\377\000P\000a\000t\000r\000\363\000n\000\040\000F\000a\000c\000t\000o\000r\000y\000\040\000M\000e\000t\000h\000o\000d}{section.3.8}% 69
\BOOKMARK [2][-]{subsection.3.8.4}{\376\377\000P\000a\000t\000r\000\363\000n\000\040\000S\000t\000r\000a\000t\000e\000g\000y}{section.3.8}% 70
\BOOKMARK [1][-]{section.3.9}{\376\377\000C\000o\000n\000s\000i\000d\000e\000r\000a\000c\000i\000o\000n\000e\000s\000\040\000d\000e\000\040\000r\000e\000n\000d\000i\000m\000i\000e\000n\000t\000o}{chapter.3}% 71
\BOOKMARK [2][-]{subsection.3.9.1}{\376\377\000G\000e\000s\000t\000i\000\363\000n\000\040\000d\000e\000\040\000m\000e\000m\000o\000r\000i\000a}{section.3.9}% 72
\BOOKMARK [2][-]{subsection.3.9.2}{\376\377\000O\000p\000t\000i\000m\000i\000z\000a\000c\000i\000o\000n\000e\000s\000\040\000i\000m\000p\000l\000e\000m\000e\000n\000t\000a\000d\000a\000s}{section.3.9}% 73
\BOOKMARK [1][-]{section.3.10}{\376\377\000T\000r\000a\000t\000a\000m\000i\000e\000n\000t\000o\000\040\000d\000e\000\040\000e\000r\000r\000o\000r\000e\000s}{chapter.3}% 74
\BOOKMARK [2][-]{subsection.3.10.1}{\376\377\000V\000a\000l\000i\000d\000a\000c\000i\000\363\000n\000\040\000d\000e\000\040\000g\000r\000a\000m\000\341\000t\000i\000c\000a\000s}{section.3.10}% 75
\BOOKMARK [2][-]{subsection.3.10.2}{\376\377\000M\000a\000n\000e\000j\000o\000\040\000d\000e\000\040\000e\000x\000c\000e\000p\000c\000i\000o\000n\000e\000s}{section.3.10}% 76
\BOOKMARK [2][-]{subsection.3.10.3}{\376\377\000F\000u\000n\000c\000i\000o\000n\000e\000s\000\040\000d\000e\000\040\000e\000r\000r\000o\000r\000\040\000p\000e\000r\000s\000o\000n\000a\000l\000i\000z\000a\000b\000l\000e\000s}{section.3.10}% 77
\BOOKMARK [0][-]{chapter.4}{\376\377\000D\000o\000c\000u\000m\000e\000n\000t\000a\000c\000i\000\363\000n\000\040\000d\000e\000\040\000P\000a\000q\000u\000e\000t\000e\000s}{part.2}% 78
\BOOKMARK [1][-]{section.4.1}{\376\377\000I\000n\000t\000r\000o\000d\000u\000c\000c\000i\000\363\000n}{chapter.4}% 79
\BOOKMARK [1][-]{section.4.2}{\376\377\000A\000r\000q\000u\000i\000t\000e\000c\000t\000u\000r\000a\000\040\000g\000e\000n\000e\000r\000a\000l\000\040\000d\000e\000\040\000p\000a\000q\000u\000e\000t\000e\000s}{chapter.4}% 80
\BOOKMARK [1][-]{section.4.3}{\376\377\000P\000a\000q\000u\000e\000t\000e\000\040\000b\000i\000e\000n\000v\000e\000n\000i\000d\000a}{chapter.4}% 81
\BOOKMARK [2][-]{subsection.4.3.1}{\376\377\000P\000r\000o\000p\000\363\000s\000i\000t\000o}{section.4.3}% 82
\BOOKMARK [2][-]{subsection.4.3.2}{\376\377\000C\000l\000a\000s\000e\000s\000\040\000p\000r\000i\000n\000c\000i\000p\000a\000l\000e\000s}{section.4.3}% 83
\BOOKMARK [3][-]{subsubsection.4.3.2.1}{\376\377\000C\000l\000a\000s\000e\000\040\000B\000i\000e\000n\000v\000e\000n\000i\000d\000a}{subsection.4.3.2}% 84
\BOOKMARK [3][-]{subsubsection.4.3.2.2}{\376\377\000C\000l\000a\000s\000e\000\040\000M\000e\000n\000u\000P\000r\000i\000n\000c\000i\000p\000a\000l}{subsection.4.3.2}% 85
\BOOKMARK [2][-]{subsection.4.3.3}{\376\377\000D\000e\000p\000e\000n\000d\000e\000n\000c\000i\000a\000s\000\040\000y\000\040\000r\000e\000l\000a\000c\000i\000o\000n\000e\000s}{section.4.3}% 86
\BOOKMARK [1][-]{section.4.4}{\376\377\000P\000a\000q\000u\000e\000t\000e\000\040\000e\000d\000i\000t\000o\000r}{chapter.4}% 87
\BOOKMARK [2][-]{subsection.4.4.1}{\376\377\000P\000r\000o\000p\000\363\000s\000i\000t\000o}{section.4.4}% 88
\BOOKMARK [2][-]{subsection.4.4.2}{\376\377\000C\000l\000a\000s\000e\000s\000\040\000p\000r\000i\000n\000c\000i\000p\000a\000l\000e\000s}{section.4.4}% 89
\BOOKMARK [3][-]{subsubsection.4.4.2.1}{\376\377\000C\000l\000a\000s\000e\000\040\000E\000d\000i\000t\000o\000r}{subsection.4.4.2}% 90
\BOOKMARK [3][-]{subsubsection.4.4.2.2}{\376\377\000E\000d\000i\000t\000o\000r\000W\000i\000n\000d\000o\000w\000.\000j\000a\000v\000a}{subsection.4.4.2}% 91
\BOOKMARK [3][-]{subsubsection.4.4.2.3}{\376\377\000P\000a\000n\000e\000l\000C\000r\000e\000a\000c\000i\000o\000n\000G\000r\000a\000m\000a\000t\000i\000c\000a\000.\000j\000a\000v\000a}{subsection.4.4.2}% 92
\BOOKMARK [3][-]{subsubsection.4.4.2.4}{\376\377\000P\000a\000n\000e\000l\000C\000r\000e\000a\000c\000i\000o\000n\000G\000r\000a\000m\000a\000t\000i\000c\000a\000P\000a\000s\000o\0001\000.\000j\000a\000v\000a}{subsection.4.4.2}% 93
\BOOKMARK [3][-]{subsubsection.4.4.2.5}{\376\377\000P\000a\000n\000e\000l\000C\000r\000e\000a\000c\000i\000o\000n\000G\000r\000a\000m\000a\000t\000i\000c\000a\000P\000a\000s\000o\0002\000.\000j\000a\000v\000a}{subsection.4.4.2}% 94
\BOOKMARK [3][-]{subsubsection.4.4.2.6}{\376\377\000P\000a\000n\000e\000l\000C\000r\000e\000a\000c\000i\000o\000n\000G\000r\000a\000m\000a\000t\000i\000c\000a\000P\000a\000s\000o\0003\000.\000j\000a\000v\000a}{subsection.4.4.2}% 95
\BOOKMARK [3][-]{subsubsection.4.4.2.7}{\376\377\000P\000a\000n\000e\000l\000C\000r\000e\000a\000c\000i\000o\000n\000G\000r\000a\000m\000a\000t\000i\000c\000a\000P\000a\000s\000o\0004\000.\000j\000a\000v\000a}{subsection.4.4.2}% 96
\BOOKMARK [3][-]{subsubsection.4.4.2.8}{\376\377\000P\000a\000n\000e\000l\000P\000r\000o\000d\000u\000c\000c\000i\000o\000n\000e\000s\000.\000j\000a\000v\000a}{subsection.4.4.2}% 97
\BOOKMARK [3][-]{subsubsection.4.4.2.9}{\376\377\000P\000a\000n\000e\000l\000S\000i\000m\000b\000o\000l\000o\000s\000N\000o\000T\000e\000r\000m\000i\000n\000a\000l\000e\000s\000.\000j\000a\000v\000a}{subsection.4.4.2}% 98
\BOOKMARK [3][-]{subsubsection.4.4.2.10}{\376\377\000P\000a\000n\000e\000l\000S\000i\000m\000b\000o\000l\000o\000s\000T\000e\000r\000m\000i\000n\000a\000l\000e\000s\000.\000j\000a\000v\000a}{subsection.4.4.2}% 99
\BOOKMARK [2][-]{subsection.4.4.3}{\376\377\000D\000e\000p\000e\000n\000d\000e\000n\000c\000i\000a\000s}{section.4.4}% 100
\BOOKMARK [1][-]{section.4.5}{\376\377\000P\000a\000q\000u\000e\000t\000e\000\040\000g\000r\000a\000m\000a\000t\000i\000c\000a}{chapter.4}% 101
\BOOKMARK [2][-]{subsection.4.5.1}{\376\377\000P\000r\000o\000p\000\363\000s\000i\000t\000o}{section.4.5}% 102
\BOOKMARK [2][-]{subsection.4.5.2}{\376\377\000C\000l\000a\000s\000e\000s\000\040\000p\000r\000i\000n\000c\000i\000p\000a\000l\000e\000s}{section.4.5}% 103
\BOOKMARK [3][-]{subsubsection.4.5.2.1}{\376\377\000G\000r\000a\000m\000a\000t\000i\000c\000a\000.\000j\000a\000v\000a}{subsection.4.5.2}% 104
\BOOKMARK [3][-]{subsubsection.4.5.2.2}{\376\377\000S\000i\000m\000b\000o\000l\000o\000.\000j\000a\000v\000a}{subsection.4.5.2}% 105
\BOOKMARK [3][-]{subsubsection.4.5.2.3}{\376\377\000T\000e\000r\000m\000i\000n\000a\000l\000.\000j\000a\000v\000a}{subsection.4.5.2}% 106
\BOOKMARK [3][-]{subsubsection.4.5.2.4}{\376\377\000N\000o\000T\000e\000r\000m\000i\000n\000a\000l\000.\000j\000a\000v\000a}{subsection.4.5.2}% 107
\BOOKMARK [3][-]{subsubsection.4.5.2.5}{\376\377\000P\000r\000o\000d\000u\000c\000c\000i\000o\000n\000.\000j\000a\000v\000a}{subsection.4.5.2}% 108
\BOOKMARK [3][-]{subsubsection.4.5.2.6}{\376\377\000A\000n\000t\000e\000c\000e\000d\000e\000n\000t\000e\000.\000j\000a\000v\000a}{subsection.4.5.2}% 109
\BOOKMARK [3][-]{subsubsection.4.5.2.7}{\376\377\000C\000o\000n\000s\000e\000c\000u\000e\000n\000t\000e\000.\000j\000a\000v\000a}{subsection.4.5.2}% 110
\BOOKMARK [3][-]{subsubsection.4.5.2.8}{\376\377\000T\000a\000b\000l\000a\000P\000r\000e\000d\000i\000c\000t\000i\000v\000a\000.\000j\000a\000v\000a}{subsection.4.5.2}% 111
\BOOKMARK [3][-]{subsubsection.4.5.2.9}{\376\377\000T\000a\000b\000l\000a\000P\000r\000e\000d\000i\000c\000t\000i\000v\000a\000P\000a\000s\000o\0005\000.\000j\000a\000v\000a}{subsection.4.5.2}% 112
\BOOKMARK [3][-]{subsubsection.4.5.2.10}{\376\377\000F\000i\000l\000a\000T\000a\000b\000l\000a\000P\000r\000e\000d\000i\000c\000t\000i\000v\000a\000.\000j\000a\000v\000a}{subsection.4.5.2}% 113
\BOOKMARK [3][-]{subsubsection.4.5.2.11}{\376\377\000F\000u\000n\000c\000i\000o\000n\000E\000r\000r\000o\000r\000.\000j\000a\000v\000a}{subsection.4.5.2}% 114
\BOOKMARK [2][-]{subsection.4.5.3}{\376\377\000A\000l\000g\000o\000r\000i\000t\000m\000o\000s\000\040\000i\000m\000p\000l\000e\000m\000e\000n\000t\000a\000d\000o\000s}{section.4.5}% 115
\BOOKMARK [3][-]{subsubsection.4.5.3.1}{\376\377\000C\000\341\000l\000c\000u\000l\000o\000\040\000d\000e\000\040\000c\000o\000n\000j\000u\000n\000t\000o\000s\000\040\000P\000R\000I\000M\000E\000R\000O}{subsection.4.5.3}% 116
\BOOKMARK [3][-]{subsubsection.4.5.3.2}{\376\377\000C\000\341\000l\000c\000u\000l\000o\000\040\000d\000e\000\040\000c\000o\000n\000j\000u\000n\000t\000o\000s\000\040\000S\000I\000G\000U\000I\000E\000N\000T\000E}{subsection.4.5.3}% 117
\BOOKMARK [3][-]{subsubsection.4.5.3.3}{\376\377\000G\000e\000n\000e\000r\000a\000c\000i\000\363\000n\000\040\000d\000e\000\040\000t\000a\000b\000l\000a\000\040\000p\000r\000e\000d\000i\000c\000t\000i\000v\000a}{subsection.4.5.3}% 118
\BOOKMARK [2][-]{subsection.4.5.4}{\376\377\000D\000e\000p\000e\000n\000d\000e\000n\000c\000i\000a\000s}{section.4.5}% 119
\BOOKMARK [1][-]{section.4.6}{\376\377\000P\000a\000q\000u\000e\000t\000e\000\040\000s\000i\000m\000u\000l\000a\000d\000o\000r}{chapter.4}% 120
\BOOKMARK [2][-]{subsection.4.6.1}{\376\377\000P\000r\000o\000p\000\363\000s\000i\000t\000o}{section.4.6}% 121
\BOOKMARK [2][-]{subsection.4.6.2}{\376\377\000C\000l\000a\000s\000e\000s\000\040\000p\000r\000i\000n\000c\000i\000p\000a\000l\000e\000s}{section.4.6}% 122
\BOOKMARK [3][-]{subsubsection.4.6.2.1}{\376\377\000P\000a\000n\000e\000l\000S\000i\000m\000u\000l\000a\000d\000o\000r\000D\000e\000s\000c\000.\000j\000a\000v\000a}{subsection.4.6.2}% 123
\BOOKMARK [3][-]{subsubsection.4.6.2.2}{\376\377\000P\000a\000n\000e\000l\000S\000i\000m\000u\000l\000a\000c\000i\000o\000n\000.\000j\000a\000v\000a}{subsection.4.6.2}% 124
\BOOKMARK [3][-]{subsubsection.4.6.2.3}{\376\377\000S\000i\000m\000u\000l\000a\000c\000i\000o\000n\000F\000i\000n\000a\000l\000.\000j\000a\000v\000a}{subsection.4.6.2}% 125
\BOOKMARK [3][-]{subsubsection.4.6.2.4}{\376\377\000P\000a\000n\000e\000l\000N\000u\000e\000v\000a\000S\000i\000m\000D\000e\000s\000c\000P\000a\000s\000o\000*\000.\000j\000a\000v\000a}{subsection.4.6.2}% 126
\BOOKMARK [3][-]{subsubsection.4.6.2.5}{\376\377\000E\000d\000i\000t\000o\000r\000C\000a\000d\000e\000n\000a\000E\000n\000t\000r\000a\000d\000a\000C\000o\000n\000t\000r\000o\000l\000l\000e\000r\000.\000j\000a\000v\000a}{subsection.4.6.2}% 127
\BOOKMARK [3][-]{subsubsection.4.6.2.6}{\376\377\000N\000u\000e\000v\000a\000F\000u\000n\000c\000i\000o\000n\000E\000r\000r\000o\000r\000.\000j\000a\000v\000a}{subsection.4.6.2}% 128
\BOOKMARK [3][-]{subsubsection.4.6.2.7}{\376\377\000P\000a\000n\000e\000l\000G\000r\000a\000m\000a\000t\000i\000c\000a\000O\000r\000i\000g\000i\000n\000a\000l\000.\000j\000a\000v\000a}{subsection.4.6.2}% 129
\BOOKMARK [2][-]{subsection.4.6.3}{\376\377\000C\000a\000r\000a\000c\000t\000e\000r\000\355\000s\000t\000i\000c\000a\000s\000\040\000d\000e\000l\000\040\000s\000i\000m\000u\000l\000a\000d\000o\000r}{section.4.6}% 130
\BOOKMARK [2][-]{subsection.4.6.4}{\376\377\000D\000e\000p\000e\000n\000d\000e\000n\000c\000i\000a\000s}{section.4.6}% 131
\BOOKMARK [1][-]{section.4.7}{\376\377\000P\000a\000q\000u\000e\000t\000e\000\040\000u\000t\000i\000l\000s}{chapter.4}% 132
\BOOKMARK [2][-]{subsection.4.7.1}{\376\377\000P\000r\000o\000p\000\363\000s\000i\000t\000o}{section.4.7}% 133
\BOOKMARK [2][-]{subsection.4.7.2}{\376\377\000C\000l\000a\000s\000e\000s\000\040\000p\000r\000i\000n\000c\000i\000p\000a\000l\000e\000s}{section.4.7}% 134
\BOOKMARK [3][-]{subsubsection.4.7.2.1}{\376\377\000S\000e\000c\000o\000n\000d\000a\000r\000y\000W\000i\000n\000d\000o\000w\000.\000j\000a\000v\000a}{subsection.4.7.2}% 135
\BOOKMARK [3][-]{subsubsection.4.7.2.2}{\376\377\000T\000a\000b\000M\000a\000n\000a\000g\000e\000r\000.\000j\000a\000v\000a}{subsection.4.7.2}% 136
\BOOKMARK [3][-]{subsubsection.4.7.2.3}{\376\377\000T\000a\000b\000P\000a\000n\000e\000M\000o\000n\000i\000t\000o\000r\000.\000j\000a\000v\000a}{subsection.4.7.2}% 137
\BOOKMARK [3][-]{subsubsection.4.7.2.4}{\376\377\000A\000c\000t\000u\000a\000l\000i\000z\000a\000b\000l\000e\000T\000e\000x\000t\000o\000s\000.\000j\000a\000v\000a}{subsection.4.7.2}% 138
\BOOKMARK [3][-]{subsubsection.4.7.2.5}{\376\377\000L\000a\000n\000g\000u\000a\000g\000e\000I\000t\000e\000m\000.\000j\000a\000v\000a}{subsection.4.7.2}% 139
\BOOKMARK [3][-]{subsubsection.4.7.2.6}{\376\377\000L\000a\000n\000g\000u\000a\000g\000e\000L\000i\000s\000t\000C\000e\000l\000l\000.\000j\000a\000v\000a}{subsection.4.7.2}% 140
\BOOKMARK [2][-]{subsection.4.7.3}{\376\377\000S\000i\000s\000t\000e\000m\000a\000\040\000d\000e\000\040\000i\000n\000t\000e\000r\000n\000a\000c\000i\000o\000n\000a\000l\000i\000z\000a\000c\000i\000\363\000n}{section.4.7}% 141
\BOOKMARK [2][-]{subsection.4.7.4}{\376\377\000D\000e\000p\000e\000n\000d\000e\000n\000c\000i\000a\000s}{section.4.7}% 142
\BOOKMARK [1][-]{section.4.8}{\376\377\000P\000a\000q\000u\000e\000t\000e\000\040\000c\000e\000n\000t\000r\000o\000a\000y\000u\000d\000a}{chapter.4}% 143
\BOOKMARK [2][-]{subsection.4.8.1}{\376\377\000P\000r\000o\000p\000\363\000s\000i\000t\000o}{section.4.8}% 144
\BOOKMARK [2][-]{subsection.4.8.2}{\376\377\000C\000l\000a\000s\000e\000s\000\040\000p\000r\000i\000n\000c\000i\000p\000a\000l\000e\000s}{section.4.8}% 145
\BOOKMARK [3][-]{subsubsection.4.8.2.1}{\376\377\000A\000c\000e\000r\000c\000a\000D\000e\000.\000j\000a\000v\000a}{subsection.4.8.2}% 146
\BOOKMARK [2][-]{subsection.4.8.3}{\376\377\000R\000e\000c\000u\000r\000s\000o\000s\000\040\000i\000n\000c\000l\000u\000i\000d\000o\000s}{section.4.8}% 147
\BOOKMARK [2][-]{subsection.4.8.4}{\376\377\000D\000e\000p\000e\000n\000d\000e\000n\000c\000i\000a\000s}{section.4.8}% 148
\BOOKMARK [1][-]{section.4.9}{\376\377\000P\000a\000q\000u\000e\000t\000e\000\040\000v\000i\000s\000t\000a\000s}{chapter.4}% 149
\BOOKMARK [2][-]{subsection.4.9.1}{\376\377\000P\000r\000o\000p\000\363\000s\000i\000t\000o}{section.4.9}% 150
\BOOKMARK [2][-]{subsection.4.9.2}{\376\377\000A\000r\000c\000h\000i\000v\000o\000s\000\040\000F\000X\000M\000L\000\040\000p\000r\000i\000n\000c\000i\000p\000a\000l\000e\000s}{section.4.9}% 151
\BOOKMARK [2][-]{subsection.4.9.3}{\376\377\000C\000a\000r\000a\000c\000t\000e\000r\000\355\000s\000t\000i\000c\000a\000s\000\040\000d\000e\000\040\000l\000a\000s\000\040\000v\000i\000s\000t\000a\000s}{section.4.9}% 152
\BOOKMARK [1][-]{section.4.10}{\376\377\000M\000\351\000t\000r\000i\000c\000a\000s\000\040\000y\000\040\000a\000n\000\341\000l\000i\000s\000i\000s\000\040\000d\000e\000\040\000l\000a\000\040\000a\000r\000q\000u\000i\000t\000e\000c\000t\000u\000r\000a}{chapter.4}% 153
\BOOKMARK [2][-]{subsection.4.10.1}{\376\377\000D\000i\000s\000t\000r\000i\000b\000u\000c\000i\000\363\000n\000\040\000d\000e\000\040\000c\000l\000a\000s\000e\000s\000\040\000p\000o\000r\000\040\000p\000a\000q\000u\000e\000t\000e}{section.4.10}% 154
\BOOKMARK [2][-]{subsection.4.10.2}{\376\377\000M\000a\000t\000r\000i\000z\000\040\000d\000e\000\040\000d\000e\000p\000e\000n\000d\000e\000n\000c\000i\000a\000s\000\040\000c\000o\000m\000p\000l\000e\000t\000a}{section.4.10}% 155
\BOOKMARK [2][-]{subsection.4.10.3}{\376\377\000C\000o\000m\000p\000l\000e\000j\000i\000d\000a\000d\000\040\000a\000l\000g\000o\000r\000\355\000t\000m\000i\000c\000a\000\040\000p\000o\000r\000\040\000p\000a\000q\000u\000e\000t\000e}{section.4.10}% 156
\BOOKMARK [2][-]{subsection.4.10.4}{\376\377\000A\000n\000\341\000l\000i\000s\000i\000s\000\040\000d\000e\000\040\000a\000c\000o\000p\000l\000a\000m\000i\000e\000n\000t\000o\000\040\000y\000\040\000c\000o\000h\000e\000s\000i\000\363\000n}{section.4.10}% 157
\BOOKMARK [0][-]{chapter.5}{\376\377\000S\000i\000s\000t\000e\000m\000a\000\040\000d\000e\000\040\000I\000n\000t\000e\000r\000n\000a\000c\000i\000o\000n\000a\000l\000i\000z\000a\000c\000i\000\363\000n}{part.2}% 158
\BOOKMARK [1][-]{section.5.1}{\376\377\000I\000n\000t\000r\000o\000d\000u\000c\000c\000i\000\363\000n}{chapter.5}% 159
\BOOKMARK [1][-]{section.5.2}{\376\377\000A\000r\000q\000u\000i\000t\000e\000c\000t\000u\000r\000a\000\040\000d\000e\000l\000\040\000s\000i\000s\000t\000e\000m\000a}{chapter.5}% 160
\BOOKMARK [2][-]{subsection.5.2.1}{\376\377\000C\000o\000m\000p\000o\000n\000e\000n\000t\000e\000s\000\040\000p\000r\000i\000n\000c\000i\000p\000a\000l\000e\000s}{section.5.2}% 161
\BOOKMARK [2][-]{subsection.5.2.2}{\376\377\000I\000d\000i\000o\000m\000a\000s\000\040\000s\000o\000p\000o\000r\000t\000a\000d\000o\000s}{section.5.2}% 162
\BOOKMARK [1][-]{section.5.3}{\376\377\000I\000m\000p\000l\000e\000m\000e\000n\000t\000a\000c\000i\000\363\000n}{chapter.5}% 163
\BOOKMARK [2][-]{subsection.5.3.1}{\376\377\000C\000l\000a\000s\000e\000\040\000L\000a\000n\000g\000u\000a\000g\000e\000I\000t\000e\000m}{section.5.3}% 164
\BOOKMARK [2][-]{subsection.5.3.2}{\376\377\000C\000l\000a\000s\000e\000\040\000L\000a\000n\000g\000u\000a\000g\000e\000L\000i\000s\000t\000C\000e\000l\000l}{section.5.3}% 165
\BOOKMARK [2][-]{subsection.5.3.3}{\376\377\000I\000n\000t\000e\000r\000f\000a\000z\000\040\000A\000c\000t\000u\000a\000l\000i\000z\000a\000b\000l\000e\000T\000e\000x\000t\000o\000s}{section.5.3}% 166
\BOOKMARK [1][-]{section.5.4}{\376\377\000A\000r\000c\000h\000i\000v\000o\000s\000\040\000d\000e\000\040\000p\000r\000o\000p\000i\000e\000d\000a\000d\000e\000s}{chapter.5}% 167
\BOOKMARK [2][-]{subsection.5.4.1}{\376\377\000E\000s\000t\000r\000u\000c\000t\000u\000r\000a\000\040\000d\000e\000\040\000l\000o\000s\000\040\000a\000r\000c\000h\000i\000v\000o\000s}{section.5.4}% 168
\BOOKMARK [1][-]{section.5.5}{\376\377\000I\000n\000t\000e\000g\000r\000a\000c\000i\000\363\000n\000\040\000c\000o\000n\000\040\000l\000a\000\040\000i\000n\000t\000e\000r\000f\000a\000z}{chapter.5}% 169
\BOOKMARK [2][-]{subsection.5.5.1}{\376\377\000C\000a\000m\000b\000i\000o\000\040\000d\000i\000n\000\341\000m\000i\000c\000o\000\040\000d\000e\000\040\000i\000d\000i\000o\000m\000a}{section.5.5}% 170
\BOOKMARK [2][-]{subsection.5.5.2}{\376\377\000A\000c\000t\000u\000a\000l\000i\000z\000a\000c\000i\000\363\000n\000\040\000d\000e\000\040\000t\000e\000x\000t\000o\000s}{section.5.5}% 171
\BOOKMARK [1][-]{section.5.6}{\376\377\000C\000o\000n\000f\000i\000g\000u\000r\000a\000c\000i\000\363\000n\000\040\000y\000\040\000u\000s\000o}{chapter.5}% 172
\BOOKMARK [2][-]{subsection.5.6.1}{\376\377\000I\000n\000i\000c\000i\000a\000l\000i\000z\000a\000c\000i\000\363\000n\000\040\000d\000e\000l\000\040\000s\000i\000s\000t\000e\000m\000a}{section.5.6}% 173
\BOOKMARK [2][-]{subsection.5.6.2}{\376\377\000C\000o\000n\000f\000i\000g\000u\000r\000a\000c\000i\000\363\000n\000\040\000d\000e\000l\000\040\000s\000e\000l\000e\000c\000t\000o\000r\000\040\000d\000e\000\040\000i\000d\000i\000o\000m\000a\000s}{section.5.6}% 174
\BOOKMARK [1][-]{section.5.7}{\376\377\000R\000e\000c\000u\000r\000s\000o\000s\000\040\000g\000r\000\341\000f\000i\000c\000o\000s}{chapter.5}% 175
\BOOKMARK [2][-]{subsection.5.7.1}{\376\377\000B\000a\000n\000d\000e\000r\000a\000s\000\040\000d\000e\000\040\000p\000a\000\355\000s\000e\000s}{section.5.7}% 176
\BOOKMARK [2][-]{subsection.5.7.2}{\376\377\000U\000b\000i\000c\000a\000c\000i\000\363\000n\000\040\000d\000e\000\040\000r\000e\000c\000u\000r\000s\000o\000s}{section.5.7}% 177
\BOOKMARK [1][-]{section.5.8}{\376\377\000C\000o\000n\000s\000i\000d\000e\000r\000a\000c\000i\000o\000n\000e\000s\000\040\000t\000\351\000c\000n\000i\000c\000a\000s}{chapter.5}% 178
\BOOKMARK [2][-]{subsection.5.8.1}{\376\377\000R\000e\000n\000d\000i\000m\000i\000e\000n\000t\000o}{section.5.8}% 179
\BOOKMARK [2][-]{subsection.5.8.2}{\376\377\000M\000a\000n\000t\000e\000n\000i\000m\000i\000e\000n\000t\000o}{section.5.8}% 180
\BOOKMARK [2][-]{subsection.5.8.3}{\376\377\000E\000x\000t\000e\000n\000s\000i\000b\000i\000l\000i\000d\000a\000d}{section.5.8}% 181
\BOOKMARK [1][-]{section.5.9}{\376\377\000M\000e\000j\000o\000r\000e\000s\000\040\000p\000r\000\341\000c\000t\000i\000c\000a\000s\000\040\000i\000m\000p\000l\000e\000m\000e\000n\000t\000a\000d\000a\000s}{chapter.5}% 182
\BOOKMARK [2][-]{subsection.5.9.1}{\376\377\000S\000e\000p\000a\000r\000a\000c\000i\000\363\000n\000\040\000d\000e\000\040\000c\000o\000n\000t\000e\000n\000i\000d\000o\000\040\000y\000\040\000c\000\363\000d\000i\000g\000o}{section.5.9}% 183
\BOOKMARK [2][-]{subsection.5.9.2}{\376\377\000G\000e\000s\000t\000i\000\363\000n\000\040\000d\000e\000\040\000r\000e\000c\000u\000r\000s\000o\000s}{section.5.9}% 184
\BOOKMARK [2][-]{subsection.5.9.3}{\376\377\000E\000x\000p\000e\000r\000i\000e\000n\000c\000i\000a\000\040\000d\000e\000\040\000u\000s\000u\000a\000r\000i\000o}{section.5.9}% 185
\BOOKMARK [1][-]{section.5.10}{\376\377\000M\000\351\000t\000r\000i\000c\000a\000s\000\040\000d\000e\000l\000\040\000s\000i\000s\000t\000e\000m\000a\000\040\000d\000e\000\040\000i\000n\000t\000e\000r\000n\000a\000c\000i\000o\000n\000a\000l\000i\000z\000a\000c\000i\000\363\000n}{chapter.5}% 186
\BOOKMARK [2][-]{subsection.5.10.1}{\376\377\000C\000o\000b\000e\000r\000t\000u\000r\000a\000\040\000d\000e\000\040\000i\000n\000t\000e\000r\000n\000a\000c\000i\000o\000n\000a\000l\000i\000z\000a\000c\000i\000\363\000n}{section.5.10}% 187
\BOOKMARK [2][-]{subsection.5.10.2}{\376\377\000I\000m\000p\000l\000e\000m\000e\000n\000t\000a\000c\000i\000\363\000n\000\040\000t\000\351\000c\000n\000i\000c\000a}{section.5.10}% 188
\BOOKMARK [1][-]{section.5.11}{\376\377\000P\000r\000u\000e\000b\000a\000s\000\040\000y\000\040\000v\000a\000l\000i\000d\000a\000c\000i\000\363\000n}{chapter.5}% 189
\BOOKMARK [2][-]{subsection.5.11.1}{\376\377\000V\000e\000r\000i\000f\000i\000c\000a\000c\000i\000\363\000n\000\040\000d\000e\000\040\000t\000r\000a\000d\000u\000c\000c\000i\000o\000n\000e\000s}{section.5.11}% 190
\BOOKMARK [2][-]{subsection.5.11.2}{\376\377\000P\000r\000u\000e\000b\000a\000s\000\040\000d\000e\000\040\000i\000n\000t\000e\000r\000f\000a\000z}{section.5.11}% 191
\BOOKMARK [2][-]{subsection.5.11.3}{\376\377\000H\000e\000r\000r\000a\000m\000i\000e\000n\000t\000a\000s\000\040\000d\000e\000\040\000d\000e\000s\000a\000r\000r\000o\000l\000l\000o}{section.5.11}% 192
\BOOKMARK [0][-]{chapter.6}{\376\377\000C\000o\000m\000p\000i\000l\000a\000c\000i\000\363\000n\000\040\000y\000\040\000D\000e\000s\000p\000l\000i\000e\000g\000u\000e}{part.2}% 193
\BOOKMARK [1][-]{section.6.1}{\376\377\000I\000n\000t\000r\000o\000d\000u\000c\000c\000i\000\363\000n}{chapter.6}% 194
\BOOKMARK [1][-]{section.6.2}{\376\377\000H\000e\000r\000r\000a\000m\000i\000e\000n\000t\000a\000s\000\040\000d\000e\000\040\000c\000o\000n\000s\000t\000r\000u\000c\000c\000i\000\363\000n}{chapter.6}% 195
\BOOKMARK [2][-]{subsection.6.2.1}{\376\377\000J\000a\000v\000a\000\040\000D\000e\000v\000e\000l\000o\000p\000m\000e\000n\000t\000\040\000K\000i\000t\000\040\000\050\000J\000D\000K\000\051}{section.6.2}% 196
\BOOKMARK [2][-]{subsection.6.2.2}{\376\377\000J\000a\000v\000a\000F\000X\000\040\000S\000D\000K}{section.6.2}% 197
\BOOKMARK [1][-]{section.6.3}{\376\377\000S\000c\000r\000i\000p\000t\000s\000\040\000d\000e\000\040\000c\000o\000n\000s\000t\000r\000u\000c\000c\000i\000\363\000n}{chapter.6}% 198
\BOOKMARK [2][-]{subsection.6.3.1}{\376\377\000S\000c\000r\000i\000p\000t\000\040\000b\000u\000i\000l\000d\000.\000s\000h\000\040\000\050\000U\000n\000i\000x\000/\000L\000i\000n\000u\000x\000/\000m\000a\000c\000O\000S\000\051}{section.6.3}% 199
\BOOKMARK [2][-]{subsection.6.3.2}{\376\377\000S\000c\000r\000i\000p\000t\000\040\000b\000u\000i\000l\000d\000.\000b\000a\000t\000\040\000\050\000W\000i\000n\000d\000o\000w\000s\000\051}{section.6.3}% 200
\BOOKMARK [2][-]{subsection.6.3.3}{\376\377\000S\000c\000r\000i\000p\000t\000\040\000c\000r\000e\000a\000t\000e\000-\000s\000t\000a\000n\000d\000a\000l\000o\000n\000e\000-\000a\000p\000p\000.\000s\000h}{section.6.3}% 201
\BOOKMARK [1][-]{section.6.4}{\376\377\000P\000r\000o\000c\000e\000s\000o\000\040\000d\000e\000\040\000c\000o\000m\000p\000i\000l\000a\000c\000i\000\363\000n}{chapter.6}% 202
\BOOKMARK [2][-]{subsection.6.4.1}{\376\377\000P\000a\000s\000o\000\040\0001\000:\000\040\000P\000r\000e\000p\000a\000r\000a\000c\000i\000\363\000n\000\040\000d\000e\000l\000\040\000e\000n\000t\000o\000r\000n\000o}{section.6.4}% 203
\BOOKMARK [2][-]{subsection.6.4.2}{\376\377\000P\000a\000s\000o\000\040\0002\000:\000\040\000C\000o\000m\000p\000i\000l\000a\000c\000i\000\363\000n\000\040\000d\000e\000l\000\040\000c\000\363\000d\000i\000g\000o\000\040\000f\000u\000e\000n\000t\000e}{section.6.4}% 204
\BOOKMARK [2][-]{subsection.6.4.3}{\376\377\000P\000a\000s\000o\000\040\0003\000:\000\040\000E\000s\000t\000r\000u\000c\000t\000u\000r\000a\000\040\000d\000e\000\040\000a\000r\000c\000h\000i\000v\000o\000s\000\040\000g\000e\000n\000e\000r\000a\000d\000a}{section.6.4}% 205
\BOOKMARK [1][-]{section.6.5}{\376\377\000C\000r\000e\000a\000c\000i\000\363\000n\000\040\000d\000e\000\040\000e\000j\000e\000c\000u\000t\000a\000b\000l\000e\000s\000\040\000n\000a\000t\000i\000v\000o\000s}{chapter.6}% 206
\BOOKMARK [2][-]{subsection.6.5.1}{\376\377\000U\000s\000a\000n\000d\000o\000\040\000j\000p\000a\000c\000k\000a\000g\000e}{section.6.5}% 207
\BOOKMARK [3][-]{subsubsection.6.5.1.1}{\376\377\000m\000a\000c\000O\000S}{subsection.6.5.1}% 208
\BOOKMARK [3][-]{subsubsection.6.5.1.2}{\376\377\000W\000i\000n\000d\000o\000w\000s}{subsection.6.5.1}% 209
\BOOKMARK [3][-]{subsubsection.6.5.1.3}{\376\377\000L\000i\000n\000u\000x}{subsection.6.5.1}% 210
\BOOKMARK [2][-]{subsection.6.5.2}{\376\377\000A\000p\000l\000i\000c\000a\000c\000i\000\363\000n\000\040\000i\000n\000d\000e\000p\000e\000n\000d\000i\000e\000n\000t\000e\000\040\000p\000a\000r\000a\000\040\000m\000a\000c\000O\000S}{section.6.5}% 211
\BOOKMARK [1][-]{section.6.6}{\376\377\000C\000o\000n\000f\000i\000g\000u\000r\000a\000c\000i\000\363\000n\000\040\000d\000e\000l\000\040\000m\000a\000n\000i\000f\000e\000s\000t}{chapter.6}% 212
\BOOKMARK [2][-]{subsection.6.6.1}{\376\377\000A\000r\000c\000h\000i\000v\000o\000\040\000M\000A\000N\000I\000F\000E\000S\000T\000.\000M\000F}{section.6.6}% 213
\BOOKMARK [1][-]{section.6.7}{\376\377\000D\000i\000s\000t\000r\000i\000b\000u\000c\000i\000\363\000n}{chapter.6}% 214
\BOOKMARK [2][-]{subsection.6.7.1}{\376\377\000R\000e\000q\000u\000i\000s\000i\000t\000o\000s\000\040\000p\000a\000r\000a\000\040\000u\000s\000u\000a\000r\000i\000o\000s\000\040\000f\000i\000n\000a\000l\000e\000s}{section.6.7}% 215
\BOOKMARK [2][-]{subsection.6.7.2}{\376\377\000I\000n\000s\000t\000r\000u\000c\000c\000i\000o\000n\000e\000s\000\040\000d\000e\000\040\000i\000n\000s\000t\000a\000l\000a\000c\000i\000\363\000n}{section.6.7}% 216
\BOOKMARK [3][-]{subsubsection.6.7.2.1}{\376\377\000P\000a\000r\000a\000\040\000d\000e\000s\000a\000r\000r\000o\000l\000l\000a\000d\000o\000r\000e\000s}{subsection.6.7.2}% 217
\BOOKMARK [3][-]{subsubsection.6.7.2.2}{\376\377\000P\000a\000r\000a\000\040\000u\000s\000u\000a\000r\000i\000o\000s\000\040\000f\000i\000n\000a\000l\000e\000s}{subsection.6.7.2}% 218
\BOOKMARK [1][-]{section.6.8}{\376\377\000S\000o\000l\000u\000c\000i\000\363\000n\000\040\000d\000e\000\040\000p\000r\000o\000b\000l\000e\000m\000a\000s}{chapter.6}% 219
\BOOKMARK [2][-]{subsection.6.8.1}{\376\377\000E\000r\000r\000o\000r\000e\000s\000\040\000c\000o\000m\000u\000n\000e\000s}{section.6.8}% 220
\BOOKMARK [3][-]{subsubsection.6.8.1.1}{\376\377\000E\000r\000r\000o\000r\000:\000\040\000J\000a\000v\000a\000F\000X\000\040\000r\000u\000n\000t\000i\000m\000e\000\040\000c\000o\000m\000p\000o\000n\000e\000n\000t\000s\000\040\000a\000r\000e\000\040\000m\000i\000s\000s\000i\000n\000g}{subsection.6.8.1}% 221
\BOOKMARK [3][-]{subsubsection.6.8.1.2}{\376\377\000E\000r\000r\000o\000r\000:\000\040\000M\000a\000i\000n\000\040\000c\000l\000a\000s\000s\000\040\000n\000o\000t\000\040\000f\000o\000u\000n\000d}{subsection.6.8.1}% 222
\BOOKMARK [3][-]{subsubsection.6.8.1.3}{\376\377\000E\000r\000r\000o\000r\000:\000\040\000P\000e\000r\000m\000i\000s\000s\000i\000o\000n\000\040\000d\000e\000n\000i\000e\000d}{subsection.6.8.1}% 223
\BOOKMARK [2][-]{subsection.6.8.2}{\376\377\000V\000e\000r\000i\000f\000i\000c\000a\000c\000i\000\363\000n\000\040\000d\000e\000\040\000l\000a\000\040\000i\000n\000s\000t\000a\000l\000a\000c\000i\000\363\000n}{section.6.8}% 224
\BOOKMARK [1][-]{section.6.9}{\376\377\000O\000p\000t\000i\000m\000i\000z\000a\000c\000i\000o\000n\000e\000s\000\040\000d\000e\000\040\000r\000e\000n\000d\000i\000m\000i\000e\000n\000t\000o}{chapter.6}% 225
\BOOKMARK [2][-]{subsection.6.9.1}{\376\377\000C\000o\000n\000f\000i\000g\000u\000r\000a\000c\000i\000\363\000n\000\040\000d\000e\000\040\000J\000V\000M}{section.6.9}% 226
\BOOKMARK [2][-]{subsection.6.9.2}{\376\377\000R\000e\000d\000u\000c\000c\000i\000\363\000n\000\040\000d\000e\000l\000\040\000t\000a\000m\000a\000\361\000o}{section.6.9}% 227
\BOOKMARK [1][-]{section.6.10}{\376\377\000A\000u\000t\000o\000m\000a\000t\000i\000z\000a\000c\000i\000\363\000n\000\040\000c\000o\000n\000\040\000C\000I\000/\000C\000D}{chapter.6}% 228
\BOOKMARK [2][-]{subsection.6.10.1}{\376\377\000G\000i\000t\000H\000u\000b\000\040\000A\000c\000t\000i\000o\000n\000s}{section.6.10}% 229
\BOOKMARK [2][-]{subsection.6.10.2}{\376\377\000B\000e\000n\000e\000f\000i\000c\000i\000o\000s\000\040\000d\000e\000\040\000l\000a\000\040\000a\000u\000t\000o\000m\000a\000t\000i\000z\000a\000c\000i\000\363\000n}{section.6.10}% 230
\BOOKMARK [1][-]{section.6.11}{\376\377\000R\000e\000f\000e\000r\000e\000n\000c\000i\000a\000s\000\040\000a\000l\000\040\000c\000\363\000d\000i\000g\000o\000\040\000f\000u\000e\000n\000t\000e}{chapter.6}% 231
\BOOKMARK [1][-]{section.6.12}{\376\377\000C\000o\000n\000c\000l\000u\000s\000i\000\363\000n}{chapter.6}% 232
\BOOKMARK [1][-]{section.6.13}{\376\377\000C\000o\000n\000s\000i\000d\000e\000r\000a\000c\000i\000o\000n\000e\000s\000\040\000d\000e\000\040\000s\000e\000g\000u\000r\000i\000d\000a\000d}{chapter.6}% 233
\BOOKMARK [2][-]{subsection.6.13.1}{\376\377\000F\000i\000r\000m\000a\000\040\000d\000e\000\040\000c\000\363\000d\000i\000g\000o}{section.6.13}% 234
\BOOKMARK [2][-]{subsection.6.13.2}{\376\377\000V\000e\000r\000i\000f\000i\000c\000a\000c\000i\000\363\000n\000\040\000d\000e\000\040\000d\000e\000p\000e\000n\000d\000e\000n\000c\000i\000a\000s}{section.6.13}% 235
\BOOKMARK [0][-]{chapter.7}{\376\377\000E\000s\000t\000r\000u\000c\000t\000u\000r\000a\000\040\000d\000e\000l\000\040\000r\000e\000p\000o\000s\000i\000t\000o\000r\000i\000o}{part.2}% 236
\BOOKMARK [1][-]{section.7.1}{\376\377\000I\000n\000t\000r\000o\000d\000u\000c\000c\000i\000\363\000n}{chapter.7}% 237
\BOOKMARK [1][-]{section.7.2}{\376\377\000E\000s\000t\000r\000u\000c\000t\000u\000r\000a\000\040\000g\000e\000n\000e\000r\000a\000l\000\040\000d\000e\000l\000\040\000r\000e\000p\000o\000s\000i\000t\000o\000r\000i\000o}{chapter.7}% 238
\BOOKMARK [1][-]{section.7.3}{\376\377\000D\000i\000r\000e\000c\000t\000o\000r\000i\000o\000\040\000s\000r\000c\000/\000\040\000-\000\040\000C\000\363\000d\000i\000g\000o\000\040\000f\000u\000e\000n\000t\000e}{chapter.7}% 239
\BOOKMARK [1][-]{section.7.4}{\376\377\000N\000a\000v\000e\000g\000a\000c\000i\000\363\000n\000\040\000p\000o\000r\000\040\000p\000a\000q\000u\000e\000t\000e\000s\000\040\000p\000r\000i\000n\000c\000i\000p\000a\000l\000e\000s}{chapter.7}% 240
\BOOKMARK [2][-]{subsection.7.4.1}{\376\377\000P\000a\000q\000u\000e\000t\000e\000\040\000b\000i\000e\000n\000v\000e\000n\000i\000d\000a}{section.7.4}% 241
\BOOKMARK [2][-]{subsection.7.4.2}{\376\377\000P\000a\000q\000u\000e\000t\000e\000\040\000e\000d\000i\000t\000o\000r}{section.7.4}% 242
\BOOKMARK [2][-]{subsection.7.4.3}{\376\377\000P\000a\000q\000u\000e\000t\000e\000\040\000g\000r\000a\000m\000a\000t\000i\000c\000a}{section.7.4}% 243
\BOOKMARK [2][-]{subsection.7.4.4}{\376\377\000P\000a\000q\000u\000e\000t\000e\000\040\000s\000i\000m\000u\000l\000a\000d\000o\000r}{section.7.4}% 244
\BOOKMARK [2][-]{subsection.7.4.5}{\376\377\000P\000a\000q\000u\000e\000t\000e\000\040\000u\000t\000i\000l\000s}{section.7.4}% 245
\BOOKMARK [1][-]{section.7.5}{\376\377\000R\000e\000c\000u\000r\000s\000o\000s\000\040\000y\000\040\000c\000o\000n\000f\000i\000g\000u\000r\000a\000c\000i\000\363\000n}{chapter.7}% 246
\BOOKMARK [2][-]{subsection.7.5.1}{\376\377\000D\000i\000r\000e\000c\000t\000o\000r\000i\000o\000\040\000r\000e\000s\000o\000u\000r\000c\000e\000s\000/}{section.7.5}% 247
\BOOKMARK [2][-]{subsection.7.5.2}{\376\377\000D\000i\000r\000e\000c\000t\000o\000r\000i\000o\000\040\000v\000i\000s\000t\000a\000s\000/}{section.7.5}% 248
\BOOKMARK [2][-]{subsection.7.5.3}{\376\377\000A\000r\000c\000h\000i\000v\000o\000s\000\040\000d\000e\000\040\000c\000o\000n\000f\000i\000g\000u\000r\000a\000c\000i\000\363\000n}{section.7.5}% 249
\BOOKMARK [1][-]{section.7.6}{\376\377\000C\000o\000n\000v\000e\000n\000c\000i\000o\000n\000e\000s\000\040\000d\000e\000\040\000n\000o\000m\000e\000n\000c\000l\000a\000t\000u\000r\000a}{chapter.7}% 250
\BOOKMARK [2][-]{subsection.7.6.1}{\376\377\000N\000o\000m\000b\000r\000e\000s\000\040\000d\000e\000\040\000p\000a\000q\000u\000e\000t\000e\000s}{section.7.6}% 251
\BOOKMARK [2][-]{subsection.7.6.2}{\376\377\000N\000o\000m\000b\000r\000e\000s\000\040\000d\000e\000\040\000c\000l\000a\000s\000e\000s}{section.7.6}% 252
\BOOKMARK [2][-]{subsection.7.6.3}{\376\377\000N\000o\000m\000b\000r\000e\000s\000\040\000d\000e\000\040\000a\000r\000c\000h\000i\000v\000o\000s}{section.7.6}% 253
\BOOKMARK [1][-]{section.7.7}{\376\377\000N\000a\000v\000e\000g\000a\000c\000i\000\363\000n\000\040\000e\000f\000i\000c\000i\000e\000n\000t\000e\000\040\000d\000e\000l\000\040\000c\000\363\000d\000i\000g\000o}{chapter.7}% 254
\BOOKMARK [2][-]{subsection.7.7.1}{\376\377\000D\000e\000s\000d\000e\000\040\000e\000l\000\040\000r\000e\000p\000o\000s\000i\000t\000o\000r\000i\000o\000\040\000G\000i\000t\000H\000u\000b}{section.7.7}% 255
\BOOKMARK [2][-]{subsection.7.7.2}{\376\377\000D\000e\000s\000d\000e\000\040\000e\000l\000\040\000c\000\363\000d\000i\000g\000o\000\040\000l\000o\000c\000a\000l}{section.7.7}% 256
\BOOKMARK [2][-]{subsection.7.7.3}{\376\377\000R\000e\000f\000e\000r\000e\000n\000c\000i\000a\000s\000\040\000c\000r\000u\000z\000a\000d\000a\000s\000\040\000i\000m\000p\000o\000r\000t\000a\000n\000t\000e\000s}{section.7.7}% 257
\BOOKMARK [1][-]{section.7.8}{\376\377\000M\000a\000n\000t\000e\000n\000i\000m\000i\000e\000n\000t\000o\000\040\000y\000\040\000e\000v\000o\000l\000u\000c\000i\000\363\000n}{chapter.7}% 258
\BOOKMARK [2][-]{subsection.7.8.1}{\376\377\000E\000s\000t\000r\000u\000c\000t\000u\000r\000a\000\040\000e\000x\000t\000e\000n\000s\000i\000b\000l\000e}{section.7.8}% 259
\BOOKMARK [2][-]{subsection.7.8.2}{\376\377\000C\000o\000n\000t\000r\000o\000l\000\040\000d\000e\000\040\000v\000e\000r\000s\000i\000o\000n\000e\000s}{section.7.8}% 260
\BOOKMARK [0][-]{chapter.8}{\376\377\000C\000o\000n\000v\000e\000n\000c\000i\000o\000n\000e\000s\000\040\000d\000e\000\040\000c\000\363\000d\000i\000g\000o\000\040\000y\000\040\000m\000e\000j\000o\000r\000e\000s\000\040\000p\000r\000\341\000c\000t\000i\000c\000a\000s}{part.2}% 261
\BOOKMARK [1][-]{section.8.1}{\376\377\000I\000n\000t\000r\000o\000d\000u\000c\000c\000i\000\363\000n}{chapter.8}% 262
\BOOKMARK [1][-]{section.8.2}{\376\377\000C\000o\000n\000v\000e\000n\000c\000i\000o\000n\000e\000s\000\040\000d\000e\000\040\000n\000o\000m\000e\000n\000c\000l\000a\000t\000u\000r\000a}{chapter.8}% 263
\BOOKMARK [2][-]{subsection.8.2.1}{\376\377\000N\000o\000m\000b\000r\000e\000s\000\040\000d\000e\000\040\000p\000a\000q\000u\000e\000t\000e\000s}{section.8.2}% 264
\BOOKMARK [2][-]{subsection.8.2.2}{\376\377\000N\000o\000m\000b\000r\000e\000s\000\040\000d\000e\000\040\000c\000l\000a\000s\000e\000s}{section.8.2}% 265
\BOOKMARK [2][-]{subsection.8.2.3}{\376\377\000N\000o\000m\000b\000r\000e\000s\000\040\000d\000e\000\040\000m\000\351\000t\000o\000d\000o\000s}{section.8.2}% 266
\BOOKMARK [2][-]{subsection.8.2.4}{\376\377\000N\000o\000m\000b\000r\000e\000s\000\040\000d\000e\000\040\000v\000a\000r\000i\000a\000b\000l\000e\000s}{section.8.2}% 267
\BOOKMARK [2][-]{subsection.8.2.5}{\376\377\000N\000o\000m\000b\000r\000e\000s\000\040\000d\000e\000\040\000a\000r\000c\000h\000i\000v\000o\000s}{section.8.2}% 268
\BOOKMARK [1][-]{section.8.3}{\376\377\000E\000s\000t\000r\000u\000c\000t\000u\000r\000a\000\040\000y\000\040\000o\000r\000g\000a\000n\000i\000z\000a\000c\000i\000\363\000n\000\040\000d\000e\000l\000\040\000c\000\363\000d\000i\000g\000o}{chapter.8}% 269
\BOOKMARK [2][-]{subsection.8.3.1}{\376\377\000E\000s\000t\000r\000u\000c\000t\000u\000r\000a\000\040\000d\000e\000\040\000c\000l\000a\000s\000e\000s}{section.8.3}% 270
\BOOKMARK [2][-]{subsection.8.3.2}{\376\377\000I\000m\000p\000o\000r\000t\000s\000\040\000y\000\040\000d\000e\000p\000e\000n\000d\000e\000n\000c\000i\000a\000s}{section.8.3}% 271
\BOOKMARK [1][-]{section.8.4}{\376\377\000P\000a\000t\000r\000o\000n\000e\000s\000\040\000d\000e\000\040\000d\000i\000s\000e\000\361\000o\000\040\000i\000m\000p\000l\000e\000m\000e\000n\000t\000a\000d\000o\000s}{chapter.8}% 272
\BOOKMARK [2][-]{subsection.8.4.1}{\376\377\000P\000a\000t\000r\000o\000n\000e\000s\000\040\000c\000r\000e\000a\000c\000i\000o\000n\000a\000l\000e\000s}{section.8.4}% 273
\BOOKMARK [3][-]{subsubsection.8.4.1.1}{\376\377\000S\000i\000n\000g\000l\000e\000t\000o\000n}{subsection.8.4.1}% 274
\BOOKMARK [3][-]{subsubsection.8.4.1.2}{\376\377\000F\000a\000c\000t\000o\000r\000y\000\040\000M\000e\000t\000h\000o\000d}{subsection.8.4.1}% 275
\BOOKMARK [2][-]{subsection.8.4.2}{\376\377\000P\000a\000t\000r\000o\000n\000e\000s\000\040\000e\000s\000t\000r\000u\000c\000t\000u\000r\000a\000l\000e\000s}{section.8.4}% 276
\BOOKMARK [3][-]{subsubsection.8.4.2.1}{\376\377\000M\000V\000C\000\040\000\050\000M\000o\000d\000e\000l\000o\000-\000V\000i\000s\000t\000a\000-\000C\000o\000n\000t\000r\000o\000l\000a\000d\000o\000r\000\051}{subsection.8.4.2}% 277
\BOOKMARK [3][-]{subsubsection.8.4.2.2}{\376\377\000F\000a\000c\000a\000d\000e}{subsection.8.4.2}% 278
\BOOKMARK [3][-]{subsubsection.8.4.2.3}{\376\377\000C\000o\000m\000p\000o\000s\000i\000t\000e}{subsection.8.4.2}% 279
\BOOKMARK [2][-]{subsection.8.4.3}{\376\377\000P\000a\000t\000r\000o\000n\000e\000s\000\040\000d\000e\000\040\000c\000o\000m\000p\000o\000r\000t\000a\000m\000i\000e\000n\000t\000o}{section.8.4}% 280
\BOOKMARK [3][-]{subsubsection.8.4.3.1}{\376\377\000O\000b\000s\000e\000r\000v\000e\000r}{subsection.8.4.3}% 281
\BOOKMARK [3][-]{subsubsection.8.4.3.2}{\376\377\000S\000t\000r\000a\000t\000e\000g\000y}{subsection.8.4.3}% 282
\BOOKMARK [3][-]{subsubsection.8.4.3.3}{\376\377\000C\000o\000m\000m\000a\000n\000d}{subsection.8.4.3}% 283
\BOOKMARK [3][-]{subsubsection.8.4.3.4}{\376\377\000T\000e\000m\000p\000l\000a\000t\000e\000\040\000M\000e\000t\000h\000o\000d}{subsection.8.4.3}% 284
\BOOKMARK [3][-]{subsubsection.8.4.3.5}{\376\377\000M\000e\000d\000i\000a\000t\000o\000r}{subsection.8.4.3}% 285
\BOOKMARK [1][-]{section.8.5}{\376\377\000M\000e\000j\000o\000r\000e\000s\000\040\000p\000r\000\341\000c\000t\000i\000c\000a\000s\000\040\000i\000m\000p\000l\000e\000m\000e\000n\000t\000a\000d\000a\000s}{chapter.8}% 286
\BOOKMARK [2][-]{subsection.8.5.1}{\376\377\000G\000e\000s\000t\000i\000\363\000n\000\040\000d\000e\000\040\000m\000e\000m\000o\000r\000i\000a}{section.8.5}% 287
\BOOKMARK [2][-]{subsection.8.5.2}{\376\377\000M\000a\000n\000e\000j\000o\000\040\000d\000e\000\040\000e\000r\000r\000o\000r\000e\000s}{section.8.5}% 288
\BOOKMARK [2][-]{subsection.8.5.3}{\376\377\000I\000n\000t\000e\000r\000n\000a\000c\000i\000o\000n\000a\000l\000i\000z\000a\000c\000i\000\363\000n}{section.8.5}% 289
\BOOKMARK [2][-]{subsection.8.5.4}{\376\377\000D\000o\000c\000u\000m\000e\000n\000t\000a\000c\000i\000\363\000n}{section.8.5}% 290
\BOOKMARK [1][-]{section.8.6}{\376\377\000P\000r\000i\000n\000c\000i\000p\000i\000o\000s\000\040\000d\000e\000\040\000d\000i\000s\000e\000\361\000o\000\040\000a\000p\000l\000i\000c\000a\000d\000o\000s}{chapter.8}% 291
\BOOKMARK [2][-]{subsection.8.6.1}{\376\377\000S\000O\000L\000I\000D\000\040\000P\000r\000i\000n\000c\000i\000p\000l\000e\000s}{section.8.6}% 292
\BOOKMARK [3][-]{subsubsection.8.6.1.1}{\376\377\000S\000\040\000-\000\040\000S\000i\000n\000g\000l\000e\000\040\000R\000e\000s\000p\000o\000n\000s\000i\000b\000i\000l\000i\000t\000y\000\040\000P\000r\000i\000n\000c\000i\000p\000l\000e}{subsection.8.6.1}% 293
\BOOKMARK [3][-]{subsubsection.8.6.1.2}{\376\377\000O\000\040\000-\000\040\000O\000p\000e\000n\000/\000C\000l\000o\000s\000e\000d\000\040\000P\000r\000i\000n\000c\000i\000p\000l\000e}{subsection.8.6.1}% 294
\BOOKMARK [3][-]{subsubsection.8.6.1.3}{\376\377\000L\000\040\000-\000\040\000L\000i\000s\000k\000o\000v\000\040\000S\000u\000b\000s\000t\000i\000t\000u\000t\000i\000o\000n\000\040\000P\000r\000i\000n\000c\000i\000p\000l\000e}{subsection.8.6.1}% 295
\BOOKMARK [3][-]{subsubsection.8.6.1.4}{\376\377\000I\000\040\000-\000\040\000I\000n\000t\000e\000r\000f\000a\000c\000e\000\040\000S\000e\000g\000r\000e\000g\000a\000t\000i\000o\000n\000\040\000P\000r\000i\000n\000c\000i\000p\000l\000e}{subsection.8.6.1}% 296
\BOOKMARK [3][-]{subsubsection.8.6.1.5}{\376\377\000D\000\040\000-\000\040\000D\000e\000p\000e\000n\000d\000e\000n\000c\000y\000\040\000I\000n\000v\000e\000r\000s\000i\000o\000n\000\040\000P\000r\000i\000n\000c\000i\000p\000l\000e}{subsection.8.6.1}% 297
\BOOKMARK [2][-]{subsection.8.6.2}{\376\377\000D\000R\000Y\000\040\000\050\000D\000o\000n\000'\000t\000\040\000R\000e\000p\000e\000a\000t\000\040\000Y\000o\000u\000r\000s\000e\000l\000f\000\051}{section.8.6}% 298
\BOOKMARK [2][-]{subsection.8.6.3}{\376\377\000K\000I\000S\000S\000\040\000\050\000K\000e\000e\000p\000\040\000I\000t\000\040\000S\000i\000m\000p\000l\000e\000,\000\040\000S\000t\000u\000p\000i\000d\000\051}{section.8.6}% 299
\BOOKMARK [1][-]{section.8.7}{\376\377\000H\000e\000r\000r\000a\000m\000i\000e\000n\000t\000a\000s\000\040\000d\000e\000\040\000d\000e\000s\000a\000r\000r\000o\000l\000l\000o}{chapter.8}% 300
\BOOKMARK [2][-]{subsection.8.7.1}{\376\377\000C\000o\000n\000t\000r\000o\000l\000\040\000d\000e\000\040\000v\000e\000r\000s\000i\000o\000n\000e\000s}{section.8.7}% 301
\BOOKMARK [2][-]{subsection.8.7.2}{\376\377\000I\000D\000E\000\040\000y\000\040\000h\000e\000r\000r\000a\000m\000i\000e\000n\000t\000a\000s}{section.8.7}% 302
\BOOKMARK [2][-]{subsection.8.7.3}{\376\377\000C\000o\000n\000s\000t\000r\000u\000c\000c\000i\000\363\000n\000\040\000y\000\040\000d\000e\000s\000p\000l\000i\000e\000g\000u\000e}{section.8.7}% 303
\BOOKMARK [1][-]{section.8.8}{\376\377\000M\000\351\000t\000r\000i\000c\000a\000s\000\040\000d\000e\000\040\000c\000a\000l\000i\000d\000a\000d\000\040\000d\000e\000l\000\040\000c\000\363\000d\000i\000g\000o}{chapter.8}% 304
\BOOKMARK [2][-]{subsection.8.8.1}{\376\377\000C\000o\000m\000p\000l\000e\000j\000i\000d\000a\000d\000\040\000c\000i\000c\000l\000o\000m\000\341\000t\000i\000c\000a}{section.8.8}% 305
\BOOKMARK [2][-]{subsection.8.8.2}{\376\377\000C\000o\000b\000e\000r\000t\000u\000r\000a\000\040\000d\000e\000\040\000c\000\363\000d\000i\000g\000o}{section.8.8}% 306
\BOOKMARK [1][-]{section.8.9}{\376\377\000G\000u\000\355\000a\000s\000\040\000d\000e\000\040\000c\000o\000n\000t\000r\000i\000b\000u\000c\000i\000\363\000n}{chapter.8}% 307
\BOOKMARK [2][-]{subsection.8.9.1}{\376\377\000P\000r\000o\000c\000e\000s\000o\000\040\000d\000e\000\040\000d\000e\000s\000a\000r\000r\000o\000l\000l\000o}{section.8.9}% 308
\BOOKMARK [2][-]{subsection.8.9.2}{\376\377\000E\000s\000t\000a\000n\000d\000a\000r\000e\000s\000\040\000d\000e\000\040\000c\000o\000m\000m\000i\000t}{section.8.9}% 309
\BOOKMARK [2][-]{subsection.8.9.3}{\376\377\000C\000o\000d\000e\000\040\000r\000e\000v\000i\000e\000w\000s}{section.8.9}% 310
\BOOKMARK [1][-]{section.8.10}{\376\377\000C\000o\000n\000c\000l\000u\000s\000i\000\363\000n}{chapter.8}% 311
\BOOKMARK [0][-]{section.8.10}{\376\377\000B\000i\000b\000l\000i\000o\000g\000r\000a\000f\000\355\000a}{part.2}% 312
