\BOOKMARK [0][-]{chapter.1}{\376\377\000I\000n\000t\000r\000o\000d\000u\000c\000c\000i\000\363\000n}{}% 1
\BOOKMARK [1][-]{section.1.1}{\376\377\000\277\000Q\000u\000\351\000\040\000e\000s\000\040\000S\000i\000m\000A\000S\000\040\0003\000.\0000\000?}{chapter.1}% 2
\BOOKMARK [1][-]{section.1.2}{\376\377\000O\000b\000j\000e\000t\000i\000v\000o\000s\000\040\000d\000e\000\040\000S\000i\000m\000A\000S\000\040\0003\000.\0000}{chapter.1}% 3
\BOOKMARK [1][-]{section.1.3}{\376\377\000C\000a\000r\000a\000c\000t\000e\000r\000\355\000s\000t\000i\000c\000a\000s\000\040\000p\000r\000i\000n\000c\000i\000p\000a\000l\000e\000s}{chapter.1}% 4
\BOOKMARK [2][-]{subsection.1.3.1}{\376\377\000E\000d\000i\000t\000o\000r\000\040\000d\000e\000\040\000g\000r\000a\000m\000\341\000t\000i\000c\000a\000s}{section.1.3}% 5
\BOOKMARK [2][-]{subsection.1.3.2}{\376\377\000S\000i\000m\000u\000l\000a\000d\000o\000r\000\040\000d\000e\000s\000c\000e\000n\000d\000e\000n\000t\000e\000\040\000p\000r\000e\000d\000i\000c\000t\000i\000v\000o}{section.1.3}% 6
\BOOKMARK [2][-]{subsection.1.3.3}{\376\377\000I\000n\000t\000e\000r\000f\000a\000z\000\040\000d\000e\000\040\000u\000s\000u\000a\000r\000i\000o}{section.1.3}% 7
\BOOKMARK [1][-]{section.1.4}{\376\377\000R\000e\000q\000u\000i\000s\000i\000t\000o\000s\000\040\000d\000e\000l\000\040\000s\000i\000s\000t\000e\000m\000a}{chapter.1}% 8
\BOOKMARK [2][-]{subsection.1.4.1}{\376\377\000R\000e\000q\000u\000i\000s\000i\000t\000o\000s\000\040\000m\000\355\000n\000i\000m\000o\000s}{section.1.4}% 9
\BOOKMARK [2][-]{subsection.1.4.2}{\376\377\000R\000e\000q\000u\000i\000s\000i\000t\000o\000s\000\040\000r\000e\000c\000o\000m\000e\000n\000d\000a\000d\000o\000s}{section.1.4}% 10
\BOOKMARK [1][-]{section.1.5}{\376\377\000O\000r\000g\000a\000n\000i\000z\000a\000c\000i\000\363\000n\000\040\000d\000e\000l\000\040\000m\000a\000n\000u\000a\000l}{chapter.1}% 11
\BOOKMARK [1][-]{section.1.6}{\376\377\000C\000o\000n\000v\000e\000n\000c\000i\000o\000n\000e\000s\000\040\000u\000t\000i\000l\000i\000z\000a\000d\000a\000s}{chapter.1}% 12
\BOOKMARK [1][-]{section.1.7}{\376\377\000N\000o\000t\000a\000s\000\040\000i\000m\000p\000o\000r\000t\000a\000n\000t\000e\000s}{chapter.1}% 13
\BOOKMARK [1][-]{section.1.8}{\376\377\000C\000o\000n\000t\000a\000c\000t\000o\000\040\000y\000\040\000S\000o\000p\000o\000r\000t\000e}{chapter.1}% 14
\BOOKMARK [0][-]{chapter.2}{\376\377\000I\000n\000s\000t\000a\000l\000a\000c\000i\000\363\000n\000\040\000y\000\040\000c\000o\000n\000f\000i\000g\000u\000r\000a\000c\000i\000\363\000n}{}% 15
\BOOKMARK [1][-]{section.2.1}{\376\377\000R\000e\000q\000u\000i\000s\000i\000t\000o\000s\000\040\000d\000e\000l\000\040\000s\000i\000s\000t\000e\000m\000a}{chapter.2}% 16
\BOOKMARK [2][-]{subsection.2.1.1}{\376\377\000R\000e\000q\000u\000i\000s\000i\000t\000o\000s\000\040\000m\000\355\000n\000i\000m\000o\000s}{section.2.1}% 17
\BOOKMARK [2][-]{subsection.2.1.2}{\376\377\000R\000e\000q\000u\000i\000s\000i\000t\000o\000s\000\040\000r\000e\000c\000o\000m\000e\000n\000d\000a\000d\000o\000s}{section.2.1}% 18
\BOOKMARK [1][-]{section.2.2}{\376\377\000I\000n\000s\000t\000a\000l\000a\000c\000i\000\363\000n\000\040\000d\000e\000\040\000J\000a\000v\000a}{chapter.2}% 19
\BOOKMARK [2][-]{subsection.2.2.1}{\376\377\000V\000e\000r\000i\000f\000i\000c\000a\000c\000i\000\363\000n\000\040\000d\000e\000\040\000J\000a\000v\000a}{section.2.2}% 20
\BOOKMARK [2][-]{subsection.2.2.2}{\376\377\000D\000e\000s\000c\000a\000r\000g\000a\000\040\000e\000\040\000i\000n\000s\000t\000a\000l\000a\000c\000i\000\363\000n\000\040\000d\000e\000\040\000J\000a\000v\000a}{section.2.2}% 21
\BOOKMARK [1][-]{section.2.3}{\376\377\000D\000e\000s\000c\000a\000r\000g\000a\000\040\000d\000e\000\040\000S\000i\000m\000A\000S\000\040\0003\000.\0000}{chapter.2}% 22
\BOOKMARK [2][-]{subsection.2.3.1}{\376\377\000U\000b\000i\000c\000a\000c\000i\000\363\000n\000\040\000d\000e\000\040\000l\000o\000s\000\040\000a\000r\000c\000h\000i\000v\000o\000s}{section.2.3}% 23
\BOOKMARK [2][-]{subsection.2.3.2}{\376\377\000V\000e\000r\000i\000f\000i\000c\000a\000c\000i\000\363\000n\000\040\000d\000e\000\040\000l\000a\000\040\000d\000e\000s\000c\000a\000r\000g\000a}{section.2.3}% 24
\BOOKMARK [1][-]{section.2.4}{\376\377\000I\000n\000s\000t\000a\000l\000a\000c\000i\000\363\000n\000\040\000d\000e\000\040\000S\000i\000m\000A\000S\000\040\0003\000.\0000}{chapter.2}% 25
\BOOKMARK [2][-]{subsection.2.4.1}{\376\377\000I\000n\000s\000t\000a\000l\000a\000c\000i\000\363\000n\000\040\000e\000n\000\040\000m\000a\000c\000O\000S}{section.2.4}% 26
\BOOKMARK [2][-]{subsection.2.4.2}{\376\377\000I\000n\000s\000t\000a\000l\000a\000c\000i\000\363\000n\000\040\000e\000n\000\040\000W\000i\000n\000d\000o\000w\000s}{section.2.4}% 27
\BOOKMARK [2][-]{subsection.2.4.3}{\376\377\000I\000n\000s\000t\000a\000l\000a\000c\000i\000\363\000n\000\040\000e\000n\000\040\000L\000i\000n\000u\000x}{section.2.4}% 28
\BOOKMARK [1][-]{section.2.5}{\376\377\000P\000r\000i\000m\000e\000r\000a\000\040\000e\000j\000e\000c\000u\000c\000i\000\363\000n}{chapter.2}% 29
\BOOKMARK [2][-]{subsection.2.5.1}{\376\377\000I\000n\000i\000c\000i\000o\000\040\000d\000e\000\040\000l\000a\000\040\000a\000p\000l\000i\000c\000a\000c\000i\000\363\000n}{section.2.5}% 30
\BOOKMARK [2][-]{subsection.2.5.2}{\376\377\000P\000a\000n\000t\000a\000l\000l\000a\000\040\000d\000e\000\040\000b\000i\000e\000n\000v\000e\000n\000i\000d\000a}{section.2.5}% 31
\BOOKMARK [2][-]{subsection.2.5.3}{\376\377\000C\000o\000n\000f\000i\000g\000u\000r\000a\000c\000i\000\363\000n\000\040\000i\000n\000i\000c\000i\000a\000l}{section.2.5}% 32
\BOOKMARK [1][-]{section.2.6}{\376\377\000C\000o\000n\000f\000i\000g\000u\000r\000a\000c\000i\000\363\000n\000\040\000d\000e\000\040\000l\000a\000\040\000a\000p\000l\000i\000c\000a\000c\000i\000\363\000n}{chapter.2}% 33
\BOOKMARK [2][-]{subsection.2.6.1}{\376\377\000S\000e\000l\000e\000c\000c\000i\000\363\000n\000\040\000d\000e\000\040\000i\000d\000i\000o\000m\000a}{section.2.6}% 34
\BOOKMARK [2][-]{subsection.2.6.2}{\376\377\000G\000e\000s\000t\000i\000\363\000n\000\040\000d\000e\000\040\000a\000r\000c\000h\000i\000v\000o\000s}{section.2.6}% 35
\BOOKMARK [1][-]{section.2.7}{\376\377\000D\000e\000s\000i\000n\000s\000t\000a\000l\000a\000c\000i\000\363\000n}{chapter.2}% 36
\BOOKMARK [2][-]{subsection.2.7.1}{\376\377\000D\000e\000s\000i\000n\000s\000t\000a\000l\000a\000c\000i\000\363\000n\000\040\000e\000n\000\040\000m\000a\000c\000O\000S}{section.2.7}% 37
\BOOKMARK [2][-]{subsection.2.7.2}{\376\377\000D\000e\000s\000i\000n\000s\000t\000a\000l\000a\000c\000i\000\363\000n\000\040\000e\000n\000\040\000W\000i\000n\000d\000o\000w\000s}{section.2.7}% 38
\BOOKMARK [2][-]{subsection.2.7.3}{\376\377\000D\000e\000s\000i\000n\000s\000t\000a\000l\000a\000c\000i\000\363\000n\000\040\000e\000n\000\040\000L\000i\000n\000u\000x}{section.2.7}% 39
\BOOKMARK [1][-]{section.2.8}{\376\377\000S\000o\000l\000u\000c\000i\000\363\000n\000\040\000d\000e\000\040\000p\000r\000o\000b\000l\000e\000m\000a\000s}{chapter.2}% 40
\BOOKMARK [2][-]{subsection.2.8.1}{\376\377\000P\000r\000o\000b\000l\000e\000m\000a\000s\000\040\000c\000o\000m\000u\000n\000e\000s}{section.2.8}% 41
\BOOKMARK [2][-]{subsection.2.8.2}{\376\377\000I\000n\000f\000o\000r\000m\000a\000c\000i\000\363\000n\000\040\000p\000a\000r\000a\000\040\000s\000o\000p\000o\000r\000t\000e\000\040\000t\000\351\000c\000n\000i\000c\000o}{section.2.8}% 42
\BOOKMARK [1][-]{section.2.9}{\376\377\000A\000c\000t\000u\000a\000l\000i\000z\000a\000c\000i\000o\000n\000e\000s\000\040\000f\000u\000t\000u\000r\000a\000s}{chapter.2}% 43
\BOOKMARK [2][-]{subsection.2.9.1}{\376\377\000P\000o\000l\000\355\000t\000i\000c\000a\000\040\000d\000e\000\040\000v\000e\000r\000s\000i\000o\000n\000e\000s}{section.2.9}% 44
\BOOKMARK [2][-]{subsection.2.9.2}{\376\377\000I\000n\000f\000o\000r\000m\000a\000c\000i\000\363\000n\000\040\000s\000o\000b\000r\000e\000\040\000n\000u\000e\000v\000a\000s\000\040\000v\000e\000r\000s\000i\000o\000n\000e\000s}{section.2.9}% 45
\BOOKMARK [2][-]{subsection.2.9.3}{\376\377\000M\000i\000g\000r\000a\000c\000i\000\363\000n\000\040\000e\000n\000t\000r\000e\000\040\000v\000e\000r\000s\000i\000o\000n\000e\000s}{section.2.9}% 46
\BOOKMARK [0][-]{chapter.3}{\376\377\000C\000a\000r\000a\000c\000t\000e\000r\000\355\000s\000t\000i\000c\000a\000s\000\040\000d\000e\000\040\000l\000a\000\040\000i\000n\000t\000e\000r\000f\000a\000z}{}% 47
\BOOKMARK [1][-]{section.3.1}{\376\377\000I\000n\000t\000r\000o\000d\000u\000c\000c\000i\000\363\000n\000\040\000a\000\040\000l\000a\000\040\000i\000n\000t\000e\000r\000f\000a\000z}{chapter.3}% 48
\BOOKMARK [1][-]{section.3.2}{\376\377\000P\000a\000n\000t\000a\000l\000l\000a\000\040\000d\000e\000\040\000b\000i\000e\000n\000v\000e\000n\000i\000d\000a}{chapter.3}% 49
\BOOKMARK [1][-]{section.3.3}{\376\377\000M\000e\000n\000\372\000\040\000p\000r\000i\000n\000c\000i\000p\000a\000l}{chapter.3}% 50
\BOOKMARK [2][-]{subsection.3.3.1}{\376\377\000E\000l\000e\000m\000e\000n\000t\000o\000s\000\040\000d\000e\000l\000\040\000m\000e\000n\000\372\000\040\000p\000r\000i\000n\000c\000i\000p\000a\000l}{section.3.3}% 51
\BOOKMARK [2][-]{subsection.3.3.2}{\376\377\000B\000o\000t\000o\000n\000e\000s\000\040\000p\000r\000i\000n\000c\000i\000p\000a\000l\000e\000s}{section.3.3}% 52
\BOOKMARK [1][-]{section.3.4}{\376\377\000S\000i\000s\000t\000e\000m\000a\000\040\000d\000e\000\040\000p\000e\000s\000t\000a\000\361\000a\000s}{chapter.3}% 53
\BOOKMARK [2][-]{subsection.3.4.1}{\376\377\000C\000a\000r\000a\000c\000t\000e\000r\000\355\000s\000t\000i\000c\000a\000s\000\040\000d\000e\000l\000\040\000s\000i\000s\000t\000e\000m\000a\000\040\000d\000e\000\040\000p\000e\000s\000t\000a\000\361\000a\000s}{section.3.4}% 54
\BOOKMARK [2][-]{subsection.3.4.2}{\376\377\000G\000e\000s\000t\000i\000\363\000n\000\040\000d\000e\000\040\000p\000e\000s\000t\000a\000\361\000a\000s}{section.3.4}% 55
\BOOKMARK [1][-]{section.3.5}{\376\377\000S\000e\000l\000e\000c\000t\000o\000r\000\040\000d\000e\000\040\000i\000d\000i\000o\000m\000a}{chapter.3}% 56
\BOOKMARK [2][-]{subsection.3.5.1}{\376\377\000I\000d\000i\000o\000m\000a\000s\000\040\000d\000i\000s\000p\000o\000n\000i\000b\000l\000e\000s}{section.3.5}% 57
\BOOKMARK [2][-]{subsection.3.5.2}{\376\377\000C\000a\000m\000b\000i\000o\000\040\000d\000e\000\040\000i\000d\000i\000o\000m\000a}{section.3.5}% 58
\BOOKMARK [1][-]{section.3.6}{\376\377\000A\000t\000a\000j\000o\000s\000\040\000d\000e\000\040\000t\000e\000c\000l\000a\000d\000o}{chapter.3}% 59
\BOOKMARK [2][-]{subsection.3.6.1}{\376\377\000A\000t\000a\000j\000o\000s\000\040\000d\000i\000s\000p\000o\000n\000i\000b\000l\000e\000s}{section.3.6}% 60
\BOOKMARK [2][-]{subsection.3.6.2}{\376\377\000U\000s\000o\000\040\000d\000e\000\040\000a\000t\000a\000j\000o\000s}{section.3.6}% 61
\BOOKMARK [1][-]{section.3.7}{\376\377\000E\000l\000e\000m\000e\000n\000t\000o\000s\000\040\000v\000i\000s\000u\000a\000l\000e\000s}{chapter.3}% 62
\BOOKMARK [2][-]{subsection.3.7.1}{\376\377\000I\000c\000o\000n\000o\000s\000\040\000y\000\040\000g\000r\000\341\000f\000i\000c\000o\000s}{section.3.7}% 63
\BOOKMARK [2][-]{subsection.3.7.2}{\376\377\000T\000i\000p\000o\000g\000r\000a\000f\000\355\000a\000\040\000y\000\040\000e\000s\000p\000a\000c\000i\000a\000d\000o}{section.3.7}% 64
\BOOKMARK [1][-]{section.3.8}{\376\377\000R\000e\000s\000p\000o\000n\000s\000i\000v\000i\000d\000a\000d\000\040\000d\000e\000\040\000l\000a\000\040\000i\000n\000t\000e\000r\000f\000a\000z}{chapter.3}% 65
\BOOKMARK [2][-]{subsection.3.8.1}{\376\377\000A\000d\000a\000p\000t\000a\000c\000i\000\363\000n\000\040\000a\000\040\000l\000a\000\040\000p\000a\000n\000t\000a\000l\000l\000a}{section.3.8}% 66
\BOOKMARK [2][-]{subsection.3.8.2}{\376\377\000O\000p\000t\000i\000m\000i\000z\000a\000c\000i\000\363\000n\000\040\000p\000a\000r\000a\000\040\000d\000i\000f\000e\000r\000e\000n\000t\000e\000s\000\040\000r\000e\000s\000o\000l\000u\000c\000i\000o\000n\000e\000s}{section.3.8}% 67
\BOOKMARK [1][-]{section.3.9}{\376\377\000A\000c\000c\000e\000s\000i\000b\000i\000l\000i\000d\000a\000d}{chapter.3}% 68
\BOOKMARK [2][-]{subsection.3.9.1}{\376\377\000C\000a\000r\000a\000c\000t\000e\000r\000\355\000s\000t\000i\000c\000a\000s\000\040\000d\000e\000\040\000a\000c\000c\000e\000s\000i\000b\000i\000l\000i\000d\000a\000d}{section.3.9}% 69
\BOOKMARK [2][-]{subsection.3.9.2}{\376\377\000C\000o\000m\000p\000a\000t\000i\000b\000i\000l\000i\000d\000a\000d\000\040\000c\000o\000n\000\040\000t\000e\000c\000n\000o\000l\000o\000g\000\355\000a\000s\000\040\000a\000s\000i\000s\000t\000i\000v\000a\000s}{section.3.9}% 70
\BOOKMARK [1][-]{section.3.10}{\376\377\000P\000e\000r\000s\000o\000n\000a\000l\000i\000z\000a\000c\000i\000\363\000n\000\040\000d\000e\000\040\000l\000a\000\040\000i\000n\000t\000e\000r\000f\000a\000z}{chapter.3}% 71
\BOOKMARK [2][-]{subsection.3.10.1}{\376\377\000O\000p\000c\000i\000o\000n\000e\000s\000\040\000d\000e\000\040\000p\000e\000r\000s\000o\000n\000a\000l\000i\000z\000a\000c\000i\000\363\000n}{section.3.10}% 72
\BOOKMARK [2][-]{subsection.3.10.2}{\376\377\000L\000i\000m\000i\000t\000a\000c\000i\000o\000n\000e\000s\000\040\000d\000e\000\040\000p\000e\000r\000s\000o\000n\000a\000l\000i\000z\000a\000c\000i\000\363\000n}{section.3.10}% 73
\BOOKMARK [1][-]{section.3.11}{\376\377\000I\000n\000t\000e\000g\000r\000a\000c\000i\000\363\000n\000\040\000e\000n\000t\000r\000e\000\040\000c\000o\000m\000p\000o\000n\000e\000n\000t\000e\000s}{chapter.3}% 74
\BOOKMARK [2][-]{subsection.3.11.1}{\376\377\000F\000l\000u\000j\000o\000\040\000d\000e\000\040\000t\000r\000a\000b\000a\000j\000o\000\040\000i\000n\000t\000e\000g\000r\000a\000d\000o}{section.3.11}% 75
\BOOKMARK [2][-]{subsection.3.11.2}{\376\377\000C\000o\000m\000u\000n\000i\000c\000a\000c\000i\000\363\000n\000\040\000e\000n\000t\000r\000e\000\040\000v\000e\000n\000t\000a\000n\000a\000s}{section.3.11}% 76
\BOOKMARK [1][-]{section.3.12}{\376\377\000S\000o\000l\000u\000c\000i\000\363\000n\000\040\000d\000e\000\040\000p\000r\000o\000b\000l\000e\000m\000a\000s\000\040\000d\000e\000\040\000i\000n\000t\000e\000r\000f\000a\000z}{chapter.3}% 77
\BOOKMARK [2][-]{subsection.3.12.1}{\376\377\000P\000r\000o\000b\000l\000e\000m\000a\000s\000\040\000c\000o\000m\000u\000n\000e\000s}{section.3.12}% 78
\BOOKMARK [2][-]{subsection.3.12.2}{\376\377\000O\000p\000t\000i\000m\000i\000z\000a\000c\000i\000\363\000n\000\040\000d\000e\000l\000\040\000r\000e\000n\000d\000i\000m\000i\000e\000n\000t\000o}{section.3.12}% 79
\BOOKMARK [1][-]{section.3.13}{\376\377\000V\000e\000n\000t\000a\000n\000a\000s\000\040\000s\000e\000c\000u\000n\000d\000a\000r\000i\000a\000s}{chapter.3}% 80
\BOOKMARK [2][-]{subsection.3.13.1}{\376\377\000C\000r\000e\000a\000c\000i\000\363\000n\000\040\000d\000e\000\040\000v\000e\000n\000t\000a\000n\000a\000s\000\040\000s\000e\000c\000u\000n\000d\000a\000r\000i\000a\000s}{section.3.13}% 81
\BOOKMARK [2][-]{subsection.3.13.2}{\376\377\000C\000a\000r\000a\000c\000t\000e\000r\000\355\000s\000t\000i\000c\000a\000s\000\040\000d\000e\000\040\000l\000a\000s\000\040\000v\000e\000n\000t\000a\000n\000a\000s\000\040\000s\000e\000c\000u\000n\000d\000a\000r\000i\000a\000s}{section.3.13}% 82
\BOOKMARK [2][-]{subsection.3.13.3}{\376\377\000G\000e\000s\000t\000i\000\363\000n\000\040\000d\000e\000\040\000m\000\372\000l\000t\000i\000p\000l\000e\000s\000\040\000v\000e\000n\000t\000a\000n\000a\000s}{section.3.13}% 83
\BOOKMARK [1][-]{section.3.14}{\376\377\000B\000a\000r\000r\000a\000\040\000d\000e\000\040\000e\000s\000t\000a\000d\000o\000\040\000y\000\040\000n\000o\000t\000i\000f\000i\000c\000a\000c\000i\000o\000n\000e\000s}{chapter.3}% 84
\BOOKMARK [2][-]{subsection.3.14.1}{\376\377\000E\000l\000e\000m\000e\000n\000t\000o\000s\000\040\000d\000e\000\040\000l\000a\000\040\000b\000a\000r\000r\000a\000\040\000d\000e\000\040\000e\000s\000t\000a\000d\000o}{section.3.14}% 85
\BOOKMARK [2][-]{subsection.3.14.2}{\376\377\000S\000i\000s\000t\000e\000m\000a\000\040\000d\000e\000\040\000n\000o\000t\000i\000f\000i\000c\000a\000c\000i\000o\000n\000e\000s}{section.3.14}% 86
\BOOKMARK [1][-]{section.3.15}{\376\377\000M\000e\000n\000\372\000s\000\040\000c\000o\000n\000t\000e\000x\000t\000u\000a\000l\000e\000s}{chapter.3}% 87
\BOOKMARK [2][-]{subsection.3.15.1}{\376\377\000M\000e\000n\000\372\000s\000\040\000c\000o\000n\000t\000e\000x\000t\000u\000a\000l\000e\000s\000\040\000d\000e\000\040\000p\000e\000s\000t\000a\000\361\000a\000s}{section.3.15}% 88
\BOOKMARK [1][-]{section.3.16}{\376\377\000C\000o\000n\000c\000l\000u\000s\000i\000\363\000n}{chapter.3}% 89
\BOOKMARK [0][-]{chapter.4}{\376\377\000E\000d\000i\000t\000o\000r\000\040\000d\000e\000\040\000g\000r\000a\000m\000\341\000t\000i\000c\000a\000s}{}% 90
\BOOKMARK [1][-]{section.4.1}{\376\377\000I\000n\000t\000r\000o\000d\000u\000c\000c\000i\000\363\000n\000\040\000a\000l\000\040\000e\000d\000i\000t\000o\000r}{chapter.4}% 91
\BOOKMARK [2][-]{subsection.4.1.1}{\376\377\000C\000a\000r\000a\000c\000t\000e\000r\000\355\000s\000t\000i\000c\000a\000s\000\040\000p\000r\000i\000n\000c\000i\000p\000a\000l\000e\000s}{section.4.1}% 92
\BOOKMARK [2][-]{subsection.4.1.2}{\376\377\000O\000b\000j\000e\000t\000i\000v\000o\000s\000\040\000d\000e\000l\000\040\000e\000d\000i\000t\000o\000r}{section.4.1}% 93
\BOOKMARK [1][-]{section.4.2}{\376\377\000A\000c\000c\000e\000s\000o\000\040\000a\000l\000\040\000e\000d\000i\000t\000o\000r}{chapter.4}% 94
\BOOKMARK [2][-]{subsection.4.2.1}{\376\377\000M\000\351\000t\000o\000d\000o\000s\000\040\000d\000e\000\040\000a\000c\000c\000e\000s\000o}{section.4.2}% 95
\BOOKMARK [1][-]{section.4.3}{\376\377\000I\000n\000t\000e\000r\000f\000a\000z\000\040\000d\000e\000l\000\040\000e\000d\000i\000t\000o\000r}{chapter.4}% 96
\BOOKMARK [2][-]{subsection.4.3.1}{\376\377\000E\000s\000t\000a\000d\000o\000\040\000v\000a\000c\000\355\000o\000\040\000d\000e\000l\000\040\000e\000d\000i\000t\000o\000r}{section.4.3}% 97
\BOOKMARK [2][-]{subsection.4.3.2}{\376\377\000E\000s\000t\000a\000d\000o\000\040\000c\000o\000n\000\040\000g\000r\000a\000m\000\341\000t\000i\000c\000a\000\040\000c\000a\000r\000g\000a\000d\000a}{section.4.3}% 98
\BOOKMARK [2][-]{subsection.4.3.3}{\376\377\000B\000a\000r\000r\000a\000\040\000d\000e\000\040\000h\000e\000r\000r\000a\000m\000i\000e\000n\000t\000a\000s}{section.4.3}% 99
\BOOKMARK [1][-]{section.4.4}{\376\377\000A\000s\000i\000s\000t\000e\000n\000t\000e\000\040\000g\000u\000i\000a\000d\000o\000\040\000d\000e\000\040\000c\000r\000e\000a\000c\000i\000\363\000n}{chapter.4}% 100
\BOOKMARK [2][-]{subsection.4.4.1}{\376\377\000A\000c\000c\000e\000s\000o\000\040\000a\000l\000\040\000a\000s\000i\000s\000t\000e\000n\000t\000e}{section.4.4}% 101
\BOOKMARK [2][-]{subsection.4.4.2}{\376\377\000P\000r\000o\000c\000e\000s\000o\000\040\000d\000e\000\040\000c\000r\000e\000a\000c\000i\000\363\000n}{section.4.4}% 102
\BOOKMARK [2][-]{subsection.4.4.3}{\376\377\000N\000a\000v\000e\000g\000a\000c\000i\000\363\000n\000\040\000d\000e\000l\000\040\000a\000s\000i\000s\000t\000e\000n\000t\000e}{section.4.4}% 103
\BOOKMARK [2][-]{subsection.4.4.4}{\376\377\000P\000a\000s\000o\000\040\0001\000:\000\040\000D\000a\000t\000o\000s\000\040\000d\000e\000\040\000l\000a\000\040\000g\000r\000a\000m\000\341\000t\000i\000c\000a}{section.4.4}% 104
\BOOKMARK [3][-]{subsubsection.4.4.4.1}{\376\377\000I\000n\000t\000e\000r\000f\000a\000z\000\040\000d\000e\000l\000\040\000p\000a\000s\000o\000\040\0001}{subsection.4.4.4}% 105
\BOOKMARK [3][-]{subsubsection.4.4.4.2}{\376\377\000C\000a\000m\000p\000o\000s\000\040\000d\000e\000l\000\040\000p\000a\000s\000o\000\040\0001}{subsection.4.4.4}% 106
\BOOKMARK [3][-]{subsubsection.4.4.4.3}{\376\377\000E\000s\000t\000a\000d\000o\000\040\000v\000a\000c\000\355\000o\000\040\000d\000e\000l\000\040\000p\000a\000s\000o\000\040\0001}{subsection.4.4.4}% 107
\BOOKMARK [3][-]{subsubsection.4.4.4.4}{\376\377\000R\000e\000q\000u\000i\000s\000i\000t\000o\000s\000\040\000d\000e\000l\000\040\000p\000a\000s\000o\000\040\0001}{subsection.4.4.4}% 108
\BOOKMARK [2][-]{subsection.4.4.5}{\376\377\000P\000a\000s\000o\000\040\0002\000:\000\040\000S\000\355\000m\000b\000o\000l\000o\000s}{section.4.4}% 109
\BOOKMARK [3][-]{subsubsection.4.4.5.1}{\376\377\000I\000n\000t\000e\000r\000f\000a\000z\000\040\000d\000e\000l\000\040\000p\000a\000s\000o\000\040\0002}{subsection.4.4.5}% 110
\BOOKMARK [3][-]{subsubsection.4.4.5.2}{\376\377\000E\000s\000t\000a\000d\000o\000\040\000v\000a\000c\000\355\000o\000\040\000d\000e\000l\000\040\000p\000a\000s\000o\000\040\0002}{subsection.4.4.5}% 111
\BOOKMARK [3][-]{subsubsection.4.4.5.3}{\376\377\000E\000l\000e\000m\000e\000n\000t\000o\000s\000\040\000d\000e\000l\000\040\000p\000a\000s\000o\000\040\0002}{subsection.4.4.5}% 112
\BOOKMARK [3][-]{subsubsection.4.4.5.4}{\376\377\000P\000a\000n\000e\000l\000e\000s\000\040\000a\000u\000x\000i\000l\000i\000a\000r\000e\000s}{subsection.4.4.5}% 113
\BOOKMARK [3][-]{subsubsection.4.4.5.5}{\376\377\000P\000a\000n\000e\000l\000\040\000d\000e\000\040\000s\000\355\000m\000b\000o\000l\000o\000s\000\040\000t\000e\000r\000m\000i\000n\000a\000l\000e\000s}{subsection.4.4.5}% 114
\BOOKMARK [3][-]{subsubsection.4.4.5.6}{\376\377\000E\000l\000e\000m\000e\000n\000t\000o\000s\000\040\000d\000e\000l\000\040\000p\000a\000n\000e\000l\000\040\000d\000e\000\040\000s\000\355\000m\000b\000o\000l\000o\000s\000\040\000t\000e\000r\000m\000i\000n\000a\000l\000e\000s}{subsection.4.4.5}% 115
\BOOKMARK [3][-]{subsubsection.4.4.5.7}{\376\377\000F\000u\000n\000c\000i\000o\000n\000a\000l\000i\000d\000a\000d\000e\000s\000\040\000d\000e\000l\000\040\000p\000a\000n\000e\000l\000\040\000d\000e\000\040\000s\000\355\000m\000b\000o\000l\000o\000s\000\040\000t\000e\000r\000m\000i\000n\000a\000l\000e\000s}{subsection.4.4.5}% 116
\BOOKMARK [3][-]{subsubsection.4.4.5.8}{\376\377\000P\000a\000n\000e\000l\000\040\000d\000e\000\040\000s\000\355\000m\000b\000o\000l\000o\000s\000\040\000n\000o\000\040\000t\000e\000r\000m\000i\000n\000a\000l\000e\000s}{subsection.4.4.5}% 117
\BOOKMARK [3][-]{subsubsection.4.4.5.9}{\376\377\000E\000l\000e\000m\000e\000n\000t\000o\000s\000\040\000d\000e\000l\000\040\000p\000a\000n\000e\000l\000\040\000d\000e\000\040\000s\000\355\000m\000b\000o\000l\000o\000s\000\040\000n\000o\000\040\000t\000e\000r\000m\000i\000n\000a\000l\000e\000s}{subsection.4.4.5}% 118
\BOOKMARK [3][-]{subsubsection.4.4.5.10}{\376\377\000F\000u\000n\000c\000i\000o\000n\000a\000l\000i\000d\000a\000d\000e\000s\000\040\000d\000e\000l\000\040\000p\000a\000n\000e\000l\000\040\000d\000e\000\040\000s\000\355\000m\000b\000o\000l\000o\000s\000\040\000n\000o\000\040\000t\000e\000r\000m\000i\000n\000a\000l\000e\000s}{subsection.4.4.5}% 119
\BOOKMARK [3][-]{subsubsection.4.4.5.11}{\376\377\000R\000e\000q\000u\000i\000s\000i\000t\000o\000s\000\040\000d\000e\000l\000\040\000p\000a\000s\000o\000\040\0002}{subsection.4.4.5}% 120
\BOOKMARK [2][-]{subsection.4.4.6}{\376\377\000P\000a\000s\000o\000\040\0003\000:\000\040\000P\000r\000o\000d\000u\000c\000c\000i\000o\000n\000e\000s}{section.4.4}% 121
\BOOKMARK [3][-]{subsubsection.4.4.6.1}{\376\377\000I\000n\000t\000e\000r\000f\000a\000z\000\040\000d\000e\000l\000\040\000p\000a\000s\000o\000\040\0003}{subsection.4.4.6}% 122
\BOOKMARK [3][-]{subsubsection.4.4.6.2}{\376\377\000E\000s\000t\000a\000d\000o\000\040\000v\000a\000c\000\355\000o\000\040\000d\000e\000l\000\040\000p\000a\000s\000o\000\040\0003}{subsection.4.4.6}% 123
\BOOKMARK [3][-]{subsubsection.4.4.6.3}{\376\377\000E\000l\000e\000m\000e\000n\000t\000o\000s\000\040\000d\000e\000l\000\040\000p\000a\000s\000o\000\040\0003}{subsection.4.4.6}% 124
\BOOKMARK [3][-]{subsubsection.4.4.6.4}{\376\377\000P\000a\000n\000e\000l\000\040\000d\000e\000\040\000p\000r\000o\000d\000u\000c\000c\000i\000o\000n\000e\000s}{subsection.4.4.6}% 125
\BOOKMARK [3][-]{subsubsection.4.4.6.5}{\376\377\000E\000l\000e\000m\000e\000n\000t\000o\000s\000\040\000d\000e\000l\000\040\000p\000a\000n\000e\000l\000\040\000d\000e\000\040\000p\000r\000o\000d\000u\000c\000c\000i\000o\000n\000e\000s}{subsection.4.4.6}% 126
\BOOKMARK [3][-]{subsubsection.4.4.6.6}{\376\377\000F\000u\000n\000c\000i\000o\000n\000a\000l\000i\000d\000a\000d\000e\000s\000\040\000d\000e\000l\000\040\000p\000a\000n\000e\000l\000\040\000d\000e\000\040\000p\000r\000o\000d\000u\000c\000c\000i\000o\000n\000e\000s}{subsection.4.4.6}% 127
\BOOKMARK [3][-]{subsubsection.4.4.6.7}{\376\377\000F\000o\000r\000m\000a\000t\000o\000\040\000d\000e\000\040\000p\000r\000o\000d\000u\000c\000c\000i\000o\000n\000e\000s}{subsection.4.4.6}% 128
\BOOKMARK [3][-]{subsubsection.4.4.6.8}{\376\377\000R\000e\000q\000u\000i\000s\000i\000t\000o\000s\000\040\000d\000e\000l\000\040\000p\000a\000s\000o\000\040\0003}{subsection.4.4.6}% 129
\BOOKMARK [2][-]{subsection.4.4.7}{\376\377\000P\000a\000s\000o\000\040\0004\000:\000\040\000S\000\355\000m\000b\000o\000l\000o\000\040\000i\000n\000i\000c\000i\000a\000l}{section.4.4}% 130
\BOOKMARK [3][-]{subsubsection.4.4.7.1}{\376\377\000I\000n\000t\000e\000r\000f\000a\000z\000\040\000d\000e\000l\000\040\000p\000a\000s\000o\000\040\0004}{subsection.4.4.7}% 131
\BOOKMARK [3][-]{subsubsection.4.4.7.2}{\376\377\000E\000s\000t\000a\000d\000o\000\040\000v\000a\000c\000\355\000o\000\040\000d\000e\000l\000\040\000p\000a\000s\000o\000\040\0004}{subsection.4.4.7}% 132
\BOOKMARK [3][-]{subsubsection.4.4.7.3}{\376\377\000S\000e\000l\000e\000c\000c\000i\000\363\000n\000\040\000d\000e\000l\000\040\000s\000\355\000m\000b\000o\000l\000o\000\040\000i\000n\000i\000c\000i\000a\000l}{subsection.4.4.7}% 133
\BOOKMARK [3][-]{subsubsection.4.4.7.4}{\376\377\000F\000i\000n\000a\000l\000i\000z\000a\000c\000i\000\363\000n\000\040\000d\000e\000l\000\040\000p\000r\000o\000c\000e\000s\000o}{subsection.4.4.7}% 134
\BOOKMARK [1][-]{section.4.5}{\376\377\000G\000e\000s\000t\000i\000\363\000n\000\040\000d\000e\000\040\000a\000r\000c\000h\000i\000v\000o\000s}{chapter.4}% 135
\BOOKMARK [2][-]{subsection.4.5.1}{\376\377\000F\000o\000r\000m\000a\000t\000o\000\040\000d\000e\000\040\000a\000r\000c\000h\000i\000v\000o}{section.4.5}% 136
\BOOKMARK [2][-]{subsection.4.5.2}{\376\377\000O\000p\000e\000r\000a\000c\000i\000o\000n\000e\000s\000\040\000d\000e\000\040\000a\000r\000c\000h\000i\000v\000o}{section.4.5}% 137
\BOOKMARK [2][-]{subsection.4.5.3}{\376\377\000U\000b\000i\000c\000a\000c\000i\000\363\000n\000\040\000d\000e\000\040\000a\000r\000c\000h\000i\000v\000o\000s}{section.4.5}% 138
\BOOKMARK [1][-]{section.4.6}{\376\377\000V\000a\000l\000i\000d\000a\000c\000i\000\363\000n\000\040\000d\000e\000\040\000g\000r\000a\000m\000\341\000t\000i\000c\000a\000s}{chapter.4}% 139
\BOOKMARK [2][-]{subsection.4.6.1}{\376\377\000T\000i\000p\000o\000s\000\040\000d\000e\000\040\000v\000a\000l\000i\000d\000a\000c\000i\000\363\000n}{section.4.6}% 140
\BOOKMARK [2][-]{subsection.4.6.2}{\376\377\000P\000r\000o\000c\000e\000s\000o\000\040\000d\000e\000\040\000v\000a\000l\000i\000d\000a\000c\000i\000\363\000n\000\040\000m\000a\000n\000u\000a\000l}{section.4.6}% 141
\BOOKMARK [2][-]{subsection.4.6.3}{\376\377\000V\000a\000l\000i\000d\000a\000c\000i\000\363\000n\000\040\000e\000x\000i\000t\000o\000s\000a}{section.4.6}% 142
\BOOKMARK [2][-]{subsection.4.6.4}{\376\377\000V\000a\000l\000i\000d\000a\000c\000i\000\363\000n\000\040\000c\000o\000n\000\040\000e\000r\000r\000o\000r\000e\000s}{section.4.6}% 143
\BOOKMARK [2][-]{subsection.4.6.5}{\376\377\000T\000i\000p\000o\000s\000\040\000d\000e\000\040\000e\000r\000r\000o\000r\000e\000s\000\040\000d\000e\000t\000e\000c\000t\000a\000d\000o\000s}{section.4.6}% 144
\BOOKMARK [2][-]{subsection.4.6.6}{\376\377\000E\000j\000e\000m\000p\000l\000o\000\040\000d\000e\000\040\000e\000r\000r\000o\000r\000:\000\040\000s\000\355\000m\000b\000o\000l\000o\000\040\000d\000u\000p\000l\000i\000c\000a\000d\000o}{section.4.6}% 145
\BOOKMARK [2][-]{subsection.4.6.7}{\376\377\000C\000o\000r\000r\000e\000c\000c\000i\000\363\000n\000\040\000d\000e\000\040\000e\000r\000r\000o\000r\000e\000s}{section.4.6}% 146
\BOOKMARK [1][-]{section.4.7}{\376\377\000I\000n\000t\000e\000g\000r\000a\000c\000i\000\363\000n\000\040\000c\000o\000n\000\040\000e\000l\000\040\000s\000i\000m\000u\000l\000a\000d\000o\000r}{chapter.4}% 147
\BOOKMARK [2][-]{subsection.4.7.1}{\376\377\000T\000r\000a\000n\000s\000i\000c\000i\000\363\000n\000\040\000a\000l\000\040\000s\000i\000m\000u\000l\000a\000d\000o\000r}{section.4.7}% 148
\BOOKMARK [2][-]{subsection.4.7.2}{\376\377\000S\000i\000n\000c\000r\000o\000n\000i\000z\000a\000c\000i\000\363\000n\000\040\000d\000e\000\040\000d\000a\000t\000o\000s}{section.4.7}% 149
\BOOKMARK [1][-]{section.4.8}{\376\377\000R\000e\000s\000o\000l\000u\000c\000i\000\363\000n\000\040\000d\000e\000\040\000p\000r\000o\000b\000l\000e\000m\000a\000s}{chapter.4}% 150
\BOOKMARK [2][-]{subsection.4.8.1}{\376\377\000P\000r\000o\000b\000l\000e\000m\000a\000s\000\040\000d\000e\000\040\000v\000a\000l\000i\000d\000a\000c\000i\000\363\000n}{section.4.8}% 151
\BOOKMARK [2][-]{subsection.4.8.2}{\376\377\000P\000r\000o\000b\000l\000e\000m\000a\000s\000\040\000d\000e\000\040\000a\000r\000c\000h\000i\000v\000o\000s}{section.4.8}% 152
\BOOKMARK [1][-]{section.4.9}{\376\377\000C\000o\000n\000c\000l\000u\000s\000i\000\363\000n}{chapter.4}% 153
\BOOKMARK [0][-]{chapter.5}{\376\377\000S\000i\000m\000u\000l\000a\000c\000i\000\363\000n\000\040\000d\000e\000l\000\040\000a\000n\000a\000l\000i\000z\000a\000d\000o\000r\000\040\000d\000e\000s\000c\000e\000n\000d\000e\000n\000t\000e\000\040\000p\000r\000e\000d\000i\000c\000t\000i\000v\000o}{}% 154
\BOOKMARK [1][-]{section.5.1}{\376\377\000I\000n\000t\000r\000o\000d\000u\000c\000c\000i\000\363\000n\000\040\000a\000l\000\040\000s\000i\000m\000u\000l\000a\000d\000o\000r}{chapter.5}% 155
\BOOKMARK [2][-]{subsection.5.1.1}{\376\377\000C\000a\000r\000a\000c\000t\000e\000r\000\355\000s\000t\000i\000c\000a\000s\000\040\000p\000r\000i\000n\000c\000i\000p\000a\000l\000e\000s}{section.5.1}% 156
\BOOKMARK [1][-]{section.5.2}{\376\377\000A\000c\000c\000e\000s\000o\000\040\000a\000l\000\040\000s\000i\000m\000u\000l\000a\000d\000o\000r}{chapter.5}% 157
\BOOKMARK [2][-]{subsection.5.2.1}{\376\377\000D\000e\000s\000d\000e\000\040\000e\000l\000\040\000m\000e\000n\000\372\000\040\000p\000r\000i\000n\000c\000i\000p\000a\000l}{section.5.2}% 158
\BOOKMARK [2][-]{subsection.5.2.2}{\376\377\000D\000e\000s\000d\000e\000\040\000e\000l\000\040\000e\000d\000i\000t\000o\000r\000\040\000d\000e\000\040\000g\000r\000a\000m\000\341\000t\000i\000c\000a\000s}{section.5.2}% 159
\BOOKMARK [1][-]{section.5.3}{\376\377\000A\000s\000i\000s\000t\000e\000n\000t\000e\000\040\000g\000u\000i\000a\000d\000o\000\040\000d\000e\000l\000\040\000s\000i\000m\000u\000l\000a\000d\000o\000r}{chapter.5}% 160
\BOOKMARK [2][-]{subsection.5.3.1}{\376\377\000N\000a\000v\000e\000g\000a\000c\000i\000\363\000n\000\040\000d\000e\000l\000\040\000a\000s\000i\000s\000t\000e\000n\000t\000e}{section.5.3}% 161
\BOOKMARK [2][-]{subsection.5.3.2}{\376\377\000P\000a\000s\000o\000\040\0001\000:\000\040\000R\000e\000f\000a\000c\000t\000o\000r\000i\000z\000a\000c\000i\000\363\000n\000\040\000y\000\040\000e\000l\000i\000m\000i\000n\000a\000c\000i\000\363\000n\000\040\000d\000e\000\040\000r\000e\000c\000u\000r\000s\000i\000v\000i\000d\000a\000d}{section.5.3}% 162
\BOOKMARK [3][-]{subsubsection.5.3.2.1}{\376\377\000P\000r\000o\000c\000e\000s\000o\000s\000\040\000r\000e\000a\000l\000i\000z\000a\000d\000o\000s}{subsection.5.3.2}% 163
\BOOKMARK [3][-]{subsubsection.5.3.2.2}{\376\377\000I\000n\000t\000e\000r\000f\000a\000z\000\040\000d\000e\000l\000\040\000p\000a\000s\000o\000\040\0001}{subsection.5.3.2}% 164
\BOOKMARK [2][-]{subsection.5.3.3}{\376\377\000P\000a\000s\000o\000\040\0002\000:\000\040\000C\000o\000n\000s\000t\000r\000u\000c\000c\000i\000\363\000n\000\040\000d\000e\000\040\000c\000o\000n\000j\000u\000n\000t\000o\000s\000\040\000P\000R\000I\000M\000E\000R\000O\000\040\000y\000\040\000S\000I\000G\000U\000I\000E\000N\000T\000E}{section.5.3}% 165
\BOOKMARK [3][-]{subsubsection.5.3.3.1}{\376\377\000C\000o\000n\000j\000u\000n\000t\000o\000\040\000P\000R\000I\000M\000E\000R\000O}{subsection.5.3.3}% 166
\BOOKMARK [3][-]{subsubsection.5.3.3.2}{\376\377\000C\000o\000n\000j\000u\000n\000t\000o\000\040\000S\000I\000G\000U\000I\000E\000N\000T\000E}{subsection.5.3.3}% 167
\BOOKMARK [3][-]{subsubsection.5.3.3.3}{\376\377\000I\000n\000t\000e\000r\000f\000a\000z\000\040\000d\000e\000l\000\040\000p\000a\000s\000o\000\040\0002}{subsection.5.3.3}% 168
\BOOKMARK [2][-]{subsection.5.3.4}{\376\377\000P\000a\000s\000o\000\040\0003\000:\000\040\000C\000o\000n\000s\000t\000r\000u\000c\000c\000i\000\363\000n\000\040\000d\000e\000\040\000l\000a\000\040\000t\000a\000b\000l\000a\000\040\000p\000r\000e\000d\000i\000c\000t\000i\000v\000a}{section.5.3}% 169
\BOOKMARK [3][-]{subsubsection.5.3.4.1}{\376\377\000A\000l\000g\000o\000r\000i\000t\000m\000o\000\040\000d\000e\000\040\000c\000o\000n\000s\000t\000r\000u\000c\000c\000i\000\363\000n}{subsection.5.3.4}% 170
\BOOKMARK [3][-]{subsubsection.5.3.4.2}{\376\377\000I\000n\000t\000e\000r\000f\000a\000z\000\040\000d\000e\000l\000\040\000p\000a\000s\000o\000\040\0003}{subsection.5.3.4}% 171
\BOOKMARK [2][-]{subsection.5.3.5}{\376\377\000P\000a\000s\000o\000\040\0004\000:\000\040\000F\000u\000n\000c\000i\000o\000n\000e\000s\000\040\000d\000e\000\040\000e\000r\000r\000o\000r}{section.5.3}% 172
\BOOKMARK [3][-]{subsubsection.5.3.5.1}{\376\377\000F\000u\000n\000c\000i\000o\000n\000e\000s\000\040\000d\000e\000\040\000e\000r\000r\000o\000r\000\040\000d\000e\000l\000\040\000s\000i\000s\000t\000e\000m\000a}{subsection.5.3.5}% 173
\BOOKMARK [3][-]{subsubsection.5.3.5.2}{\376\377\000P\000a\000n\000e\000l\000\040\000d\000e\000\040\000f\000u\000n\000c\000i\000o\000n\000e\000s\000\040\000d\000e\000\040\000e\000r\000r\000o\000r}{subsection.5.3.5}% 174
\BOOKMARK [3][-]{subsubsection.5.3.5.3}{\376\377\000G\000e\000s\000t\000i\000\363\000n\000\040\000d\000e\000\040\000f\000u\000n\000c\000i\000o\000n\000e\000s\000\040\000d\000e\000\040\000e\000r\000r\000o\000r}{subsection.5.3.5}% 175
\BOOKMARK [2][-]{subsection.5.3.6}{\376\377\000P\000a\000s\000o\000\040\0005\000:\000\040\000T\000a\000b\000l\000a\000\040\000p\000r\000e\000d\000i\000c\000t\000i\000v\000a\000\040\000c\000o\000m\000p\000l\000e\000t\000a}{section.5.3}% 176
\BOOKMARK [3][-]{subsubsection.5.3.6.1}{\376\377\000I\000n\000t\000e\000r\000f\000a\000z\000\040\000d\000e\000l\000\040\000p\000a\000s\000o\000\040\0005}{subsection.5.3.6}% 177
\BOOKMARK [3][-]{subsubsection.5.3.6.2}{\376\377\000H\000e\000r\000r\000a\000m\000i\000e\000n\000t\000a\000s\000\040\000d\000e\000\040\000e\000d\000i\000c\000i\000\363\000n}{subsection.5.3.6}% 178
\BOOKMARK [3][-]{subsubsection.5.3.6.3}{\376\377\000N\000o\000t\000a\000\040\000s\000o\000b\000r\000e\000\040\000r\000e\000l\000l\000e\000n\000o}{subsection.5.3.6}% 179
\BOOKMARK [1][-]{section.5.4}{\376\377\000S\000i\000m\000u\000l\000a\000d\000o\000r\000\040\000p\000r\000i\000n\000c\000i\000p\000a\000l}{chapter.5}% 180
\BOOKMARK [2][-]{subsection.5.4.1}{\376\377\000I\000n\000t\000e\000r\000f\000a\000z\000\040\000d\000e\000l\000\040\000s\000i\000m\000u\000l\000a\000d\000o\000r}{section.5.4}% 181
\BOOKMARK [2][-]{subsection.5.4.2}{\376\377\000G\000e\000n\000e\000r\000a\000c\000i\000\363\000n\000\040\000d\000e\000\040\000i\000n\000f\000o\000r\000m\000e\000s}{section.5.4}% 182
\BOOKMARK [1][-]{section.5.5}{\376\377\000S\000i\000m\000u\000l\000a\000c\000i\000\363\000n\000\040\000i\000n\000t\000e\000r\000a\000c\000t\000i\000v\000a}{chapter.5}% 183
\BOOKMARK [2][-]{subsection.5.5.1}{\376\377\000I\000n\000t\000e\000r\000f\000a\000z\000\040\000d\000e\000\040\000s\000i\000m\000u\000l\000a\000c\000i\000\363\000n}{section.5.5}% 184
\BOOKMARK [2][-]{subsection.5.5.2}{\376\377\000P\000r\000o\000c\000e\000s\000o\000\040\000d\000e\000\040\000s\000i\000m\000u\000l\000a\000c\000i\000\363\000n}{section.5.5}% 185
\BOOKMARK [2][-]{subsection.5.5.3}{\376\377\000H\000i\000s\000t\000o\000r\000i\000a\000l\000\040\000d\000e\000\040\000p\000a\000s\000o\000s}{section.5.5}% 186
\BOOKMARK [2][-]{subsection.5.5.4}{\376\377\000N\000a\000v\000e\000g\000a\000c\000i\000\363\000n\000\040\000e\000n\000\040\000l\000a\000\040\000s\000i\000m\000u\000l\000a\000c\000i\000\363\000n}{section.5.5}% 187
\BOOKMARK [1][-]{section.5.6}{\376\377\000V\000i\000s\000u\000a\000l\000i\000z\000a\000c\000i\000\363\000n\000\040\000d\000e\000\040\000r\000e\000s\000u\000l\000t\000a\000d\000o\000s}{chapter.5}% 188
\BOOKMARK [2][-]{subsection.5.6.1}{\376\377\000D\000e\000r\000i\000v\000a\000c\000i\000\363\000n}{section.5.6}% 189
\BOOKMARK [2][-]{subsection.5.6.2}{\376\377\000\301\000r\000b\000o\000l\000\040\000s\000i\000n\000t\000\341\000c\000t\000i\000c\000o}{section.5.6}% 190
\BOOKMARK [1][-]{section.5.7}{\376\377\000M\000\372\000l\000t\000i\000p\000l\000e\000s\000\040\000s\000i\000m\000u\000l\000a\000c\000i\000o\000n\000e\000s}{chapter.5}% 191
\BOOKMARK [2][-]{subsection.5.7.1}{\376\377\000G\000e\000s\000t\000i\000\363\000n\000\040\000d\000e\000\040\000s\000i\000m\000u\000l\000a\000c\000i\000o\000n\000e\000s}{section.5.7}% 192
\BOOKMARK [2][-]{subsection.5.7.2}{\376\377\000V\000e\000n\000t\000a\000j\000a\000s\000\040\000d\000e\000\040\000m\000\372\000l\000t\000i\000p\000l\000e\000s\000\040\000s\000i\000m\000u\000l\000a\000c\000i\000o\000n\000e\000s}{section.5.7}% 193
\BOOKMARK [1][-]{section.5.8}{\376\377\000I\000n\000t\000e\000g\000r\000a\000c\000i\000\363\000n\000\040\000c\000o\000n\000\040\000e\000l\000\040\000e\000d\000i\000t\000o\000r}{chapter.5}% 194
\BOOKMARK [1][-]{section.5.9}{\376\377\000R\000e\000s\000o\000l\000u\000c\000i\000\363\000n\000\040\000d\000e\000\040\000p\000r\000o\000b\000l\000e\000m\000a\000s}{chapter.5}% 195
\BOOKMARK [2][-]{subsection.5.9.1}{\376\377\000P\000r\000o\000b\000l\000e\000m\000a\000s\000\040\000c\000o\000m\000u\000n\000e\000s}{section.5.9}% 196
\BOOKMARK [2][-]{subsection.5.9.2}{\376\377\000S\000o\000l\000u\000c\000i\000o\000n\000e\000s\000\040\000r\000e\000c\000o\000m\000e\000n\000d\000a\000d\000a\000s}{section.5.9}% 197
\BOOKMARK [1][-]{section.5.10}{\376\377\000C\000o\000n\000c\000l\000u\000s\000i\000\363\000n}{chapter.5}% 198
\BOOKMARK [0][-]{chapter.6}{\376\377\000E\000j\000e\000m\000p\000l\000o\000s\000\040\000p\000r\000\341\000c\000t\000i\000c\000o\000s}{}% 199
\BOOKMARK [1][-]{section.6.1}{\376\377\000I\000n\000t\000r\000o\000d\000u\000c\000c\000i\000\363\000n}{chapter.6}% 200
\BOOKMARK [1][-]{section.6.2}{\376\377\000C\000r\000e\000a\000c\000i\000\363\000n\000\040\000d\000e\000\040\000u\000n\000a\000\040\000g\000r\000a\000m\000\341\000t\000i\000c\000a\000\040\000d\000e\000\040\000c\000o\000n\000t\000e\000x\000t\000o\000\040\000l\000i\000b\000r\000e}{chapter.6}% 201
\BOOKMARK [2][-]{subsection.6.2.1}{\376\377\000A\000c\000c\000e\000s\000o\000\040\000a\000l\000\040\000e\000d\000i\000t\000o\000r}{section.6.2}% 202
\BOOKMARK [2][-]{subsection.6.2.2}{\376\377\000P\000a\000s\000o\000\040\0001\000:\000\040\000D\000a\000t\000o\000s\000\040\000d\000e\000\040\000l\000a\000\040\000g\000r\000a\000m\000\341\000t\000i\000c\000a}{section.6.2}% 203
\BOOKMARK [2][-]{subsection.6.2.3}{\376\377\000P\000a\000s\000o\000\040\0002\000:\000\040\000S\000\355\000m\000b\000o\000l\000o\000s\000\040\000t\000e\000r\000m\000i\000n\000a\000l\000e\000s\000\040\000y\000\040\000n\000o\000\040\000t\000e\000r\000m\000i\000n\000a\000l\000e\000s}{section.6.2}% 204
\BOOKMARK [3][-]{subsubsection.6.2.3.1}{\376\377\000S\000\355\000m\000b\000o\000l\000o\000s\000\040\000t\000e\000r\000m\000i\000n\000a\000l\000e\000s}{subsection.6.2.3}% 205
\BOOKMARK [3][-]{subsubsection.6.2.3.2}{\376\377\000S\000\355\000m\000b\000o\000l\000o\000s\000\040\000n\000o\000\040\000t\000e\000r\000m\000i\000n\000a\000l\000e\000s}{subsection.6.2.3}% 206
\BOOKMARK [2][-]{subsection.6.2.4}{\376\377\000P\000a\000s\000o\000\040\0003\000:\000\040\000P\000r\000o\000d\000u\000c\000c\000i\000o\000n\000e\000s}{section.6.2}% 207
\BOOKMARK [2][-]{subsection.6.2.5}{\376\377\000P\000a\000s\000o\000\040\0004\000:\000\040\000S\000\355\000m\000b\000o\000l\000o\000\040\000i\000n\000i\000c\000i\000a\000l}{section.6.2}% 208
\BOOKMARK [2][-]{subsection.6.2.6}{\376\377\000V\000a\000l\000i\000d\000a\000c\000i\000\363\000n\000\040\000d\000e\000\040\000l\000a\000\040\000g\000r\000a\000m\000\341\000t\000i\000c\000a}{section.6.2}% 209
\BOOKMARK [2][-]{subsection.6.2.7}{\376\377\000V\000i\000s\000t\000a\000\040\000f\000i\000n\000a\000l\000\040\000d\000e\000l\000\040\000e\000d\000i\000t\000o\000r}{section.6.2}% 210
\BOOKMARK [1][-]{section.6.3}{\376\377\000S\000i\000m\000u\000l\000a\000c\000i\000\363\000n\000\040\000d\000e\000l\000\040\000a\000n\000\341\000l\000i\000s\000i\000s\000\040\000s\000i\000n\000t\000\341\000c\000t\000i\000c\000o\000\040\000d\000e\000s\000c\000e\000n\000d\000e\000n\000t\000e}{chapter.6}% 211
\BOOKMARK [2][-]{subsection.6.3.1}{\376\377\000A\000c\000c\000e\000s\000o\000\040\000a\000l\000\040\000s\000i\000m\000u\000l\000a\000d\000o\000r}{section.6.3}% 212
\BOOKMARK [2][-]{subsection.6.3.2}{\376\377\000P\000a\000s\000o\000\040\0001\000:\000\040\000R\000e\000f\000a\000c\000t\000o\000r\000i\000z\000a\000c\000i\000\363\000n\000\040\000d\000e\000\040\000l\000a\000\040\000g\000r\000a\000m\000\341\000t\000i\000c\000a}{section.6.3}% 213
\BOOKMARK [2][-]{subsection.6.3.3}{\376\377\000P\000a\000s\000o\000\040\0002\000:\000\040\000C\000o\000n\000s\000t\000r\000u\000c\000c\000i\000\363\000n\000\040\000d\000e\000\040\000c\000o\000n\000j\000u\000n\000t\000o\000s\000\040\000P\000R\000I\000M\000E\000R\000O\000\040\000y\000\040\000S\000I\000G\000U\000I\000E\000N\000T\000E}{section.6.3}% 214
\BOOKMARK [2][-]{subsection.6.3.4}{\376\377\000P\000a\000s\000o\000\040\0003\000:\000\040\000C\000o\000n\000s\000t\000r\000u\000c\000c\000i\000\363\000n\000\040\000d\000e\000\040\000l\000a\000\040\000t\000a\000b\000l\000a\000\040\000p\000r\000e\000d\000i\000c\000t\000i\000v\000a}{section.6.3}% 215
\BOOKMARK [2][-]{subsection.6.3.5}{\376\377\000P\000a\000s\000o\000\040\0004\000:\000\040\000F\000u\000n\000c\000i\000o\000n\000e\000s\000\040\000d\000e\000\040\000e\000r\000r\000o\000r}{section.6.3}% 216
\BOOKMARK [2][-]{subsection.6.3.6}{\376\377\000P\000a\000s\000o\000\040\0005\000:\000\040\000T\000a\000b\000l\000a\000\040\000p\000r\000e\000d\000i\000c\000t\000i\000v\000a\000\040\000c\000o\000m\000p\000l\000e\000t\000a}{section.6.3}% 217
\BOOKMARK [2][-]{subsection.6.3.7}{\376\377\000S\000i\000m\000u\000l\000a\000d\000o\000r\000\040\000p\000r\000i\000n\000c\000i\000p\000a\000l}{section.6.3}% 218
\BOOKMARK [2][-]{subsection.6.3.8}{\376\377\000S\000i\000m\000u\000l\000a\000c\000i\000\363\000n\000\040\000i\000n\000t\000e\000r\000a\000c\000t\000i\000v\000a}{section.6.3}% 219
\BOOKMARK [2][-]{subsection.6.3.9}{\376\377\000D\000e\000r\000i\000v\000a\000c\000i\000\363\000n\000\040\000d\000e\000\040\000l\000a\000\040\000s\000i\000m\000u\000l\000a\000c\000i\000\363\000n}{section.6.3}% 220
\BOOKMARK [2][-]{subsection.6.3.10}{\376\377\000\301\000r\000b\000o\000l\000\040\000d\000e\000\040\000a\000n\000\341\000l\000i\000s\000i\000s\000\040\000s\000i\000n\000t\000\341\000c\000t\000i\000c\000o}{section.6.3}% 221
\BOOKMARK [1][-]{section.6.4}{\376\377\000C\000o\000n\000c\000l\000u\000s\000i\000\363\000n\000\040\000d\000e\000l\000\040\000e\000j\000e\000m\000p\000l\000o}{chapter.6}% 222
\BOOKMARK [0][-]{Item.94}{\376\377\000B\000i\000b\000l\000i\000o\000g\000r\000a\000f\000\355\000a}{}% 223
