This is pdfTeX, Version 3.141592653-2.6-1.40.27 (TeX Live 2025) (preloaded format=pdflatex 2025.9.1)  8 SEP 2025 22:10
entering extended mode
 restricted \write18 enabled.
 %&-line parsing enabled.
**main.tex
(./main.tex
LaTeX2e <2024-11-01> patch level 2
L3 programming layer <2025-01-18>
(/usr/local/texlive/2025/texmf-dist/tex/latex/base/book.cls
Document Class: book 2024/06/29 v1.4n Standard LaTeX document class
(/usr/local/texlive/2025/texmf-dist/tex/latex/base/bk12.clo
File: bk12.clo 2024/06/29 v1.4n Standard LaTeX file (size option)
)
\c@part=\count196
\c@chapter=\count197
\c@section=\count198
\c@subsection=\count199
\c@subsubsection=\count266
\c@paragraph=\count267
\c@subparagraph=\count268
\c@figure=\count269
\c@table=\count270
\abovecaptionskip=\skip49
\belowcaptionskip=\skip50
\bibindent=\dimen141
)
(/usr/local/texlive/2025/texmf-dist/tex/latex/base/inputenc.sty
Package: inputenc 2024/02/08 v1.3d Input encoding file
\inpenc@prehook=\toks17
\inpenc@posthook=\toks18
)
(/usr/local/texlive/2025/texmf-dist/tex/generic/babel/babel.sty
Package: babel 2025/02/14 v25.4 The multilingual framework for pdfLaTeX, LuaLaT
eX and XeLaTeX
\babel@savecnt=\count271
\U@D=\dimen142
\l@unhyphenated=\language90

(/usr/local/texlive/2025/texmf-dist/tex/generic/babel/txtbabel.def)
\bbl@readstream=\read2
\bbl@dirlevel=\count272

(/usr/local/texlive/2025/texmf-dist/tex/generic/babel-spanish/spanish.ldf
Language: spanish.ldf 2021/05/27 v5.0q Spanish support from the babel system
\es@quottoks=\toks19
\es@quotdepth=\count273
Package babel Info: Making " an active character on input line 570.
Package babel Info: Making < an active character on input line 722.
Package babel Info: Making > an active character on input line 722.
))
(/usr/local/texlive/2025/texmf-dist/tex/generic/babel/locale/es/babel-spanish.t
ex
Package babel Info: Importing font and identification data for spanish
(babel)             from babel-es.ini. Reported on input line 11.
) (/usr/local/texlive/2025/texmf-dist/tex/latex/biblatex/biblatex.sty
Package: biblatex 2024/03/21 v3.20 programmable bibliographies (PK/MW)

(/usr/local/texlive/2025/texmf-dist/tex/generic/pdftexcmds/pdftexcmds.sty
Package: pdftexcmds 2020-06-27 v0.33 Utility functions of pdfTeX for LuaTeX (HO
)

(/usr/local/texlive/2025/texmf-dist/tex/generic/infwarerr/infwarerr.sty
Package: infwarerr 2019/12/03 v1.5 Providing info/warning/error messages (HO)
)
(/usr/local/texlive/2025/texmf-dist/tex/generic/iftex/iftex.sty
Package: iftex 2024/12/12 v1.0g TeX engine tests
)
(/usr/local/texlive/2025/texmf-dist/tex/generic/ltxcmds/ltxcmds.sty
Package: ltxcmds 2023-12-04 v1.26 LaTeX kernel commands for general use (HO)
)
Package pdftexcmds Info: \pdf@primitive is available.
Package pdftexcmds Info: \pdf@ifprimitive is available.
Package pdftexcmds Info: \pdfdraftmode found.
)
(/usr/local/texlive/2025/texmf-dist/tex/latex/etoolbox/etoolbox.sty
Package: etoolbox 2025/02/11 v2.5l e-TeX tools for LaTeX (JAW)
\etb@tempcnta=\count274
)
(/usr/local/texlive/2025/texmf-dist/tex/latex/graphics/keyval.sty
Package: keyval 2022/05/29 v1.15 key=value parser (DPC)
\KV@toks@=\toks20
)
(/usr/local/texlive/2025/texmf-dist/tex/latex/kvoptions/kvoptions.sty
Package: kvoptions 2022-06-15 v3.15 Key value format for package options (HO)

(/usr/local/texlive/2025/texmf-dist/tex/latex/kvsetkeys/kvsetkeys.sty
Package: kvsetkeys 2022-10-05 v1.19 Key value parser (HO)
))
(/usr/local/texlive/2025/texmf-dist/tex/latex/logreq/logreq.sty
Package: logreq 2010/08/04 v1.0 xml request logger
\lrq@indent=\count275

(/usr/local/texlive/2025/texmf-dist/tex/latex/logreq/logreq.def
File: logreq.def 2010/08/04 v1.0 logreq spec v1.0
))
(/usr/local/texlive/2025/texmf-dist/tex/latex/base/ifthen.sty
Package: ifthen 2024/03/16 v1.1e Standard LaTeX ifthen package (DPC)
)
(/usr/local/texlive/2025/texmf-dist/tex/latex/url/url.sty
\Urlmuskip=\muskip17
Package: url 2013/09/16  ver 3.4  Verb mode for urls, etc.
)
\c@tabx@nest=\count276
\c@listtotal=\count277
\c@listcount=\count278
\c@liststart=\count279
\c@liststop=\count280
\c@citecount=\count281
\c@citetotal=\count282
\c@multicitecount=\count283
\c@multicitetotal=\count284
\c@instcount=\count285
\c@maxnames=\count286
\c@minnames=\count287
\c@maxitems=\count288
\c@minitems=\count289
\c@citecounter=\count290
\c@maxcitecounter=\count291
\c@savedcitecounter=\count292
\c@uniquelist=\count293
\c@uniquename=\count294
\c@refsection=\count295
\c@refsegment=\count296
\c@maxextratitle=\count297
\c@maxextratitleyear=\count298
\c@maxextraname=\count299
\c@maxextradate=\count300
\c@maxextraalpha=\count301
\c@abbrvpenalty=\count302
\c@highnamepenalty=\count303
\c@lownamepenalty=\count304
\c@maxparens=\count305
\c@parenlevel=\count306
\blx@tempcnta=\count307
\blx@tempcntb=\count308
\blx@tempcntc=\count309
\c@blx@maxsection=\count310
\blx@maxsegment@0=\count311
\blx@notetype=\count312
\blx@parenlevel@text=\count313
\blx@parenlevel@foot=\count314
\blx@sectionciteorder@0=\count315
\blx@sectionciteorderinternal@0=\count316
\blx@entrysetcounter=\count317
\blx@biblioinstance=\count318
\labelnumberwidth=\skip51
\labelalphawidth=\skip52
\biblabelsep=\skip53
\bibitemsep=\skip54
\bibnamesep=\skip55
\bibinitsep=\skip56
\bibparsep=\skip57
\bibhang=\skip58
\blx@bcfin=\read3
\blx@bcfout=\write3
\blx@langwohyphens=\language91
\c@mincomprange=\count319
\c@maxcomprange=\count320
\c@mincompwidth=\count321
Package biblatex Info: Trying to load biblatex default data model...
Package biblatex Info: ... file 'blx-dm.def' found.

(/usr/local/texlive/2025/texmf-dist/tex/latex/biblatex/blx-dm.def
File: blx-dm.def 2024/03/21 v3.20 biblatex datamodel (PK/MW)
)
Package biblatex Info: Trying to load biblatex custom data model...
Package biblatex Info: ... file 'biblatex-dm.cfg' not found.
\c@afterword=\count322
\c@savedafterword=\count323
\c@annotator=\count324
\c@savedannotator=\count325
\c@author=\count326
\c@savedauthor=\count327
\c@bookauthor=\count328
\c@savedbookauthor=\count329
\c@commentator=\count330
\c@savedcommentator=\count331
\c@editor=\count332
\c@savededitor=\count333
\c@editora=\count334
\c@savededitora=\count335
\c@editorb=\count336
\c@savededitorb=\count337
\c@editorc=\count338
\c@savededitorc=\count339
\c@foreword=\count340
\c@savedforeword=\count341
\c@holder=\count342
\c@savedholder=\count343
\c@introduction=\count344
\c@savedintroduction=\count345
\c@namea=\count346
\c@savednamea=\count347
\c@nameb=\count348
\c@savednameb=\count349
\c@namec=\count350
\c@savednamec=\count351
\c@translator=\count352
\c@savedtranslator=\count353
\c@shortauthor=\count354
\c@savedshortauthor=\count355
\c@shorteditor=\count356
\c@savedshorteditor=\count357
\c@labelname=\count358
\c@savedlabelname=\count359
\c@institution=\count360
\c@savedinstitution=\count361
\c@lista=\count362
\c@savedlista=\count363
\c@listb=\count364
\c@savedlistb=\count365
\c@listc=\count366
\c@savedlistc=\count367
\c@listd=\count368
\c@savedlistd=\count369
\c@liste=\count370
\c@savedliste=\count371
\c@listf=\count372
\c@savedlistf=\count373
\c@location=\count374
\c@savedlocation=\count375
\c@organization=\count376
\c@savedorganization=\count377
\c@origlocation=\count378
\c@savedoriglocation=\count379
\c@origpublisher=\count380
\c@savedorigpublisher=\count381
\c@publisher=\count382
\c@savedpublisher=\count383
\c@language=\count384
\c@savedlanguage=\count385
\c@origlanguage=\count386
\c@savedoriglanguage=\count387
\c@pageref=\count388
\c@savedpageref=\count389
\shorthandwidth=\skip59
\shortjournalwidth=\skip60
\shortserieswidth=\skip61
\shorttitlewidth=\skip62
\shortauthorwidth=\skip63
\shorteditorwidth=\skip64
\locallabelnumberwidth=\skip65
\locallabelalphawidth=\skip66
\localshorthandwidth=\skip67
\localshortjournalwidth=\skip68
\localshortserieswidth=\skip69
\localshorttitlewidth=\skip70
\localshortauthorwidth=\skip71
\localshorteditorwidth=\skip72
Package biblatex Info: Trying to load compatibility code...
Package biblatex Info: ... file 'blx-compat.def' found.

(/usr/local/texlive/2025/texmf-dist/tex/latex/biblatex/blx-compat.def
File: blx-compat.def 2024/03/21 v3.20 biblatex compatibility (PK/MW)
)
Package biblatex Info: Trying to load generic definitions...
Package biblatex Info: ... file 'biblatex.def' found.

(/usr/local/texlive/2025/texmf-dist/tex/latex/biblatex/biblatex.def
File: biblatex.def 2024/03/21 v3.20 biblatex compatibility (PK/MW)
\c@textcitecount=\count390
\c@textcitetotal=\count391
\c@textcitemaxnames=\count392
\c@biburlbigbreakpenalty=\count393
\c@biburlbreakpenalty=\count394
\c@biburlnumpenalty=\count395
\c@biburlucpenalty=\count396
\c@biburllcpenalty=\count397
\biburlbigskip=\muskip18
\biburlnumskip=\muskip19
\biburlucskip=\muskip20
\biburllcskip=\muskip21
\c@smartand=\count398
)
Package biblatex Info: Trying to load bibliography style 'numeric'...
Package biblatex Info: ... file 'numeric.bbx' found.

(/usr/local/texlive/2025/texmf-dist/tex/latex/biblatex/bbx/numeric.bbx
File: numeric.bbx 2024/03/21 v3.20 biblatex bibliography style (PK/MW)
Package biblatex Info: Trying to load bibliography style 'standard'...
Package biblatex Info: ... file 'standard.bbx' found.

(/usr/local/texlive/2025/texmf-dist/tex/latex/biblatex/bbx/standard.bbx
File: standard.bbx 2024/03/21 v3.20 biblatex bibliography style (PK/MW)
\c@bbx:relatedcount=\count399
\c@bbx:relatedtotal=\count400
))
Package biblatex Info: Trying to load citation style 'numeric'...
Package biblatex Info: ... file 'numeric.cbx' found.

(/usr/local/texlive/2025/texmf-dist/tex/latex/biblatex/cbx/numeric.cbx
File: numeric.cbx 2024/03/21 v3.20 biblatex citation style (PK/MW)
Package biblatex Info: Redefining '\cite'.
Package biblatex Info: Redefining '\parencite'.
Package biblatex Info: Redefining '\footcite'.
Package biblatex Info: Redefining '\footcitetext'.
Package biblatex Info: Redefining '\smartcite'.
Package biblatex Info: Redefining '\supercite'.
Package biblatex Info: Redefining '\textcite'.
Package biblatex Info: Redefining '\textcites'.
Package biblatex Info: Redefining '\cites'.
Package biblatex Info: Redefining '\parencites'.
Package biblatex Info: Redefining '\smartcites'.
)
Package biblatex Info: Trying to load configuration file...
Package biblatex Info: ... file 'biblatex.cfg' found.

(/usr/local/texlive/2025/texmf-dist/tex/latex/biblatex/biblatex.cfg
File: biblatex.cfg 
)
Package biblatex Info: Input encoding 'utf8' detected.
Package biblatex Info: Document encoding is UTF8 ....

(/usr/local/texlive/2025/texmf-dist/tex/latex/l3kernel/expl3.sty
Package: expl3 2025-01-18 L3 programming layer (loader) 

(/usr/local/texlive/2025/texmf-dist/tex/latex/l3backend/l3backend-pdftex.def
File: l3backend-pdftex.def 2024-05-08 L3 backend support: PDF output (pdfTeX)
\l__color_backend_stack_int=\count401
\l__pdf_internal_box=\box52
))
Package biblatex Info: ... and expl3
(biblatex)             2025-01-18 L3 programming layer (loader) 
(biblatex)             is new enough (at least 2020/04/06),
(biblatex)             setting 'casechanger=expl3'.

(/usr/local/texlive/2025/texmf-dist/tex/latex/biblatex/blx-case-expl3.sty
(/usr/local/texlive/2025/texmf-dist/tex/latex/l3packages/xparse/xparse.sty
Package: xparse 2024-08-16 L3 Experimental document command parser
)
Package: blx-case-expl3 2024/03/21 v3.20 expl3 case changing code for biblatex
))
(/usr/local/texlive/2025/texmf-dist/tex/latex/xcolor/xcolor.sty
Package: xcolor 2024/09/29 v3.02 LaTeX color extensions (UK)

(/usr/local/texlive/2025/texmf-dist/tex/latex/graphics-cfg/color.cfg
File: color.cfg 2016/01/02 v1.6 sample color configuration
)
Package xcolor Info: Driver file: pdftex.def on input line 274.

(/usr/local/texlive/2025/texmf-dist/tex/latex/graphics-def/pdftex.def
File: pdftex.def 2024/04/13 v1.2c Graphics/color driver for pdftex
)
(/usr/local/texlive/2025/texmf-dist/tex/latex/graphics/mathcolor.ltx)
Package xcolor Info: Model `cmy' substituted by `cmy0' on input line 1349.
Package xcolor Info: Model `hsb' substituted by `rgb' on input line 1353.
Package xcolor Info: Model `RGB' extended on input line 1365.
Package xcolor Info: Model `HTML' substituted by `rgb' on input line 1367.
Package xcolor Info: Model `Hsb' substituted by `hsb' on input line 1368.
Package xcolor Info: Model `tHsb' substituted by `hsb' on input line 1369.
Package xcolor Info: Model `HSB' substituted by `hsb' on input line 1370.
Package xcolor Info: Model `Gray' substituted by `gray' on input line 1371.
Package xcolor Info: Model `wave' substituted by `hsb' on input line 1372.
)
(/usr/local/texlive/2025/texmf-dist/tex/latex/pgf/frontendlayer/tikz.sty
(/usr/local/texlive/2025/texmf-dist/tex/latex/pgf/basiclayer/pgf.sty
(/usr/local/texlive/2025/texmf-dist/tex/latex/pgf/utilities/pgfrcs.sty
(/usr/local/texlive/2025/texmf-dist/tex/generic/pgf/utilities/pgfutil-common.te
x
\pgfutil@everybye=\toks21
\pgfutil@tempdima=\dimen143
\pgfutil@tempdimb=\dimen144
)
(/usr/local/texlive/2025/texmf-dist/tex/generic/pgf/utilities/pgfutil-latex.def
\pgfutil@abb=\box53
) (/usr/local/texlive/2025/texmf-dist/tex/generic/pgf/utilities/pgfrcs.code.tex
(/usr/local/texlive/2025/texmf-dist/tex/generic/pgf/pgf.revision.tex)
Package: pgfrcs 2023-01-15 v3.1.10 (3.1.10)
))
Package: pgf 2023-01-15 v3.1.10 (3.1.10)

(/usr/local/texlive/2025/texmf-dist/tex/latex/pgf/basiclayer/pgfcore.sty
(/usr/local/texlive/2025/texmf-dist/tex/latex/graphics/graphicx.sty
Package: graphicx 2021/09/16 v1.2d Enhanced LaTeX Graphics (DPC,SPQR)

(/usr/local/texlive/2025/texmf-dist/tex/latex/graphics/graphics.sty
Package: graphics 2024/08/06 v1.4g Standard LaTeX Graphics (DPC,SPQR)

(/usr/local/texlive/2025/texmf-dist/tex/latex/graphics/trig.sty
Package: trig 2023/12/02 v1.11 sin cos tan (DPC)
)
(/usr/local/texlive/2025/texmf-dist/tex/latex/graphics-cfg/graphics.cfg
File: graphics.cfg 2016/06/04 v1.11 sample graphics configuration
)
Package graphics Info: Driver file: pdftex.def on input line 106.
)
\Gin@req@height=\dimen145
\Gin@req@width=\dimen146
)
(/usr/local/texlive/2025/texmf-dist/tex/latex/pgf/systemlayer/pgfsys.sty
(/usr/local/texlive/2025/texmf-dist/tex/generic/pgf/systemlayer/pgfsys.code.tex
Package: pgfsys 2023-01-15 v3.1.10 (3.1.10)
(/usr/local/texlive/2025/texmf-dist/tex/generic/pgf/utilities/pgfkeys.code.tex
\pgfkeys@pathtoks=\toks22
\pgfkeys@temptoks=\toks23

(/usr/local/texlive/2025/texmf-dist/tex/generic/pgf/utilities/pgfkeyslibraryfil
tered.code.tex
\pgfkeys@tmptoks=\toks24
))
\pgf@x=\dimen147
\pgf@y=\dimen148
\pgf@xa=\dimen149
\pgf@ya=\dimen150
\pgf@xb=\dimen151
\pgf@yb=\dimen152
\pgf@xc=\dimen153
\pgf@yc=\dimen154
\pgf@xd=\dimen155
\pgf@yd=\dimen156
\w@pgf@writea=\write4
\r@pgf@reada=\read4
\c@pgf@counta=\count402
\c@pgf@countb=\count403
\c@pgf@countc=\count404
\c@pgf@countd=\count405
\t@pgf@toka=\toks25
\t@pgf@tokb=\toks26
\t@pgf@tokc=\toks27
\pgf@sys@id@count=\count406

(/usr/local/texlive/2025/texmf-dist/tex/generic/pgf/systemlayer/pgf.cfg
File: pgf.cfg 2023-01-15 v3.1.10 (3.1.10)
)
Driver file for pgf: pgfsys-pdftex.def

(/usr/local/texlive/2025/texmf-dist/tex/generic/pgf/systemlayer/pgfsys-pdftex.d
ef
File: pgfsys-pdftex.def 2023-01-15 v3.1.10 (3.1.10)

(/usr/local/texlive/2025/texmf-dist/tex/generic/pgf/systemlayer/pgfsys-common-p
df.def
File: pgfsys-common-pdf.def 2023-01-15 v3.1.10 (3.1.10)
)))
(/usr/local/texlive/2025/texmf-dist/tex/generic/pgf/systemlayer/pgfsyssoftpath.
code.tex
File: pgfsyssoftpath.code.tex 2023-01-15 v3.1.10 (3.1.10)
\pgfsyssoftpath@smallbuffer@items=\count407
\pgfsyssoftpath@bigbuffer@items=\count408
)
(/usr/local/texlive/2025/texmf-dist/tex/generic/pgf/systemlayer/pgfsysprotocol.
code.tex
File: pgfsysprotocol.code.tex 2023-01-15 v3.1.10 (3.1.10)
))
(/usr/local/texlive/2025/texmf-dist/tex/generic/pgf/basiclayer/pgfcore.code.tex
Package: pgfcore 2023-01-15 v3.1.10 (3.1.10)
(/usr/local/texlive/2025/texmf-dist/tex/generic/pgf/math/pgfmath.code.tex
(/usr/local/texlive/2025/texmf-dist/tex/generic/pgf/math/pgfmathutil.code.tex)
(/usr/local/texlive/2025/texmf-dist/tex/generic/pgf/math/pgfmathparser.code.tex
\pgfmath@dimen=\dimen157
\pgfmath@count=\count409
\pgfmath@box=\box54
\pgfmath@toks=\toks28
\pgfmath@stack@operand=\toks29
\pgfmath@stack@operation=\toks30
)
(/usr/local/texlive/2025/texmf-dist/tex/generic/pgf/math/pgfmathfunctions.code.
tex)
(/usr/local/texlive/2025/texmf-dist/tex/generic/pgf/math/pgfmathfunctions.basic
.code.tex)
(/usr/local/texlive/2025/texmf-dist/tex/generic/pgf/math/pgfmathfunctions.trigo
nometric.code.tex)
(/usr/local/texlive/2025/texmf-dist/tex/generic/pgf/math/pgfmathfunctions.rando
m.code.tex)
(/usr/local/texlive/2025/texmf-dist/tex/generic/pgf/math/pgfmathfunctions.compa
rison.code.tex)
(/usr/local/texlive/2025/texmf-dist/tex/generic/pgf/math/pgfmathfunctions.base.
code.tex)
(/usr/local/texlive/2025/texmf-dist/tex/generic/pgf/math/pgfmathfunctions.round
.code.tex)
(/usr/local/texlive/2025/texmf-dist/tex/generic/pgf/math/pgfmathfunctions.misc.
code.tex)
(/usr/local/texlive/2025/texmf-dist/tex/generic/pgf/math/pgfmathfunctions.integ
erarithmetics.code.tex)
(/usr/local/texlive/2025/texmf-dist/tex/generic/pgf/math/pgfmathcalc.code.tex)
(/usr/local/texlive/2025/texmf-dist/tex/generic/pgf/math/pgfmathfloat.code.tex
\c@pgfmathroundto@lastzeros=\count410
)) (/usr/local/texlive/2025/texmf-dist/tex/generic/pgf/math/pgfint.code.tex)
(/usr/local/texlive/2025/texmf-dist/tex/generic/pgf/basiclayer/pgfcorepoints.co
de.tex
File: pgfcorepoints.code.tex 2023-01-15 v3.1.10 (3.1.10)
\pgf@picminx=\dimen158
\pgf@picmaxx=\dimen159
\pgf@picminy=\dimen160
\pgf@picmaxy=\dimen161
\pgf@pathminx=\dimen162
\pgf@pathmaxx=\dimen163
\pgf@pathminy=\dimen164
\pgf@pathmaxy=\dimen165
\pgf@xx=\dimen166
\pgf@xy=\dimen167
\pgf@yx=\dimen168
\pgf@yy=\dimen169
\pgf@zx=\dimen170
\pgf@zy=\dimen171
)
(/usr/local/texlive/2025/texmf-dist/tex/generic/pgf/basiclayer/pgfcorepathconst
ruct.code.tex
File: pgfcorepathconstruct.code.tex 2023-01-15 v3.1.10 (3.1.10)
\pgf@path@lastx=\dimen172
\pgf@path@lasty=\dimen173
)
(/usr/local/texlive/2025/texmf-dist/tex/generic/pgf/basiclayer/pgfcorepathusage
.code.tex
File: pgfcorepathusage.code.tex 2023-01-15 v3.1.10 (3.1.10)
\pgf@shorten@end@additional=\dimen174
\pgf@shorten@start@additional=\dimen175
)
(/usr/local/texlive/2025/texmf-dist/tex/generic/pgf/basiclayer/pgfcorescopes.co
de.tex
File: pgfcorescopes.code.tex 2023-01-15 v3.1.10 (3.1.10)
\pgfpic=\box55
\pgf@hbox=\box56
\pgf@layerbox@main=\box57
\pgf@picture@serial@count=\count411
)
(/usr/local/texlive/2025/texmf-dist/tex/generic/pgf/basiclayer/pgfcoregraphicst
ate.code.tex
File: pgfcoregraphicstate.code.tex 2023-01-15 v3.1.10 (3.1.10)
\pgflinewidth=\dimen176
)
(/usr/local/texlive/2025/texmf-dist/tex/generic/pgf/basiclayer/pgfcoretransform
ations.code.tex
File: pgfcoretransformations.code.tex 2023-01-15 v3.1.10 (3.1.10)
\pgf@pt@x=\dimen177
\pgf@pt@y=\dimen178
\pgf@pt@temp=\dimen179
)
(/usr/local/texlive/2025/texmf-dist/tex/generic/pgf/basiclayer/pgfcorequick.cod
e.tex
File: pgfcorequick.code.tex 2023-01-15 v3.1.10 (3.1.10)
)
(/usr/local/texlive/2025/texmf-dist/tex/generic/pgf/basiclayer/pgfcoreobjects.c
ode.tex
File: pgfcoreobjects.code.tex 2023-01-15 v3.1.10 (3.1.10)
)
(/usr/local/texlive/2025/texmf-dist/tex/generic/pgf/basiclayer/pgfcorepathproce
ssing.code.tex
File: pgfcorepathprocessing.code.tex 2023-01-15 v3.1.10 (3.1.10)
)
(/usr/local/texlive/2025/texmf-dist/tex/generic/pgf/basiclayer/pgfcorearrows.co
de.tex
File: pgfcorearrows.code.tex 2023-01-15 v3.1.10 (3.1.10)
\pgfarrowsep=\dimen180
)
(/usr/local/texlive/2025/texmf-dist/tex/generic/pgf/basiclayer/pgfcoreshade.cod
e.tex
File: pgfcoreshade.code.tex 2023-01-15 v3.1.10 (3.1.10)
\pgf@max=\dimen181
\pgf@sys@shading@range@num=\count412
\pgf@shadingcount=\count413
)
(/usr/local/texlive/2025/texmf-dist/tex/generic/pgf/basiclayer/pgfcoreimage.cod
e.tex
File: pgfcoreimage.code.tex 2023-01-15 v3.1.10 (3.1.10)
)
(/usr/local/texlive/2025/texmf-dist/tex/generic/pgf/basiclayer/pgfcoreexternal.
code.tex
File: pgfcoreexternal.code.tex 2023-01-15 v3.1.10 (3.1.10)
\pgfexternal@startupbox=\box58
)
(/usr/local/texlive/2025/texmf-dist/tex/generic/pgf/basiclayer/pgfcorelayers.co
de.tex
File: pgfcorelayers.code.tex 2023-01-15 v3.1.10 (3.1.10)
)
(/usr/local/texlive/2025/texmf-dist/tex/generic/pgf/basiclayer/pgfcoretranspare
ncy.code.tex
File: pgfcoretransparency.code.tex 2023-01-15 v3.1.10 (3.1.10)
)
(/usr/local/texlive/2025/texmf-dist/tex/generic/pgf/basiclayer/pgfcorepatterns.
code.tex
File: pgfcorepatterns.code.tex 2023-01-15 v3.1.10 (3.1.10)
)
(/usr/local/texlive/2025/texmf-dist/tex/generic/pgf/basiclayer/pgfcorerdf.code.
tex
File: pgfcorerdf.code.tex 2023-01-15 v3.1.10 (3.1.10)
)))
(/usr/local/texlive/2025/texmf-dist/tex/generic/pgf/modules/pgfmoduleshapes.cod
e.tex
File: pgfmoduleshapes.code.tex 2023-01-15 v3.1.10 (3.1.10)
\pgfnodeparttextbox=\box59
)
(/usr/local/texlive/2025/texmf-dist/tex/generic/pgf/modules/pgfmoduleplot.code.
tex
File: pgfmoduleplot.code.tex 2023-01-15 v3.1.10 (3.1.10)
)
(/usr/local/texlive/2025/texmf-dist/tex/latex/pgf/compatibility/pgfcomp-version
-0-65.sty
Package: pgfcomp-version-0-65 2023-01-15 v3.1.10 (3.1.10)
\pgf@nodesepstart=\dimen182
\pgf@nodesepend=\dimen183
)
(/usr/local/texlive/2025/texmf-dist/tex/latex/pgf/compatibility/pgfcomp-version
-1-18.sty
Package: pgfcomp-version-1-18 2023-01-15 v3.1.10 (3.1.10)
))
(/usr/local/texlive/2025/texmf-dist/tex/latex/pgf/utilities/pgffor.sty
(/usr/local/texlive/2025/texmf-dist/tex/latex/pgf/utilities/pgfkeys.sty
(/usr/local/texlive/2025/texmf-dist/tex/generic/pgf/utilities/pgfkeys.code.tex)
) (/usr/local/texlive/2025/texmf-dist/tex/latex/pgf/math/pgfmath.sty
(/usr/local/texlive/2025/texmf-dist/tex/generic/pgf/math/pgfmath.code.tex))
(/usr/local/texlive/2025/texmf-dist/tex/generic/pgf/utilities/pgffor.code.tex
Package: pgffor 2023-01-15 v3.1.10 (3.1.10)
\pgffor@iter=\dimen184
\pgffor@skip=\dimen185
\pgffor@stack=\toks31
\pgffor@toks=\toks32
))
(/usr/local/texlive/2025/texmf-dist/tex/generic/pgf/frontendlayer/tikz/tikz.cod
e.tex
Package: tikz 2023-01-15 v3.1.10 (3.1.10)

(/usr/local/texlive/2025/texmf-dist/tex/generic/pgf/libraries/pgflibraryplothan
dlers.code.tex
File: pgflibraryplothandlers.code.tex 2023-01-15 v3.1.10 (3.1.10)
\pgf@plot@mark@count=\count414
\pgfplotmarksize=\dimen186
)
\tikz@lastx=\dimen187
\tikz@lasty=\dimen188
\tikz@lastxsaved=\dimen189
\tikz@lastysaved=\dimen190
\tikz@lastmovetox=\dimen191
\tikz@lastmovetoy=\dimen192
\tikzleveldistance=\dimen193
\tikzsiblingdistance=\dimen194
\tikz@figbox=\box60
\tikz@figbox@bg=\box61
\tikz@tempbox=\box62
\tikz@tempbox@bg=\box63
\tikztreelevel=\count415
\tikznumberofchildren=\count416
\tikznumberofcurrentchild=\count417
\tikz@fig@count=\count418

(/usr/local/texlive/2025/texmf-dist/tex/generic/pgf/modules/pgfmodulematrix.cod
e.tex
File: pgfmodulematrix.code.tex 2023-01-15 v3.1.10 (3.1.10)
\pgfmatrixcurrentrow=\count419
\pgfmatrixcurrentcolumn=\count420
\pgf@matrix@numberofcolumns=\count421
)
\tikz@expandcount=\count422

(/usr/local/texlive/2025/texmf-dist/tex/generic/pgf/frontendlayer/tikz/librarie
s/tikzlibrarytopaths.code.tex
File: tikzlibrarytopaths.code.tex 2023-01-15 v3.1.10 (3.1.10)
)))
(/usr/local/texlive/2025/texmf-dist/tex/latex/datetime/datetime.sty
Package: datetime 2015/03/20 v2.60 Date Time Package

(/usr/local/texlive/2025/texmf-dist/tex/latex/fmtcount/fmtcount.sty
Package: fmtcount 2025/02/09 v3.10 Displaying the values of LaTeX counters (NT,
VB,NE)

(/usr/local/texlive/2025/texmf-dist/tex/latex/xkeyval/xkeyval.sty
Package: xkeyval 2022/06/16 v2.9 package option processing (HA)

(/usr/local/texlive/2025/texmf-dist/tex/generic/xkeyval/xkeyval.tex
(/usr/local/texlive/2025/texmf-dist/tex/generic/xkeyval/xkvutils.tex
\XKV@toks=\toks33
\XKV@tempa@toks=\toks34
)
\XKV@depth=\count423
File: xkeyval.tex 2014/12/03 v2.7a key=value parser (HA)
))
(/usr/local/texlive/2025/texmf-dist/tex/latex/fmtcount/fcprefix.sty
Package: fcprefix 2012/09/28

(/usr/local/texlive/2025/texmf-dist/tex/latex/fmtcount/fcnumparser.sty
Package: fcnumparser 2017/06/15
\fc@digit@counter=\count424
))
(/usr/local/texlive/2025/texmf-dist/tex/latex/amsmath/amsgen.sty
File: amsgen.sty 1999/11/30 v2.0 generic functions
\@emptytoks=\toks35
\ex@=\dimen195
)
\c@padzeroesN=\count425
\fc@tmpcatcode=\count426
\@DT@modctr=\count427
\@ordinalctr=\count428
\@orgargctr=\count429
\@strctr=\count430
\@tmpstrctr=\count431
\@DT@loopN=\count432
\@DT@X=\count433
)
(/usr/local/texlive/2025/texmf-dist/tex/latex/datetime/datetime-defaults.sty
Package: datetime-defaults 2013/09/10
)
\@day=\count434
\@month=\count435
\@year=\count436
\c@HOUR=\count437
\c@HOURXII=\count438
\c@MINUTE=\count439
\c@TOHOUR=\count440
\c@TOMINUTE=\count441
\c@SECOND=\count442
\currenthour=\count443
\currentminute=\count444
\currentsecond=\count445
Package datetime Info: No datetime.cfg file found, using default settings on in
put line 308.
\@dtctr=\count446
\dayofyear=\count447
\dayofweek=\count448
LaTeX Info: Redefining \today on input line 736.

(/usr/local/texlive/2025/texmf-dist/tex/latex/datetime/dt-spanish.def
File: dt-spanish.def 2013/09/10
LaTeX Info: Redefining \datespanish on input line 85.
)
\dt@a=\toks36
\dt@b=\toks37
)
(/usr/local/texlive/2025/texmf-dist/tex/latex/base/fontenc.sty
Package: fontenc 2021/04/29 v2.0v Standard LaTeX package
)
(/usr/local/texlive/2025/texmf-dist/tex/latex/base/textcomp.sty
Package: textcomp 2024/04/24 v2.1b Standard LaTeX package
)
(/usr/local/texlive/2025/texmf-dist/tex/latex/bera/berasans.sty
Package: berasans 2004/01/30 (WaS)
)
(/usr/local/texlive/2025/texmf-dist/tex/latex/geometry/geometry.sty
Package: geometry 2020/01/02 v5.9 Page Geometry

(/usr/local/texlive/2025/texmf-dist/tex/generic/iftex/ifvtex.sty
Package: ifvtex 2019/10/25 v1.7 ifvtex legacy package. Use iftex instead.
)
\Gm@cnth=\count449
\Gm@cntv=\count450
\c@Gm@tempcnt=\count451
\Gm@bindingoffset=\dimen196
\Gm@wd@mp=\dimen197
\Gm@odd@mp=\dimen198
\Gm@even@mp=\dimen199
\Gm@layoutwidth=\dimen256
\Gm@layoutheight=\dimen257
\Gm@layouthoffset=\dimen258
\Gm@layoutvoffset=\dimen259
\Gm@dimlist=\toks38
)
(/usr/local/texlive/2025/texmf-dist/tex/latex/fancyhdr/fancyhdr.sty
Package: fancyhdr 2025/02/07 v5.2 Extensive control of page headers and footers

\f@nch@headwidth=\skip73
\f@nch@offset@elh=\skip74
\f@nch@offset@erh=\skip75
\f@nch@offset@olh=\skip76
\f@nch@offset@orh=\skip77
\f@nch@offset@elf=\skip78
\f@nch@offset@erf=\skip79
\f@nch@offset@olf=\skip80
\f@nch@offset@orf=\skip81
\f@nch@height=\skip82
\f@nch@footalignment=\skip83
\f@nch@widthL=\skip84
\f@nch@widthC=\skip85
\f@nch@widthR=\skip86
\@temptokenb=\toks39
)
(/usr/local/texlive/2025/texmf-dist/tex/latex/todonotes/todonotes.sty
Package: todonotes 2024/01/05 v1.1.7 Todonotes source and documentation.
Package: todonotes 2024/01/05

(/usr/local/texlive/2025/texmf-dist/tex/generic/pgf/frontendlayer/tikz/librarie
s/tikzlibrarypositioning.code.tex
File: tikzlibrarypositioning.code.tex 2023-01-15 v3.1.10 (3.1.10)
)
(/usr/local/texlive/2025/texmf-dist/tex/latex/tools/calc.sty
Package: calc 2023/07/08 v4.3 Infix arithmetic (KKT,FJ)
\calc@Acount=\count452
\calc@Bcount=\count453
\calc@Adimen=\dimen260
\calc@Bdimen=\dimen261
\calc@Askip=\skip87
\calc@Bskip=\skip88
LaTeX Info: Redefining \setlength on input line 80.
LaTeX Info: Redefining \addtolength on input line 81.
\calc@Ccount=\count454
\calc@Cskip=\skip89
)
\c@@todonotes@numberoftodonotes=\count455
)
(/usr/local/texlive/2025/texmf-dist/tex/latex/float/float.sty
Package: float 2001/11/08 v1.3d Float enhancements (AL)
\c@float@type=\count456
\float@exts=\toks40
\float@box=\box64
\@float@everytoks=\toks41
\@floatcapt=\box65
)
(/usr/local/texlive/2025/texmf-dist/tex/latex/needspace/needspace.sty
Package: needspace 2010/09/12 v1.3d reserve vertical space
)
(/usr/local/texlive/2025/texmf-dist/tex/latex/tools/tabularx.sty
Package: tabularx 2023/12/11 v2.12a `tabularx' package (DPC)

(/usr/local/texlive/2025/texmf-dist/tex/latex/tools/array.sty
Package: array 2024/10/17 v2.6g Tabular extension package (FMi)
\col@sep=\dimen262
\ar@mcellbox=\box66
\extrarowheight=\dimen263
\NC@list=\toks42
\extratabsurround=\skip90
\backup@length=\skip91
\ar@cellbox=\box67
)
\TX@col@width=\dimen264
\TX@old@table=\dimen265
\TX@old@col=\dimen266
\TX@target=\dimen267
\TX@delta=\dimen268
\TX@cols=\count457
\TX@ftn=\toks43
)
(/usr/local/texlive/2025/texmf-dist/tex/latex/emptypage/emptypage.sty
Package: emptypage 2010/05/30 v1.2 Suppress page numbers and headings on empty 
pages
)
(/usr/local/texlive/2025/texmf-dist/tex/latex/appendix/appendix.sty
Package: appendix 2020/02/08 v1.2c extra appendix facilities
\c@@pps=\count458
\c@@ppsavesec=\count459
\c@@ppsaveapp=\count460
)
(/usr/local/texlive/2025/texmf-dist/tex/latex/hyperref/hyperref.sty
Package: hyperref 2024-11-05 v7.01l Hypertext links for LaTeX

(/usr/local/texlive/2025/texmf-dist/tex/generic/kvdefinekeys/kvdefinekeys.sty
Package: kvdefinekeys 2019-12-19 v1.6 Define keys (HO)
)
(/usr/local/texlive/2025/texmf-dist/tex/generic/pdfescape/pdfescape.sty
Package: pdfescape 2019/12/09 v1.15 Implements pdfTeX's escape features (HO)
)
(/usr/local/texlive/2025/texmf-dist/tex/latex/hycolor/hycolor.sty
Package: hycolor 2020-01-27 v1.10 Color options for hyperref/bookmark (HO)
)
(/usr/local/texlive/2025/texmf-dist/tex/latex/hyperref/nameref.sty
Package: nameref 2023-11-26 v2.56 Cross-referencing by name of section

(/usr/local/texlive/2025/texmf-dist/tex/latex/refcount/refcount.sty
Package: refcount 2019/12/15 v3.6 Data extraction from label references (HO)
)
(/usr/local/texlive/2025/texmf-dist/tex/generic/gettitlestring/gettitlestring.s
ty
Package: gettitlestring 2019/12/15 v1.6 Cleanup title references (HO)
)
\c@section@level=\count461
) (/usr/local/texlive/2025/texmf-dist/tex/generic/stringenc/stringenc.sty
Package: stringenc 2019/11/29 v1.12 Convert strings between diff. encodings (HO
)
)
\@linkdim=\dimen269
\Hy@linkcounter=\count462
\Hy@pagecounter=\count463

(/usr/local/texlive/2025/texmf-dist/tex/latex/hyperref/pd1enc.def
File: pd1enc.def 2024-11-05 v7.01l Hyperref: PDFDocEncoding definition (HO)
Now handling font encoding PD1 ...
... no UTF-8 mapping file for font encoding PD1
)
(/usr/local/texlive/2025/texmf-dist/tex/generic/intcalc/intcalc.sty
Package: intcalc 2019/12/15 v1.3 Expandable calculations with integers (HO)
)
\Hy@SavedSpaceFactor=\count464

(/usr/local/texlive/2025/texmf-dist/tex/latex/hyperref/puenc.def
File: puenc.def 2024-11-05 v7.01l Hyperref: PDF Unicode definition (HO)
Now handling font encoding PU ...
... no UTF-8 mapping file for font encoding PU
)
Package hyperref Info: Option `final' set `true' on input line 4040.
Package hyperref Info: Hyper figures OFF on input line 4157.
Package hyperref Info: Link nesting OFF on input line 4162.
Package hyperref Info: Hyper index ON on input line 4165.
Package hyperref Info: Plain pages OFF on input line 4172.
Package hyperref Info: Backreferencing OFF on input line 4177.
Package hyperref Info: Implicit mode ON; LaTeX internals redefined.
Package hyperref Info: Bookmarks ON on input line 4424.
\c@Hy@tempcnt=\count465
LaTeX Info: Redefining \url on input line 4763.
\XeTeXLinkMargin=\dimen270

(/usr/local/texlive/2025/texmf-dist/tex/generic/bitset/bitset.sty
Package: bitset 2019/12/09 v1.3 Handle bit-vector datatype (HO)

(/usr/local/texlive/2025/texmf-dist/tex/generic/bigintcalc/bigintcalc.sty
Package: bigintcalc 2019/12/15 v1.5 Expandable calculations on big integers (HO
)
))
\Fld@menulength=\count466
\Field@Width=\dimen271
\Fld@charsize=\dimen272
Package hyperref Info: Hyper figures OFF on input line 6042.
Package hyperref Info: Link nesting OFF on input line 6047.
Package hyperref Info: Hyper index ON on input line 6050.
Package hyperref Info: backreferencing OFF on input line 6057.
Package hyperref Info: Link coloring OFF on input line 6062.
Package hyperref Info: Link coloring with OCG OFF on input line 6067.
Package hyperref Info: PDF/A mode OFF on input line 6072.

(/usr/local/texlive/2025/texmf-dist/tex/latex/base/atbegshi-ltx.sty
Package: atbegshi-ltx 2021/01/10 v1.0c Emulation of the original atbegshi
package with kernel methods
)
\Hy@abspage=\count467
\c@Item=\count468
\c@Hfootnote=\count469
)
Package hyperref Info: Driver (autodetected): hpdftex.

(/usr/local/texlive/2025/texmf-dist/tex/latex/hyperref/hpdftex.def
File: hpdftex.def 2024-11-05 v7.01l Hyperref driver for pdfTeX

(/usr/local/texlive/2025/texmf-dist/tex/latex/base/atveryend-ltx.sty
Package: atveryend-ltx 2020/08/19 v1.0a Emulation of the original atveryend pac
kage
with kernel methods
)
\Fld@listcount=\count470
\c@bookmark@seq@number=\count471

(/usr/local/texlive/2025/texmf-dist/tex/latex/rerunfilecheck/rerunfilecheck.sty
Package: rerunfilecheck 2022-07-10 v1.10 Rerun checks for auxiliary files (HO)

(/usr/local/texlive/2025/texmf-dist/tex/generic/uniquecounter/uniquecounter.sty
Package: uniquecounter 2019/12/15 v1.4 Provide unlimited unique counter (HO)
)
Package uniquecounter Info: New unique counter `rerunfilecheck' on input line 2
85.
)
\Hy@SectionHShift=\skip92
)
Package hyperref Info: Option `colorlinks' set `true' on input line 99.
Package hyperref Info: Option `breaklinks' set `true' on input line 99.
 (/usr/local/texlive/2025/texmf-dist/tex/latex/wrapfig/wrapfig.sty
\wrapoverhang=\dimen273
\WF@size=\dimen274
\c@WF@wrappedlines=\count472
\WF@box=\box68
\WF@everypar=\toks44
Package: wrapfig 2003/01/31  v 3.6
)
(/usr/local/texlive/2025/texmf-dist/tex/latex/multirow/multirow.sty
Package: multirow 2024/11/12 v2.9 Span multiple rows of a table
\multirow@colwidth=\skip93
\multirow@cntb=\count473
\multirow@dima=\skip94
\bigstrutjot=\dimen275
)
(/usr/local/texlive/2025/texmf-dist/tex/latex/tools/multicol.sty
Package: multicol 2024/09/14 v1.9i multicolumn formatting (FMi)
\c@tracingmulticols=\count474
\mult@box=\box69
\multicol@leftmargin=\dimen276
\c@unbalance=\count475
\c@collectmore=\count476
\doublecol@number=\count477
\multicoltolerance=\count478
\multicolpretolerance=\count479
\full@width=\dimen277
\page@free=\dimen278
\premulticols=\dimen279
\postmulticols=\dimen280
\multicolsep=\skip95
\multicolbaselineskip=\skip96
\partial@page=\box70
\last@line=\box71
\mc@boxedresult=\box72
\maxbalancingoverflow=\dimen281
\mult@rightbox=\box73
\mult@grightbox=\box74
\mult@firstbox=\box75
\mult@gfirstbox=\box76
\@tempa=\box77
\@tempa=\box78
\@tempa=\box79
\@tempa=\box80
\@tempa=\box81
\@tempa=\box82
\@tempa=\box83
\@tempa=\box84
\@tempa=\box85
\@tempa=\box86
\@tempa=\box87
\@tempa=\box88
\@tempa=\box89
\@tempa=\box90
\@tempa=\box91
\@tempa=\box92
\@tempa=\box93
\@tempa=\box94
\@tempa=\box95
\@tempa=\box96
\@tempa=\box97
\@tempa=\box98
\@tempa=\box99
\@tempa=\box100
\@tempa=\box101
\@tempa=\box102
\@tempa=\box103
\@tempa=\box104
\@tempa=\box105
\@tempa=\box106
\@tempa=\box107
\@tempa=\box108
\@tempa=\box109
\@tempa=\box110
\@tempa=\box111
\@tempa=\box112
\c@minrows=\count480
\c@columnbadness=\count481
\c@finalcolumnbadness=\count482
\last@try=\dimen282
\multicolovershoot=\dimen283
\multicolundershoot=\dimen284
\mult@nat@firstbox=\box113
\colbreak@box=\box114
\mc@col@check@num=\count483
)
(/usr/local/texlive/2025/texmf-dist/tex/latex/tabu/tabu.sty
Package: tabu 2019/01/11 v2.9 - flexible LaTeX tabulars (FC+tabu-fixed)

(/usr/local/texlive/2025/texmf-dist/tex/latex/varwidth/varwidth.sty
Package: varwidth 2009/03/30 ver 0.92;  Variable-width minipages
\@vwid@box=\box115
\sift@deathcycles=\count484
\@vwid@loff=\dimen285
\@vwid@roff=\dimen286
)
\c@taburow=\count485
\tabu@nbcols=\count486
\tabu@cnt=\count487
\tabu@Xcol=\count488
\tabu@alloc=\count489
\tabu@nested=\count490
\tabu@target=\dimen287
\tabu@spreadtarget=\dimen288
\tabu@naturalX=\dimen289
\tabucolX=\dimen290
\tabu@Xsum=\dimen291
\extrarowdepth=\dimen292
\abovetabulinesep=\dimen293
\belowtabulinesep=\dimen294
\tabustrutrule=\dimen295
\tabu@thebody=\toks45
\tabu@footnotes=\toks46
\tabu@box=\box116
\tabu@arstrutbox=\box117
\tabu@hleads=\box118
\tabu@vleads=\box119
\tabu@cellskip=\skip97
)
(/usr/local/texlive/2025/texmf-dist/tex/latex/psnfss/pifont.sty
Package: pifont 2020/03/25 PSNFSS-v9.3 Pi font support (SPQR) 
LaTeX Font Info:    Trying to load font information for U+pzd on input line 63.


(/usr/local/texlive/2025/texmf-dist/tex/latex/psnfss/upzd.fd
File: upzd.fd 2001/06/04 font definitions for U/pzd.
)
LaTeX Font Info:    Trying to load font information for U+psy on input line 64.


(/usr/local/texlive/2025/texmf-dist/tex/latex/psnfss/upsy.fd
File: upsy.fd 2001/06/04 font definitions for U/psy.
))
(/usr/local/texlive/2025/texmf-dist/tex/latex/chngcntr/chngcntr.sty
Package: chngcntr 2018/04/09 v1.1a change counter resetting
Package chngcntr Info: \counterwithout already defined.
(chngcntr)             Quitting chngcntr on input line 21.
)
(/usr/local/texlive/2025/texmf-dist/tex/latex/tools/verbatim.sty
Package: verbatim 2024-01-22 v1.5x LaTeX2e package for verbatim enhancements
\every@verbatim=\toks47
\verbatim@line=\toks48
\verbatim@in@stream=\read5
)
(/usr/local/texlive/2025/texmf-dist/tex/latex/adjustbox/adjustbox.sty
Package: adjustbox 2025/02/26 v1.3c Adjusting TeX boxes (trim, clip, ...)

(/usr/local/texlive/2025/texmf-dist/tex/latex/adjustbox/adjcalc.sty
Package: adjcalc 2012/05/16 v1.1 Provides advanced setlength with multiple back
-ends (calc, etex, pgfmath)
)
(/usr/local/texlive/2025/texmf-dist/tex/latex/adjustbox/trimclip.sty
Package: trimclip 2025/02/21 v1.2a Trim and clip general TeX material

(/usr/local/texlive/2025/texmf-dist/tex/latex/collectbox/collectbox.sty
Package: collectbox 2022/10/17 v0.4c Collect macro arguments as boxes
\collectedbox=\box120
)
\tc@llx=\dimen296
\tc@lly=\dimen297
\tc@urx=\dimen298
\tc@ury=\dimen299
Package trimclip Info: Using driver 'tc-pdftex.def'.

(/usr/local/texlive/2025/texmf-dist/tex/latex/adjustbox/tc-pdftex.def
File: tc-pdftex.def 2025/02/26 v2.3 Clipping driver for pdftex
))
\adjbox@Width=\dimen300
\adjbox@Height=\dimen301
\adjbox@Depth=\dimen302
\adjbox@Totalheight=\dimen303
\adjbox@pwidth=\dimen304
\adjbox@pheight=\dimen305
\adjbox@pdepth=\dimen306
\adjbox@ptotalheight=\dimen307

(/usr/local/texlive/2025/texmf-dist/tex/latex/ifoddpage/ifoddpage.sty
Package: ifoddpage 2022/10/18 v1.2 Conditionals for odd/even page detection
\c@checkoddpage=\count491
))
(/usr/local/texlive/2025/texmf-dist/tex/latex/listings/listings.sty
\lst@mode=\count492
\lst@gtempboxa=\box121
\lst@token=\toks49
\lst@length=\count493
\lst@currlwidth=\dimen308
\lst@column=\count494
\lst@pos=\count495
\lst@lostspace=\dimen309
\lst@width=\dimen310
\lst@newlines=\count496
\lst@lineno=\count497
\lst@maxwidth=\dimen311

(/usr/local/texlive/2025/texmf-dist/tex/latex/listings/lstpatch.sty
File: lstpatch.sty 2024/09/23 1.10c (Carsten Heinz)
)
(/usr/local/texlive/2025/texmf-dist/tex/latex/listings/lstmisc.sty
File: lstmisc.sty 2024/09/23 1.10c (Carsten Heinz)
\c@lstnumber=\count498
\lst@skipnumbers=\count499
\lst@framebox=\box122
)
(/usr/local/texlive/2025/texmf-dist/tex/latex/listings/listings.cfg
File: listings.cfg 2024/09/23 1.10c listings configuration
))
Package: listings 2024/09/23 1.10c (Carsten Heinz)

(/usr/local/texlive/2025/texmf-dist/tex/latex/minted/minted.sty
Package: minted 2025/03/06 v3.6.0 Yet another Pygments shim for LaTeX

(/usr/local/texlive/2025/texmf-dist/tex/generic/catchfile/catchfile.sty
Package: catchfile 2019/12/09 v1.8 Catch the contents of a file (HO)

(/usr/local/texlive/2025/texmf-dist/tex/generic/etexcmds/etexcmds.sty
Package: etexcmds 2019/12/15 v1.7 Avoid name clashes with e-TeX commands (HO)
))
(/usr/local/texlive/2025/texmf-dist/tex/latex/fvextra/fvextra.sty
Package: fvextra 2025/03/04 v1.12.0 fvextra - extensions and patches for fancyv
rb

(/usr/local/texlive/2025/texmf-dist/tex/latex/fancyvrb/fancyvrb.sty
Package: fancyvrb 2024/01/20 4.5c verbatim text (tvz,hv)
\FV@CodeLineNo=\count500
\FV@InFile=\read6
\FV@TabBox=\box123
\c@FancyVerbLine=\count501
\FV@StepNumber=\count502
\FV@OutFile=\write5
)
(/usr/local/texlive/2025/texmf-dist/tex/latex/upquote/upquote.sty
Package: upquote 2012/04/19 v1.3 upright-quote and grave-accent glyphs in verba
tim
)
(/usr/local/texlive/2025/texmf-dist/tex/latex/lineno/lineno.sty
Package: lineno 2025/01/29 line numbers on paragraphs v5.4
\linenopenalty=\count503
\output=\toks50
\linenoprevgraf=\count504
\linenumbersep=\dimen312
\linenumberwidth=\dimen313
\c@linenumber=\count505
\c@pagewiselinenumber=\count506
\c@LN@truepage=\count507
\c@internallinenumber=\count508
\c@internallinenumbers=\count509
\quotelinenumbersep=\dimen314
\bframerule=\dimen315
\bframesep=\dimen316
\bframebox=\box124
LaTeX Info: Redefining \\ on input line 3187.
)
\c@FancyVerbWriteLine=\count510
\c@FancyVerbBufferLine=\count511
\c@FV@TrueTabGroupLevel=\count512
\c@FV@TrueTabCounter=\count513
\FV@TabBox@Group=\box125
\FV@bgcolorstructbox=\box126
\FV@TmpLength=\skip98
\c@FV@HighlightLinesStart=\count514
\c@FV@HighlightLinesStop=\count515
\FV@LoopCount=\count516
\FV@NCharsBox=\box127
\FV@BreakIndent=\dimen317
\FV@BreakIndentNChars=\count517
\FV@BreakSymbolSepLeft=\dimen318
\FV@BreakSymbolSepLeftNChars=\count518
\FV@BreakSymbolSepRight=\dimen319
\FV@BreakSymbolSepRightNChars=\count519
\FV@BreakSymbolIndentLeft=\dimen320
\FV@BreakSymbolIndentLeftNChars=\count520
\FV@BreakSymbolIndentRight=\dimen321
\FV@BreakSymbolIndentRightNChars=\count521
\c@FancyVerbLineBreakLast=\count522
\FV@LineBox=\box128
\FV@LineIndentBox=\box129
\c@FV@BreakBufferDepth=\count523
\FV@LineWidth=\dimen322
)
(/usr/local/texlive/2025/texmf-dist/tex/latex/latex2pydata/latex2pydata.sty
Package: latex2pydata 2025/03/03 v0.5.0 latex2pydata - write data to file in Py
thon literal format
)
(/usr/local/texlive/2025/texmf-dist/tex/latex/pgfopts/pgfopts.sty
Package: pgfopts 2014/07/10 v2.1a LaTeX package options with pgfkeys
\pgfopts@list@add@a@toks=\toks51
\pgfopts@list@add@b@toks=\toks52
)
(/usr/local/texlive/2025/texmf-dist/tex/latex/tools/shellesc.sty
Package: shellesc 2023/07/08 v1.0d unified shell escape interface for LaTeX
Package shellesc Info: Restricted shell escape enabled on input line 77.
)

Package minted Warning: Package option "final" no longer has any effect with mi
nted v3+ on input line 282.

\c@minted@FancyVerbLineTemp=\count524
\@float@every@listing=\toks53
\c@listing=\count525
) (/usr/local/texlive/2025/texmf-dist/tex/latex/pdfpages/pdfpages.sty
Package: pdfpages 2025/01/30 v0.6e Insert pages of external PDF documents (AM)

(/usr/local/texlive/2025/texmf-dist/tex/latex/eso-pic/eso-pic.sty
Package: eso-pic 2023/05/03 v3.0c eso-pic (RN)
\ESO@tempdima=\dimen323
\ESO@tempdimb=\dimen324
)
\AM@pagewidth=\dimen325
\AM@pageheight=\dimen326
\AM@fboxrule=\dimen327

(/usr/local/texlive/2025/texmf-dist/tex/latex/pdfpages/pppdftex.def
File: pppdftex.def 2025/01/30 v0.6e Pdfpages driver for pdfTeX (AM)
)
\pdfpages@includegraphics@status=\count526
\AM@pagebox=\box130
\AM@global@opts=\toks54
\AM@pagecnt=\count527
\AM@toc@title=\toks55
\AM@lof@heading=\toks56
\c@AM@survey=\count528
\AM@templatesizebox=\box131
)
(/usr/local/texlive/2025/texmf-dist/tex/latex/booktabs/booktabs.sty
Package: booktabs 2020/01/12 v1.61803398 Publication quality tables
\heavyrulewidth=\dimen328
\lightrulewidth=\dimen329
\cmidrulewidth=\dimen330
\belowrulesep=\dimen331
\belowbottomsep=\dimen332
\aboverulesep=\dimen333
\abovetopsep=\dimen334
\cmidrulesep=\dimen335
\cmidrulekern=\dimen336
\defaultaddspace=\dimen337
\@cmidla=\count529
\@cmidlb=\count530
\@aboverulesep=\dimen338
\@belowrulesep=\dimen339
\@thisruleclass=\count531
\@lastruleclass=\count532
\@thisrulewidth=\dimen340
)
(/usr/local/texlive/2025/texmf-dist/tex/latex/caption/caption.sty
Package: caption 2023/08/05 v3.6o Customizing captions (AR)

(/usr/local/texlive/2025/texmf-dist/tex/latex/caption/caption3.sty
Package: caption3 2023/07/31 v2.4d caption3 kernel (AR)
\caption@tempdima=\dimen341
\captionmargin=\dimen342
\caption@leftmargin=\dimen343
\caption@rightmargin=\dimen344
\caption@width=\dimen345
\caption@indent=\dimen346
\caption@parindent=\dimen347
\caption@hangindent=\dimen348
Package caption Info: Standard document class detected.
)
\c@caption@flags=\count533
\c@continuedfloat=\count534
Package caption Info: float package is loaded.
Package caption Info: hyperref package is loaded.
Package caption Info: listings package is loaded.
Package caption Info: wrapfig package is loaded.
)
(/usr/local/texlive/2025/texmf-dist/tex/latex/threeparttable/threeparttable.sty
Package: threeparttable 2003/06/13  v 3.0
\@tempboxb=\box132
) (/usr/local/texlive/2025/texmf-dist/tex/latex/verbatimbox/verbatimbox.sty
Package: verbatimbox 2023/08/08 v3.2\ Routines for placing verbatim text into b
oxes, useful in places where the verbatim environment is inaccessible. Secondar
ily, for adding vertical buffer around an object.

(/usr/local/texlive/2025/texmf-dist/tex/latex/readarray/readarray.sty
Package: readarray 2021/09/17\ 3.1\ Routines for inputting 2D and 3D array data
 and recalling it on an element-by-element basis.

(/usr/local/texlive/2025/texmf-dist/tex/latex/forloop/forloop.sty
Package: forloop 2023/05/03 v3.0 For Loops for LaTeX
)
(/usr/local/texlive/2025/texmf-dist/tex/generic/listofitems/listofitems.sty
(/usr/local/texlive/2025/texmf-dist/tex/generic/listofitems/listofitems.tex
\loi_cnt_foreach_nest=\count535
\loi_nestcnt=\count536
)
Package: listofitems 2024/03/09 v1.65 Grab items in lists using user-specified 
sep char (CT)
)
\c@@index=\count537
\c@@plane=\count538
\c@@row=\count539
\c@@col=\count540
\c@use@args=\count541
\c@@record=\count542
\c@index@count=\count543
\Arg@toks=\toks57
\@arrayident@toks=\toks58
\rdar@file=\read7
\readarrayendlinechar=\count544

readarray: bounds checking OFF
)
\savedverbbox=\box133
\c@VerbboxLineNo=\count545
\boxtopsep=\dimen349
\boxbottomsep=\dimen350
\ps@tempdima=\dimen351
\ps@tempboxa=\box134
\boxtop@sep=\skip99
\boxbottom@sep=\skip100
) (/usr/local/texlive/2025/texmf-dist/tex/latex/tools/afterpage.sty
Package: afterpage 2023/07/04 v1.08 After-Page Package (DPC)
\AP@output=\toks59
\AP@partial=\box135
\AP@footins=\box136
)
(/usr/local/texlive/2025/texmf-dist/tex/latex/csquotes/csquotes.sty
Package: csquotes 2024-04-04 v5.2o context-sensitive quotations (JAW)
\csq@reset=\count546
\csq@gtype=\count547
\csq@glevel=\count548
\csq@qlevel=\count549
\csq@maxlvl=\count550
\csq@tshold=\count551
\csq@ltx@everypar=\toks60

(/usr/local/texlive/2025/texmf-dist/tex/latex/csquotes/csquotes.def
File: csquotes.def 2024-04-04 v5.2o csquotes generic definitions (JAW)
)
Package csquotes Info: Trying to load configuration file 'csquotes.cfg'...
Package csquotes Info: ... configuration file loaded successfully.

(/usr/local/texlive/2025/texmf-dist/tex/latex/csquotes/csquotes.cfg
File: csquotes.cfg 
))
\FVerbBox=\box137
Package csquotes Info: Checking for multilingual support...
Package csquotes Info: ... found 'babel' package.
Package csquotes Info: Adjusting default style.
Package csquotes Info: Redefining alias 'default' -> 'spanish'.

(./main.aux
LaTeX Info: Redefining \. on input line 13.
LaTeX Info: Redefining \% on input line 13.
)
\openout1 = `main.aux'.

LaTeX Font Info:    Checking defaults for OML/cmm/m/it on input line 146.
LaTeX Font Info:    ... okay on input line 146.
LaTeX Font Info:    Checking defaults for OMS/cmsy/m/n on input line 146.
LaTeX Font Info:    ... okay on input line 146.
LaTeX Font Info:    Checking defaults for OT1/cmr/m/n on input line 146.
LaTeX Font Info:    ... okay on input line 146.
LaTeX Font Info:    Checking defaults for T1/cmr/m/n on input line 146.
LaTeX Font Info:    ... okay on input line 146.
LaTeX Font Info:    Checking defaults for TS1/cmr/m/n on input line 146.
LaTeX Font Info:    ... okay on input line 146.
LaTeX Font Info:    Checking defaults for OMX/cmex/m/n on input line 146.
LaTeX Font Info:    ... okay on input line 146.
LaTeX Font Info:    Checking defaults for U/cmr/m/n on input line 146.
LaTeX Font Info:    ... okay on input line 146.
LaTeX Font Info:    Checking defaults for PD1/pdf/m/n on input line 146.
LaTeX Font Info:    ... okay on input line 146.
LaTeX Font Info:    Checking defaults for PU/pdf/m/n on input line 146.
LaTeX Font Info:    ... okay on input line 146.
LaTeX Info: Redefining \. on input line 146.
LaTeX Info: Redefining \% on input line 146.
Package biblatex Info: Trying to load language 'spanish'...
Package biblatex Info: ... file 'spanish.lbx' found.

(/usr/local/texlive/2025/texmf-dist/tex/latex/biblatex/lbx/spanish.lbx
File: spanish.lbx 2024/03/21 v3.20 biblatex localization (PK/MW)
)
Package biblatex Info: Input encoding 'utf8' detected.
Package biblatex Info: Automatic encoding selection.
(biblatex)             Assuming data encoding 'utf8'.
\openout3 = `main.bcf'.

Package biblatex Info: Trying to load bibliographic data...
Package biblatex Info: ... file 'main.bbl' found.

(./main.bbl)
Package biblatex Info: Reference section=0 on input line 146.
Package biblatex Info: Reference segment=0 on input line 146.

(/usr/local/texlive/2025/texmf-dist/tex/context/base/mkii/supp-pdf.mkii
[Loading MPS to PDF converter (version 2006.09.02).]
\scratchcounter=\count552
\scratchdimen=\dimen352
\scratchbox=\box138
\nofMPsegments=\count553
\nofMParguments=\count554
\everyMPshowfont=\toks61
\MPscratchCnt=\count555
\MPscratchDim=\dimen353
\MPnumerator=\count556
\makeMPintoPDFobject=\count557
\everyMPtoPDFconversion=\toks62
) (/usr/local/texlive/2025/texmf-dist/tex/latex/epstopdf-pkg/epstopdf-base.sty
Package: epstopdf-base 2020-01-24 v2.11 Base part for package epstopdf
Package epstopdf-base Info: Redefining graphics rule for `.eps' on input line 4
85.

(/usr/local/texlive/2025/texmf-dist/tex/latex/latexconfig/epstopdf-sys.cfg
File: epstopdf-sys.cfg 2010/07/13 v1.3 Configuration of (r)epstopdf for TeX Liv
e
))
*geometry* driver: auto-detecting
*geometry* detected driver: pdftex
*geometry* verbose mode - [ preamble ] result:
* driver: pdftex
* paper: a4paper
* layout: <same size as paper>
* layoutoffset:(h,v)=(0.0pt,0.0pt)
* modes: twoside 
* h-part:(L,W,R)=(71.13188pt, 455.24411pt, 71.13188pt)
* v-part:(T,H,B)=(71.13188pt, 702.78308pt, 71.13188pt)
* \paperwidth=597.50787pt
* \paperheight=845.04684pt
* \textwidth=455.24411pt
* \textheight=702.78308pt
* \oddsidemargin=-1.1381pt
* \evensidemargin=-1.1381pt
* \topmargin=-51.0119pt
* \headheight=30.0pt
* \headsep=19.8738pt
* \topskip=12.0pt
* \footskip=30.0pt
* \marginparwidth=88.0pt
* \marginparsep=7.0pt
* \columnsep=10.0pt
* \skip\footins=10.8pt plus 4.0pt minus 2.0pt
* \hoffset=0.0pt
* \voffset=0.0pt
* \mag=1000
* \@twocolumnfalse
* \@twosidetrue
* \@mparswitchtrue
* \@reversemarginfalse
* (1in=72.27pt=25.4mm, 1cm=28.453pt)

Package hyperref Info: Link coloring ON on input line 146.
(./main.out) (./main.out)
\@outlinefile=\write6
\openout6 = `main.out'.

\c@lstlisting=\count558

(/usr/local/texlive/2025/texmf-dist/tex/latex/pdflscape/pdflscape.sty
Package: pdflscape 2022-10-27 v0.13 Display of landscape pages in PDF

(/usr/local/texlive/2025/texmf-dist/tex/latex/pdflscape/pdflscape-nometadata.st
y
Package: pdflscape-nometadata 2022-10-28 v0.13 Display of landscape pages in PD
F (HO)
 (/usr/local/texlive/2025/texmf-dist/tex/latex/graphics/lscape.sty
Package: lscape 2020/05/28 v3.02 Landscape Pages (DPC)
)
Package pdflscape Info: Auto-detected driver: pdftex on input line 81.
))
Package caption Info: Begin \AtBeginDocument code.
Package caption Info: threeparttable package is loaded.
Package caption Info: End \AtBeginDocument code.
<imagen_uco/bottomLeftCorner.pdf, id=903, 373.7158pt x 179.53836pt>
File: imagen_uco/bottomLeftCorner.pdf Graphic file (type pdf)
<use imagen_uco/bottomLeftCorner.pdf>
Package pdftex.def Info: imagen_uco/bottomLeftCorner.pdf  used on input line 15
6.
(pdftex.def)             Requested size: 355.36444pt x 170.71652pt.
File: imagen_uco/bottomLeftCorner.pdf Graphic file (type pdf)
<use imagen_uco/bottomLeftCorner.pdf>
Package pdftex.def Info: imagen_uco/bottomLeftCorner.pdf  used on input line 15
9.
(pdftex.def)             Requested size: 355.36444pt x 170.71652pt.
<imagen_uco/uco_debajo.pdf, id=904, 112.27277pt x 64.74771pt>
File: imagen_uco/uco_debajo.pdf Graphic file (type pdf)
<use imagen_uco/uco_debajo.pdf>
Package pdftex.def Info: imagen_uco/uco_debajo.pdf  used on input line 161.
(pdftex.def)             Requested size: 98.67528pt x 56.9055pt.
File: imagen_uco/bottomLeftCorner.pdf Graphic file (type pdf)
<use imagen_uco/bottomLeftCorner.pdf>
Package pdftex.def Info: imagen_uco/bottomLeftCorner.pdf  used on input line 16
4.
(pdftex.def)             Requested size: 118.451pt x 56.9055pt.
LaTeX Font Info:    Trying to load font information for T1+fvs on input line 17
2.

(/usr/local/texlive/2025/texmf-dist/tex/latex/bera/t1fvs.fd
File: t1fvs.fd 2004/09/07 scalable font definitions for T1/fvs.
)
LaTeX Font Info:    Font shape `T1/fvs/m/n' will be
(Font)              scaled to size 10.79993pt on input line 172.
<imagen_uco/LogotipoEPSC.pdf, id=905, 634.5805pt x 190.81488pt>
File: imagen_uco/LogotipoEPSC.pdf Graphic file (type pdf)
<use imagen_uco/LogotipoEPSC.pdf>
Package pdftex.def Info: imagen_uco/LogotipoEPSC.pdf  used on input line 177.
(pdftex.def)             Requested size: 355.65944pt x 106.94585pt.
LaTeX Font Info:    Font shape `T1/fvs/m/n' will be
(Font)              scaled to size 12.9599pt on input line 181.
LaTeX Font Info:    Font shape `T1/fvs/b/n' will be
(Font)              scaled to size 12.9599pt on input line 183.
LaTeX Font Info:    Font shape `T1/fvs/m/n' will be
(Font)              scaled to size 15.55188pt on input line 185.
LaTeX Font Info:    Font shape `T1/fvs/b/n' will be
(Font)              scaled to size 15.55188pt on input line 187.
LaTeX Font Info:    Font shape `T1/fvs/m/n' will be
(Font)              scaled to size 22.39185pt on input line 196.
LaTeX Font Info:    Font shape `T1/fvs/b/n' will be
(Font)              scaled to size 22.39185pt on input line 198.


[1


{/usr/local/texlive/2025/texmf-var/fonts/map/pdftex/updmap/pdftex.map}{/usr/loc
al/texlive/2025/texmf-dist/fonts/enc/dvips/base/8r.enc} <./imagen_uco/bottomLef
tCorner.pdf> <./imagen_uco/uco_debajo.pdf

pdfTeX warning: pdflatex (file ./imagen_uco/uco_debajo.pdf): PDF inclusion: mul
tiple pdfs with page group included in a single page
> <./imagen_uco/LogotipoEPSC.pdf

pdfTeX warning: pdflatex (file ./imagen_uco/LogotipoEPSC.pdf): PDF inclusion: m
ultiple pdfs with page group included in a single page
>]

[2


] (./main.toc
LaTeX Info: Redefining \sptext on input line 1.
LaTeX Info: Redefining \. on input line 1.
LaTeX Info: Redefining \% on input line 1.
LaTeX Font Info:    External font `cmex10' loaded for size
(Font)              <12> on input line 3.
LaTeX Font Info:    External font `cmex10' loaded for size
(Font)              <8> on input line 3.
LaTeX Font Info:    External font `cmex10' loaded for size
(Font)              <6> on input line 3.



pdfTeX warning (ext4): destination with the same identifier (name{page.I}) has 
been already used, duplicate ignored
<to be read again> 
                   \relax 
l.27 ...nstalacin en macOS}{7}{subsection.2.4.1}
                                                  % [1


{/usr/local/texlive/2025/texmf-dist/fonts/enc/dvips/cm-super/cm-super-t1.enc}]

LaTeX Info: Redefining \sptext on input line 58.
LaTeX Info: Redefining \. on input line 58.
LaTeX Info: Redefining \% on input line 58.

pdfTeX warning (ext4): destination with the same identifier (name{page.II}) has
 been already used, duplicate ignored
<to be read again> 
                   \relax 
l.58 ...Idiomas disponibles}{17}{subsection.3.5.1}
                                                  % [2]

LaTeX Info: Redefining \sptext on input line 90.
LaTeX Info: Redefining \. on input line 90.
LaTeX Info: Redefining \% on input line 90.
[3]

LaTeX Info: Redefining \sptext on input line 121.
LaTeX Info: Redefining \. on input line 121.
LaTeX Info: Redefining \% on input line 121.
[4]

LaTeX Info: Redefining \sptext on input line 153.
LaTeX Info: Redefining \. on input line 153.
LaTeX Info: Redefining \% on input line 153.
[5]

LaTeX Info: Redefining \sptext on input line 184.
LaTeX Info: Redefining \. on input line 184.
LaTeX Info: Redefining \% on input line 184.
[6]

LaTeX Info: Redefining \sptext on input line 215.
LaTeX Info: Redefining \. on input line 215.
LaTeX Info: Redefining \% on input line 215.
[7])
\tf@toc=\write7
\openout7 = `main.toc'.



LaTeX Info: Redefining \. on input line 239.
LaTeX Info: Redefining \% on input line 239.
[8] (./main.lof
LaTeX Info: Redefining \sptext on input line 1.
LaTeX Info: Redefining \. on input line 1.
LaTeX Info: Redefining \% on input line 1.

Underfull \vbox (badness 10000) has occurred while \output is active []



[9

])
\tf@lof=\write8
\openout8 = `main.lof'.



[10]

LaTeX Info: Redefining \. on input line 245.
LaTeX Info: Redefining \% on input line 245.
[11]

[12

] (./capitulos/01_Introduccion.tex
Cap\'{\i }tulo 1.


[1

]

LaTeX Info: Redefining \. on input line 56.
LaTeX Info: Redefining \% on input line 56.
[2]

LaTeX Info: Redefining \. on input line 91.
LaTeX Info: Redefining \% on input line 91.
[3]) (./capitulos/02_Instalacion.tex

LaTeX Info: Redefining \. on input line 1.
LaTeX Info: Redefining \% on input line 1.
[4]
Cap\'{\i }tulo 2.


[5

]

LaTeX Info: Redefining \. on input line 76.
LaTeX Info: Redefining \% on input line 76.
[6]

LaTeX Info: Redefining \. on input line 124.
LaTeX Info: Redefining \% on input line 124.
[7]

LaTeX Info: Redefining \. on input line 168.
LaTeX Info: Redefining \% on input line 168.
[8]

LaTeX Info: Redefining \. on input line 206.
LaTeX Info: Redefining \% on input line 206.
[9]

LaTeX Info: Redefining \. on input line 242.
LaTeX Info: Redefining \% on input line 242.
[10]) (./capitulos/03_Caracteristicas_Interfaz.tex

LaTeX Info: Redefining \. on input line 1.
LaTeX Info: Redefining \% on input line 1.
[11]

[12

]
Cap\'{\i }tulo 3.


[13]
<figuras/menu.png, id=1472, 799.98875pt x 901.3675pt>
File: figuras/menu.png Graphic file (type png)
<use figuras/menu.png>
Package pdftex.def Info: figuras/menu.png  used on input line 41.
(pdftex.def)             Requested size: 409.71692pt x 461.64436pt.


LaTeX Info: Redefining \. on input line 45.
LaTeX Info: Redefining \% on input line 45.
[14]

LaTeX Info: Redefining \. on input line 62.
LaTeX Info: Redefining \% on input line 62.
[15 <./figuras/menu.png>]

LaTeX Info: Redefining \. on input line 95.
LaTeX Info: Redefining \% on input line 95.
[16]
<figuras/menu_idiomas.png, id=1487, 811.03pt x 905.3825pt>
File: figuras/menu_idiomas.png Graphic file (type png)
<use figuras/menu_idiomas.png>
Package pdftex.def Info: figuras/menu_idiomas.png  used on input line 117.
(pdftex.def)             Requested size: 409.71692pt x 457.38724pt.


LaTeX Info: Redefining \. on input line 121.
LaTeX Info: Redefining \% on input line 121.
[17]

LaTeX Info: Redefining \. on input line 134.
LaTeX Info: Redefining \% on input line 134.
[18 <./figuras/menu_idiomas.png>]

LaTeX Info: Redefining \. on input line 169.
LaTeX Info: Redefining \% on input line 169.
[19]

LaTeX Info: Redefining \. on input line 205.
LaTeX Info: Redefining \% on input line 205.
[20]

LaTeX Info: Redefining \. on input line 240.
LaTeX Info: Redefining \% on input line 240.
[21]

LaTeX Info: Redefining \. on input line 276.
LaTeX Info: Redefining \% on input line 276.
[22]

LaTeX Info: Redefining \. on input line 320.
LaTeX Info: Redefining \% on input line 320.
[23]

LaTeX Info: Redefining \. on input line 358.
LaTeX Info: Redefining \% on input line 358.
[24]) (./capitulos/04_Editor_Gramtica.tex

LaTeX Info: Redefining \. on input line 1.
LaTeX Info: Redefining \% on input line 1.
[25]

[26

]
Cap\'{\i }tulo 4.


[27]

LaTeX Info: Redefining \. on input line 55.
LaTeX Info: Redefining \% on input line 55.
[28]
<figuras/editor/editor_vacio.png, id=1551, 806.01125pt x 901.3675pt>
File: figuras/editor/editor_vacio.png Graphic file (type png)
<use figuras/editor/editor_vacio.png>
Package pdftex.def Info: figuras/editor/editor_vacio.png  used on input line 58
.
(pdftex.def)             Requested size: 409.71692pt x 458.19217pt.

Underfull \vbox (badness 3536) has occurred while \output is active []



LaTeX Info: Redefining \. on input line 74.
LaTeX Info: Redefining \% on input line 74.
[29 <./figuras/editor/editor_vacio.png>]
<figuras/editor/editor.png, id=1559, 807.015pt x 902.37125pt>
File: figuras/editor/editor.png Graphic file (type png)
<use figuras/editor/editor.png>
Package pdftex.def Info: figuras/editor/editor.png  used on input line 77.
(pdftex.def)             Requested size: 409.71692pt x 458.12413pt.


LaTeX Info: Redefining \. on input line 93.
LaTeX Info: Redefining \% on input line 93.
[30 <./figuras/editor/editor.png>]

LaTeX Info: Redefining \. on input line 124.
LaTeX Info: Redefining \% on input line 124.
[31]
<figuras/editor/paso1_datos.png, id=1570, 806.01125pt x 905.3825pt>
File: figuras/editor/paso1_datos.png Graphic file (type png)
<use figuras/editor/paso1_datos.png>
Package pdftex.def Info: figuras/editor/paso1_datos.png  used on input line 149
.
(pdftex.def)             Requested size: 409.71692pt x 460.23314pt.


LaTeX Info: Redefining \. on input line 153.
LaTeX Info: Redefining \% on input line 153.
[32]
Underfull \vbox (badness 4291) has occurred while \output is active []



LaTeX Info: Redefining \. on input line 167.
LaTeX Info: Redefining \% on input line 167.
[33 <./figuras/editor/paso1_datos.png>]
<figuras/editor/paso1_datos_vacio.png, id=1585, 803.0pt x 905.3825pt>
File: figuras/editor/paso1_datos_vacio.png Graphic file (type png)
<use figuras/editor/paso1_datos_vacio.png>
Package pdftex.def Info: figuras/editor/paso1_datos_vacio.png  used on input li
ne 170.
(pdftex.def)             Requested size: 409.71692pt x 461.96pt.


LaTeX Info: Redefining \. on input line 188.
LaTeX Info: Redefining \% on input line 188.
[34 <./figuras/editor/paso1_datos_vacio.png>]
<figuras/editor/paso2_simbolos.png, id=1592, 804.00375pt x 905.3825pt>
File: figuras/editor/paso2_simbolos.png Graphic file (type png)
<use figuras/editor/paso2_simbolos.png>
Package pdftex.def Info: figuras/editor/paso2_simbolos.png  used on input line 
195.
(pdftex.def)             Requested size: 409.71692pt x 461.37978pt.

Underfull \vbox (badness 1466) has occurred while \output is active []



LaTeX Info: Redefining \. on input line 204.
LaTeX Info: Redefining \% on input line 204.
[35]

LaTeX Info: Redefining \. on input line 204.
LaTeX Info: Redefining \% on input line 204.
[36 <./figuras/editor/paso2_simbolos.png>]
<figuras/editor/paso2_simbolos_vacio.png, id=1605, 801.99625pt x 903.375pt>
File: figuras/editor/paso2_simbolos_vacio.png Graphic file (type png)
<use figuras/editor/paso2_simbolos_vacio.png>
Package pdftex.def Info: figuras/editor/paso2_simbolos_vacio.png  used on input
 line 207.
(pdftex.def)             Requested size: 409.71692pt x 461.51465pt.


LaTeX Info: Redefining \. on input line 222.
LaTeX Info: Redefining \% on input line 222.
[37 <./figuras/editor/paso2_simbolos_vacio.png>]
<figuras/editor/panel_terminales.png, id=1612, 804.00375pt x 904.37875pt>
File: figuras/editor/panel_terminales.png Graphic file (type png)
<use figuras/editor/panel_terminales.png>
Package pdftex.def Info: figuras/editor/panel_terminales.png  used on input lin
e 240.
(pdftex.def)             Requested size: 409.71692pt x 460.86827pt.


LaTeX Info: Redefining \. on input line 244.
LaTeX Info: Redefining \% on input line 244.
[38]

LaTeX Info: Redefining \. on input line 256.
LaTeX Info: Redefining \% on input line 256.
[39 <./figuras/editor/panel_terminales.png>]
<figuras/editor/panel_no_terminales.png, id=1623, 807.015pt x 906.38625pt>
File: figuras/editor/panel_no_terminales.png Graphic file (type png)
<use figuras/editor/panel_no_terminales.png>
Package pdftex.def Info: figuras/editor/panel_no_terminales.png  used on input 
line 276.
(pdftex.def)             Requested size: 409.71692pt x 460.16249pt.


LaTeX Info: Redefining \. on input line 280.
LaTeX Info: Redefining \% on input line 280.
[40]

LaTeX Info: Redefining \. on input line 292.
LaTeX Info: Redefining \% on input line 292.
[41 <./figuras/editor/panel_no_terminales.png>]

LaTeX Info: Redefining \. on input line 322.
LaTeX Info: Redefining \% on input line 322.
[42]
<figuras/editor/paso3_producciones.png, id=1639, 804.00375pt x 903.375pt>
File: figuras/editor/paso3_producciones.png Graphic file (type png)
<use figuras/editor/paso3_producciones.png>
Package pdftex.def Info: figuras/editor/paso3_producciones.png  used on input l
ine 325.
(pdftex.def)             Requested size: 409.71692pt x 460.35677pt.


LaTeX Info: Redefining \. on input line 334.
LaTeX Info: Redefining \% on input line 334.
[43 <./figuras/editor/paso3_producciones.png>]
<figuras/editor/paso3_producciones_vacio.png, id=1646, 805.0075pt x 909.3975pt>

File: figuras/editor/paso3_producciones_vacio.png Graphic file (type png)
<use figuras/editor/paso3_producciones_vacio.png>
Package pdftex.def Info: figuras/editor/paso3_producciones_vacio.png  used on i
nput line 337.
(pdftex.def)             Requested size: 409.71692pt x 462.84302pt.


LaTeX Info: Redefining \. on input line 356.
LaTeX Info: Redefining \% on input line 356.
[44 <./figuras/editor/paso3_producciones_vacio.png>]
<figuras/editor/panel_producciones.png, id=1653, 801.99625pt x 903.375pt>
File: figuras/editor/panel_producciones.png Graphic file (type png)
<use figuras/editor/panel_producciones.png>
Package pdftex.def Info: figuras/editor/panel_producciones.png  used on input l
ine 359.
(pdftex.def)             Requested size: 409.71692pt x 461.51465pt.


LaTeX Info: Redefining \. on input line 372.
LaTeX Info: Redefining \% on input line 372.
[45 <./figuras/editor/panel_producciones.png>]

LaTeX Info: Redefining \. on input line 415.
LaTeX Info: Redefining \% on input line 415.
[46]
<figuras/editor/paso4_inicial.png, id=1664, 801.99625pt x 899.36pt>
File: figuras/editor/paso4_inicial.png Graphic file (type png)
<use figuras/editor/paso4_inicial.png>
Package pdftex.def Info: figuras/editor/paso4_inicial.png  used on input line 4
22.
(pdftex.def)             Requested size: 409.71692pt x 459.46347pt.

Underfull \vbox (badness 1466) has occurred while \output is active []



LaTeX Info: Redefining \. on input line 431.
LaTeX Info: Redefining \% on input line 431.
[47]

LaTeX Info: Redefining \. on input line 431.
LaTeX Info: Redefining \% on input line 431.
[48 <./figuras/editor/paso4_inicial.png>]
<figuras/editor/paso4_inicial_vacio.png, id=1676, 806.01125pt x 906.38625pt>
File: figuras/editor/paso4_inicial_vacio.png Graphic file (type png)
<use figuras/editor/paso4_inicial_vacio.png>
Package pdftex.def Info: figuras/editor/paso4_inicial_vacio.png  used on input 
line 434.
(pdftex.def)             Requested size: 409.71692pt x 460.74336pt.


LaTeX Info: Redefining \. on input line 454.
LaTeX Info: Redefining \% on input line 454.
[49 <./figuras/editor/paso4_inicial_vacio.png>]

LaTeX Info: Redefining \. on input line 494.
LaTeX Info: Redefining \% on input line 494.
[50]

LaTeX Info: Redefining \. on input line 524.
LaTeX Info: Redefining \% on input line 524.
[51]
<figuras/editor/validar.png, id=1694, 805.0075pt x 905.3825pt>
File: figuras/editor/validar.png Graphic file (type png)
<use figuras/editor/validar.png>
Package pdftex.def Info: figuras/editor/validar.png  used on input line 527.
(pdftex.def)             Requested size: 409.71692pt x 460.79955pt.


LaTeX Info: Redefining \. on input line 536.
LaTeX Info: Redefining \% on input line 536.
[52 <./figuras/editor/validar.png>]
<figuras/editor/validar_incorrecta.png, id=1702, 812.03375pt x 902.37125pt>
File: figuras/editor/validar_incorrecta.png Graphic file (type png)
<use figuras/editor/validar_incorrecta.png>
Package pdftex.def Info: figuras/editor/validar_incorrecta.png  used on input l
ine 539.
(pdftex.def)             Requested size: 409.71692pt x 455.28769pt.


LaTeX Info: Redefining \. on input line 559.
LaTeX Info: Redefining \% on input line 559.
[53 <./figuras/editor/validar_incorrecta.png>]
<figuras/editor/simbolo_duplicado.png, id=1710, 805.0075pt x 904.37875pt>
File: figuras/editor/simbolo_duplicado.png Graphic file (type png)
<use figuras/editor/simbolo_duplicado.png>
Package pdftex.def Info: figuras/editor/simbolo_duplicado.png  used on input li
ne 562.
(pdftex.def)             Requested size: 409.71692pt x 460.2887pt.


LaTeX Info: Redefining \. on input line 576.
LaTeX Info: Redefining \% on input line 576.
[54 <./figuras/editor/simbolo_duplicado.png>]

LaTeX Info: Redefining \. on input line 623.
LaTeX Info: Redefining \% on input line 623.
[55]) (./capitulos/05_Simulacion_Descendente.tex

LaTeX Info: Redefining \. on input line 1.
LaTeX Info: Redefining \% on input line 1.
[56]
Cap\'{\i }tulo 5.


[57

]

LaTeX Info: Redefining \. on input line 50.
LaTeX Info: Redefining \% on input line 50.
[58]
<figuras/simulador/gramatica_original.png, id=1745, 805.0075pt x 903.375pt>
File: figuras/simulador/gramatica_original.png Graphic file (type png)
<use figuras/simulador/gramatica_original.png>
Package pdftex.def Info: figuras/simulador/gramatica_original.png  used on inpu
t line 64.
(pdftex.def)             Requested size: 409.71692pt x 459.77782pt.


LaTeX Info: Redefining \. on input line 68.
LaTeX Info: Redefining \% on input line 68.
[59]

LaTeX Info: Redefining \. on input line 79.
LaTeX Info: Redefining \% on input line 79.
[60 <./figuras/simulador/gramatica_original.png>]
<figuras/simulador/paso1_recursividad_factorizacion.png, id=1757, 806.01125pt x
 906.38625pt>
File: figuras/simulador/paso1_recursividad_factorizacion.png Graphic file (type
 png)
<use figuras/simulador/paso1_recursividad_factorizacion.png>
Package pdftex.def Info: figuras/simulador/paso1_recursividad_factorizacion.png
  used on input line 96.
(pdftex.def)             Requested size: 409.71692pt x 460.74336pt.


LaTeX Info: Redefining \. on input line 100.
LaTeX Info: Redefining \% on input line 100.
[61]

LaTeX Info: Redefining \. on input line 108.
LaTeX Info: Redefining \% on input line 108.
[62 <./figuras/simulador/paso1_recursividad_factorizacion.png>]
Overfull \hbox (27.0415pt too wide) in paragraph at lines 119--120
[]\T1/cmr/m/n/12 El con-jun-to SI-GUIEN-TE de un sm-bo-lo no ter-mi-nal $\OML/
cmm/m/it/12 A$\T1/cmr/m/n/12 , de-no-ta-do co-mo $\OML/cmm/m/it/12 SIGUIENTE\OT
1/cmr/m/n/12 (\OML/cmm/m/it/12 A\OT1/cmr/m/n/12 )$\T1/cmr/m/n/12 ,
 []


Overfull \hbox (2.32306pt too wide) in paragraph at lines 134--135
[]\T1/cmr/bx/n/12 Conjuntos SI-GUIEN-TE\T1/cmr/m/n/12 : vi-sua-li-za-cin com-p
le-ta de to-dos los con-jun-tos SI-GUIEN-
 []



LaTeX Info: Redefining \. on input line 137.
LaTeX Info: Redefining \% on input line 137.
[63]
<figuras/simulador/paso2_conjuntos.png, id=1775, 805.0075pt x 905.3825pt>
File: figuras/simulador/paso2_conjuntos.png Graphic file (type png)
<use figuras/simulador/paso2_conjuntos.png>
Package pdftex.def Info: figuras/simulador/paso2_conjuntos.png  used on input l
ine 140.
(pdftex.def)             Requested size: 409.71692pt x 460.79955pt.


LaTeX Info: Redefining \. on input line 155.
LaTeX Info: Redefining \% on input line 155.
[64 <./figuras/simulador/paso2_conjuntos.png>]
<figuras/simulador/paso3_tablaPredictiva.png, id=1782, 803.0pt x 904.37875pt>
File: figuras/simulador/paso3_tablaPredictiva.png Graphic file (type png)
<use figuras/simulador/paso3_tablaPredictiva.png>
Package pdftex.def Info: figuras/simulador/paso3_tablaPredictiva.png  used on i
nput line 177.
(pdftex.def)             Requested size: 409.71692pt x 461.44786pt.


LaTeX Info: Redefining \. on input line 181.
LaTeX Info: Redefining \% on input line 181.
[65]

LaTeX Info: Redefining \. on input line 192.
LaTeX Info: Redefining \% on input line 192.
[66 <./figuras/simulador/paso3_tablaPredictiva.png>]
<figuras/simulador/panelFuncError.png, id=1800, 805.0075pt x 903.375pt>
File: figuras/simulador/panelFuncError.png Graphic file (type png)
<use figuras/simulador/panelFuncError.png>
Package pdftex.def Info: figuras/simulador/panelFuncError.png  used on input li
ne 210.
(pdftex.def)             Requested size: 409.71692pt x 459.77782pt.


LaTeX Info: Redefining \. on input line 214.
LaTeX Info: Redefining \% on input line 214.
[67]

LaTeX Info: Redefining \. on input line 215.
LaTeX Info: Redefining \% on input line 215.
[68 <./figuras/simulador/panelFuncError.png>]
<figuras/simulador/panelFuncError_vacia.png, id=1810, 804.00375pt x 904.37875pt
>
File: figuras/simulador/panelFuncError_vacia.png Graphic file (type png)
<use figuras/simulador/panelFuncError_vacia.png>
Package pdftex.def Info: figuras/simulador/panelFuncError_vacia.png  used on in
put line 218.
(pdftex.def)             Requested size: 409.71692pt x 460.86827pt.


LaTeX Info: Redefining \. on input line 233.
LaTeX Info: Redefining \% on input line 233.
[69 <./figuras/simulador/panelFuncError_vacia.png>]
<figuras/simulador/paso4_funcionesError.png, id=1818, 799.98875pt x 905.3825pt>

File: figuras/simulador/paso4_funcionesError.png Graphic file (type png)
<use figuras/simulador/paso4_funcionesError.png>
Package pdftex.def Info: figuras/simulador/paso4_funcionesError.png  used on in
put line 236.
(pdftex.def)             Requested size: 409.71692pt x 463.7007pt.


LaTeX Info: Redefining \. on input line 241.
LaTeX Info: Redefining \% on input line 241.
[70 <./figuras/simulador/paso4_funcionesError.png>]
<figuras/simulador/paso4_no_usar_funError.png, id=1824, 809.0225pt x 906.38625p
t>
File: figuras/simulador/paso4_no_usar_funError.png Graphic file (type png)
<use figuras/simulador/paso4_no_usar_funError.png>
Package pdftex.def Info: figuras/simulador/paso4_no_usar_funError.png  used on 
input line 244.
(pdftex.def)             Requested size: 409.71692pt x 459.02841pt.


LaTeX Info: Redefining \. on input line 259.
LaTeX Info: Redefining \% on input line 259.
[71 <./figuras/simulador/paso4_no_usar_funError.png>]
<figuras/simulador/paso5_tablaPredictivaCompleta.png, id=1832, 805.0075pt x 903
.375pt>
File: figuras/simulador/paso5_tablaPredictivaCompleta.png Graphic file (type pn
g)
<use figuras/simulador/paso5_tablaPredictivaCompleta.png>
Package pdftex.def Info: figuras/simulador/paso5_tablaPredictivaCompleta.png  u
sed on input line 267.
(pdftex.def)             Requested size: 409.71692pt x 459.77782pt.


LaTeX Info: Redefining \. on input line 277.
LaTeX Info: Redefining \% on input line 277.
[72 <./figuras/simulador/paso5_tablaPredictivaCompleta.png>]

LaTeX Info: Redefining \. on input line 300.
LaTeX Info: Redefining \% on input line 300.
[73]
<figuras/simulador/simulador.png, id=1843, 800.9925pt x 900.36375pt>
File: figuras/simulador/simulador.png Graphic file (type png)
<use figuras/simulador/simulador.png>
Package pdftex.def Info: figuras/simulador/simulador.png  used on input line 30
3.
(pdftex.def)             Requested size: 409.71692pt x 460.55328pt.


LaTeX Info: Redefining \. on input line 317.
LaTeX Info: Redefining \% on input line 317.
[74 <./figuras/simulador/simulador.png>]
<figuras/simulador/simulacion_vacia.png, id=1851, 801.99625pt x 901.3675pt>
File: figuras/simulador/simulacion_vacia.png Graphic file (type png)
<use figuras/simulador/simulacion_vacia.png>
Package pdftex.def Info: figuras/simulador/simulacion_vacia.png  used on input 
line 339.
(pdftex.def)             Requested size: 409.71692pt x 460.48904pt.


LaTeX Info: Redefining \. on input line 343.
LaTeX Info: Redefining \% on input line 343.
[75]

LaTeX Info: Redefining \. on input line 344.
LaTeX Info: Redefining \% on input line 344.
[76 <./figuras/simulador/simulacion_vacia.png>]
<figuras/simulador/simulacion_cadenaEntrada.png, id=1861, 800.9925pt x 903.375p
t>
File: figuras/simulador/simulacion_cadenaEntrada.png Graphic file (type png)
<use figuras/simulador/simulacion_cadenaEntrada.png>
Package pdftex.def Info: figuras/simulador/simulacion_cadenaEntrada.png  used o
n input line 347.
(pdftex.def)             Requested size: 409.71692pt x 462.0936pt.


LaTeX Info: Redefining \. on input line 360.
LaTeX Info: Redefining \% on input line 360.
[77 <./figuras/simulador/simulacion_cadenaEntrada.png>]
<figuras/simulador/simulacion_completa.png, id=1871, 804.00375pt x 903.375pt>
File: figuras/simulador/simulacion_completa.png Graphic file (type png)
<use figuras/simulador/simulacion_completa.png>
Package pdftex.def Info: figuras/simulador/simulacion_completa.png  used on inp
ut line 378.
(pdftex.def)             Requested size: 409.71692pt x 460.35677pt.


LaTeX Info: Redefining \. on input line 382.
LaTeX Info: Redefining \% on input line 382.
[78]

LaTeX Info: Redefining \. on input line 392.
LaTeX Info: Redefining \% on input line 392.
[79 <./figuras/simulador/simulacion_completa.png>]
<figuras/simulador/simulacion_derivacion.png, id=1885, 800.9925pt x 904.37875pt
>
File: figuras/simulador/simulacion_derivacion.png Graphic file (type png)
<use figuras/simulador/simulacion_derivacion.png>
Package pdftex.def Info: figuras/simulador/simulacion_derivacion.png  used on i
nput line 412.
(pdftex.def)             Requested size: 409.71692pt x 462.60704pt.


LaTeX Info: Redefining \. on input line 416.
LaTeX Info: Redefining \% on input line 416.
[80]

LaTeX Info: Redefining \. on input line 426.
LaTeX Info: Redefining \% on input line 426.
[81 <./figuras/simulador/simulacion_derivacion.png>]
<figuras/simulador/simulacion_arbol.png, id=1896, 805.0075pt x 904.37875pt>
File: figuras/simulador/simulacion_arbol.png Graphic file (type png)
<use figuras/simulador/simulacion_arbol.png>
Package pdftex.def Info: figuras/simulador/simulacion_arbol.png  used on input 
line 431.
(pdftex.def)             Requested size: 409.71692pt x 460.2887pt.

Underfull \vbox (badness 2285) has occurred while \output is active []



LaTeX Info: Redefining \. on input line 445.
LaTeX Info: Redefining \% on input line 445.
[82]

LaTeX Info: Redefining \. on input line 446.
LaTeX Info: Redefining \% on input line 446.
[83 <./figuras/simulador/simulacion_arbol.png>]
<figuras/simulador/simulacion_varias.png, id=1908, 801.99625pt x 903.375pt>
File: figuras/simulador/simulacion_varias.png Graphic file (type png)
<use figuras/simulador/simulacion_varias.png>
Package pdftex.def Info: figuras/simulador/simulacion_varias.png  used on input
 line 465.
(pdftex.def)             Requested size: 409.71692pt x 461.51465pt.


LaTeX Info: Redefining \. on input line 469.
LaTeX Info: Redefining \% on input line 469.
[84]

LaTeX Info: Redefining \. on input line 479.
LaTeX Info: Redefining \% on input line 479.
[85 <./figuras/simulador/simulacion_varias.png>]

LaTeX Info: Redefining \. on input line 510.
LaTeX Info: Redefining \% on input line 510.
[86]) (./capitulos/06_Ejemplos_Prcticos.tex

LaTeX Info: Redefining \. on input line 1.
LaTeX Info: Redefining \% on input line 1.
[87]

[88

]
Cap\'{\i }tulo 6.


[89]
<figuras/ejemplo_practico/menu.png, id=1937, 805.0075pt x 906.38625pt>
File: figuras/ejemplo_practico/menu.png Graphic file (type png)
<use figuras/ejemplo_practico/menu.png>
Package pdftex.def Info: figuras/ejemplo_practico/menu.png  used on input line 
20.
(pdftex.def)             Requested size: 409.71692pt x 461.31041pt.


LaTeX Info: Redefining \. on input line 29.
LaTeX Info: Redefining \% on input line 29.
[90 <./figuras/ejemplo_practico/menu.png>]
<figuras/ejemplo_practico/editor_paso1.png, id=1944, 792.9625pt x 886.31125pt>
File: figuras/ejemplo_practico/editor_paso1.png Graphic file (type png)
<use figuras/ejemplo_practico/editor_paso1.png>
Package pdftex.def Info: figuras/ejemplo_practico/editor_paso1.png  used on inp
ut line 32.
(pdftex.def)             Requested size: 409.71692pt x 457.9498pt.


LaTeX Info: Redefining \. on input line 47.
LaTeX Info: Redefining \% on input line 47.
[91 <./figuras/ejemplo_practico/editor_paso1.png>]
<figuras/ejemplo_practico/editor_paso2.png, id=1951, 788.9475pt x 885.3075pt>
File: figuras/ejemplo_practico/editor_paso2.png Graphic file (type png)
<use figuras/ejemplo_practico/editor_paso2.png>
Package pdftex.def Info: figuras/ejemplo_practico/editor_paso2.png  used on inp
ut line 50.
(pdftex.def)             Requested size: 409.71692pt x 459.75465pt.


LaTeX Info: Redefining \. on input line 66.
LaTeX Info: Redefining \% on input line 66.
[92 <./figuras/ejemplo_practico/editor_paso2.png>]
<figuras/ejemplo_practico/insertar_terminales.png, id=1958, 795.97375pt x 885.3
075pt>
File: figuras/ejemplo_practico/insertar_terminales.png Graphic file (type png)
<use figuras/ejemplo_practico/insertar_terminales.png>
Package pdftex.def Info: figuras/ejemplo_practico/insertar_terminales.png  used
 on input line 69.
(pdftex.def)             Requested size: 409.71692pt x 455.68854pt.


LaTeX Info: Redefining \. on input line 87.
LaTeX Info: Redefining \% on input line 87.
[93 <./figuras/ejemplo_practico/insertar_terminales.png>]
<figuras/ejemplo_practico/insertar_no_terminales.png, id=1965, 791.95876pt x 88
2.29625pt>
File: figuras/ejemplo_practico/insertar_no_terminales.png Graphic file (type pn
g)
<use figuras/ejemplo_practico/insertar_no_terminales.png>
Package pdftex.def Info: figuras/ejemplo_practico/insertar_no_terminales.png  u
sed on input line 90.
(pdftex.def)             Requested size: 409.71692pt x 456.45418pt.


LaTeX Info: Redefining \. on input line 99.
LaTeX Info: Redefining \% on input line 99.
[94 <./figuras/ejemplo_practico/insertar_no_terminales.png>]
<figuras/ejemplo_practico/editor_paso3.png, id=1972, 791.95876pt x 887.315pt>
File: figuras/ejemplo_practico/editor_paso3.png Graphic file (type png)
<use figuras/ejemplo_practico/editor_paso3.png>
Package pdftex.def Info: figuras/ejemplo_practico/editor_paso3.png  used on inp
ut line 102.
(pdftex.def)             Requested size: 409.71692pt x 459.05061pt.


LaTeX Info: Redefining \. on input line 118.
LaTeX Info: Redefining \% on input line 118.
[95{/usr/local/texlive/2025/texmf-dist/fonts/enc/dvips/cm-super/cm-super-ts1.en
c} <./figuras/ejemplo_practico/editor_paso3.png>]
<figuras/ejemplo_practico/insertar_producciones.png, id=1981, 791.95876pt x 888
.31876pt>
File: figuras/ejemplo_practico/insertar_producciones.png Graphic file (type png
)
<use figuras/ejemplo_practico/insertar_producciones.png>
Package pdftex.def Info: figuras/ejemplo_practico/insertar_producciones.png  us
ed on input line 121.
(pdftex.def)             Requested size: 409.71692pt x 459.5699pt.


LaTeX Info: Redefining \. on input line 130.
LaTeX Info: Redefining \% on input line 130.
[96 <./figuras/ejemplo_practico/insertar_producciones.png>]
<figuras/ejemplo_practico/editor_paso4.png, id=1988, 788.9475pt x 885.3075pt>
File: figuras/ejemplo_practico/editor_paso4.png Graphic file (type png)
<use figuras/ejemplo_practico/editor_paso4.png>
Package pdftex.def Info: figuras/ejemplo_practico/editor_paso4.png  used on inp
ut line 133.
(pdftex.def)             Requested size: 409.71692pt x 459.75465pt.


LaTeX Info: Redefining \. on input line 144.
LaTeX Info: Redefining \% on input line 144.
[97 <./figuras/ejemplo_practico/editor_paso4.png>]
<figuras/ejemplo_practico/editor_validar.png, id=1995, 788.9475pt x 882.29625pt
>
File: figuras/ejemplo_practico/editor_validar.png Graphic file (type png)
<use figuras/ejemplo_practico/editor_validar.png>
Package pdftex.def Info: figuras/ejemplo_practico/editor_validar.png  used on i
nput line 147.
(pdftex.def)             Requested size: 409.71692pt x 458.19087pt.


LaTeX Info: Redefining \. on input line 158.
LaTeX Info: Redefining \% on input line 158.
[98 <./figuras/ejemplo_practico/editor_validar.png>]
<figuras/ejemplo_practico/editor.png, id=2002, 790.955pt x 882.29625pt>
File: figuras/ejemplo_practico/editor.png Graphic file (type png)
<use figuras/ejemplo_practico/editor.png>
Package pdftex.def Info: figuras/ejemplo_practico/editor.png  used on input lin
e 161.
(pdftex.def)             Requested size: 409.71692pt x 457.03308pt.

Underfull \vbox (badness 2818) has occurred while \output is active []



LaTeX Info: Redefining \. on input line 177.
LaTeX Info: Redefining \% on input line 177.
[99 <./figuras/ejemplo_practico/editor.png>]
<figuras/ejemplo_practico/simulador_paso1.png, id=2009, 788.9475pt x 884.30376p
t>
File: figuras/ejemplo_practico/simulador_paso1.png Graphic file (type png)
<use figuras/ejemplo_practico/simulador_paso1.png>
Package pdftex.def Info: figuras/ejemplo_practico/simulador_paso1.png  used on 
input line 181.
(pdftex.def)             Requested size: 409.71692pt x 459.2334pt.


LaTeX Info: Redefining \. on input line 192.
LaTeX Info: Redefining \% on input line 192.
[100 <./figuras/ejemplo_practico/simulador_paso1.png>]
<figuras/ejemplo_practico/simulador_paso2.png, id=2016, 789.95125pt x 888.31876
pt>
File: figuras/ejemplo_practico/simulador_paso2.png Graphic file (type png)
<use figuras/ejemplo_practico/simulador_paso2.png>
Package pdftex.def Info: figuras/ejemplo_practico/simulador_paso2.png  used on 
input line 204.
(pdftex.def)             Requested size: 409.71692pt x 460.73561pt.


LaTeX Info: Redefining \. on input line 211.
LaTeX Info: Redefining \% on input line 211.
[101 <./figuras/ejemplo_practico/simulador_paso2.png>]
<figuras/ejemplo_practico/simulador_paso3.png, id=2025, 786.94pt x 884.30376pt>

File: figuras/ejemplo_practico/simulador_paso3.png Graphic file (type png)
<use figuras/ejemplo_practico/simulador_paso3.png>
Package pdftex.def Info: figuras/ejemplo_practico/simulador_paso3.png  used on 
input line 236.
(pdftex.def)             Requested size: 409.71692pt x 460.40733pt.


LaTeX Info: Redefining \. on input line 240.
LaTeX Info: Redefining \% on input line 240.
[102]

LaTeX Info: Redefining \. on input line 245.
LaTeX Info: Redefining \% on input line 245.
[103 <./figuras/ejemplo_practico/simulador_paso3.png>]
<figuras/ejemplo_practico/simulador_paso4.png, id=2036, 790.955pt x 885.3075pt>

File: figuras/ejemplo_practico/simulador_paso4.png Graphic file (type png)
<use figuras/ejemplo_practico/simulador_paso4.png>
Package pdftex.def Info: figuras/ejemplo_practico/simulador_paso4.png  used on 
input line 248.
(pdftex.def)             Requested size: 409.71692pt x 458.59291pt.


LaTeX Info: Redefining \. on input line 255.
LaTeX Info: Redefining \% on input line 255.
[104 <./figuras/ejemplo_practico/simulador_paso4.png>]
<figuras/ejemplo_practico/insertar_funcion_error.png, id=2043, 789.95125pt x 88
6.31125pt>
File: figuras/ejemplo_practico/insertar_funcion_error.png Graphic file (type pn
g)
<use figuras/ejemplo_practico/insertar_funcion_error.png>
Package pdftex.def Info: figuras/ejemplo_practico/insertar_funcion_error.png  u
sed on input line 258.
(pdftex.def)             Requested size: 409.71692pt x 459.6944pt.


LaTeX Info: Redefining \. on input line 267.
LaTeX Info: Redefining \% on input line 267.
[105 <./figuras/ejemplo_practico/insertar_funcion_error.png>]
<figuras/ejemplo_practico/simulador_paso5.png, id=2050, 792.9625pt x 883.3pt>
File: figuras/ejemplo_practico/simulador_paso5.png Graphic file (type png)
<use figuras/ejemplo_practico/simulador_paso5.png>
Package pdftex.def Info: figuras/ejemplo_practico/simulador_paso5.png  used on 
input line 270.
(pdftex.def)             Requested size: 409.71692pt x 456.3939pt.


LaTeX Info: Redefining \. on input line 281.
LaTeX Info: Redefining \% on input line 281.
[106 <./figuras/ejemplo_practico/simulador_paso5.png>]
<figuras/ejemplo_practico/simulador.png, id=2057, 785.93625pt x 883.3pt>
File: figuras/ejemplo_practico/simulador.png Graphic file (type png)
<use figuras/ejemplo_practico/simulador.png>
Package pdftex.def Info: figuras/ejemplo_practico/simulador.png  used on input 
line 284.
(pdftex.def)             Requested size: 409.71692pt x 460.47777pt.


LaTeX Info: Redefining \. on input line 295.
LaTeX Info: Redefining \% on input line 295.
[107 <./figuras/ejemplo_practico/simulador.png>]
<figuras/ejemplo_practico/simulacion_cadena1.png, id=2065, 790.955pt x 884.3037
6pt>
File: figuras/ejemplo_practico/simulacion_cadena1.png Graphic file (type png)
<use figuras/ejemplo_practico/simulacion_cadena1.png>
Package pdftex.def Info: figuras/ejemplo_practico/simulacion_cadena1.png  used 
on input line 298.
(pdftex.def)             Requested size: 409.71692pt x 458.07297pt.


LaTeX Info: Redefining \. on input line 309.
LaTeX Info: Redefining \% on input line 309.
[108 <./figuras/ejemplo_practico/simulacion_cadena1.png>]
<figuras/ejemplo_practico/simulacion_derivacion1.png, id=2072, 788.9475pt x 885
.3075pt>
File: figuras/ejemplo_practico/simulacion_derivacion1.png Graphic file (type pn
g)
<use figuras/ejemplo_practico/simulacion_derivacion1.png>
Package pdftex.def Info: figuras/ejemplo_practico/simulacion_derivacion1.png  u
sed on input line 312.
(pdftex.def)             Requested size: 409.71692pt x 459.75465pt.


LaTeX Info: Redefining \. on input line 323.
LaTeX Info: Redefining \% on input line 323.
[109 <./figuras/ejemplo_practico/simulacion_derivacion1.png>]
<figuras/ejemplo_practico/simulacion_arbol1.png, id=2079, 790.955pt x 888.31876
pt>
File: figuras/ejemplo_practico/simulacion_arbol1.png Graphic file (type png)
<use figuras/ejemplo_practico/simulacion_arbol1.png>
Package pdftex.def Info: figuras/ejemplo_practico/simulacion_arbol1.png  used o
n input line 326.
(pdftex.def)             Requested size: 409.71692pt x 460.15276pt.


LaTeX Info: Redefining \. on input line 341.
LaTeX Info: Redefining \% on input line 341.
[110 <./figuras/ejemplo_practico/simulacion_arbol1.png>])

LaTeX Info: Redefining \. on input line 258.
LaTeX Info: Redefining \% on input line 258.
[111]

[112

]
Overfull \hbox (1.26485pt too wide) in paragraph at lines 265--265
[]\T1/cmr/m/n/12 iText Group. \T1/cmr/m/it/12 iText\T1/cmr/m/n/12 . [En l-nea.
 l-ti-ma con-sul-ta: 15-12-2024]. \T1/cmr/m/sc/12 url\T1/cmr/m/n/12 : [][]$\T1
/cmtt/m/n/12 https : / / itextpdf .
 []



[113

]
runsystem(latexminted cleantemp  --timestamp 20250908221012 FAD58DE7366495DB465
0CFEFAC2FCD61)...executed safely (allowed).

 (./main.aux
LaTeX Info: Redefining \sptext on input line 13.
LaTeX Info: Redefining \. on input line 13.
LaTeX Info: Redefining \% on input line 13.
)
 ***********
LaTeX2e <2024-11-01> patch level 2
L3 programming layer <2025-01-18>
 ***********
Package rerunfilecheck Info: File `main.out' has not changed.
(rerunfilecheck)             Checksum: 5BDDE79757736B4B9D3BB62C2F7AFBD8;43159.
Package logreq Info: Writing requests to 'main.run.xml'.
\openout1 = `main.run.xml'.

 ) 
Here is how much of TeX's memory you used:
 41899 strings out of 473190
 828536 string characters out of 5715801
 1739889 words of memory out of 5000000
 63991 multiletter control sequences out of 15000+600000
 598962 words of font info for 70 fonts, out of 8000000 for 9000
 1141 hyphenation exceptions out of 8191
 102i,12n,117p,1197b,2369s stack positions out of 10000i,1000n,20000p,200000b,200000s
</usr/local/texlive/2025/texmf-dist/fonts/type1/public/amsfonts/cm/cmmi12.pfb
></usr/local/texlive/2025/texmf-dist/fonts/type1/public/amsfonts/cm/cmr12.pfb><
/usr/local/texlive/2025/texmf-dist/fonts/type1/public/amsfonts/cm/cmsy10.pfb></
usr/local/texlive/2025/texmf-dist/fonts/type1/public/bera/fvsb8a.pfb></usr/loca
l/texlive/2025/texmf-dist/fonts/type1/public/bera/fvsr8a.pfb></usr/local/texliv
e/2025/texmf-dist/fonts/type1/public/cm-super/sfbx1200.pfb></usr/local/texlive/
2025/texmf-dist/fonts/type1/public/cm-super/sfbx1440.pfb></usr/local/texlive/20
25/texmf-dist/fonts/type1/public/cm-super/sfbx1728.pfb></usr/local/texlive/2025
/texmf-dist/fonts/type1/public/cm-super/sfbx2488.pfb></usr/local/texlive/2025/t
exmf-dist/fonts/type1/public/cm-super/sfcc1200.pfb></usr/local/texlive/2025/tex
mf-dist/fonts/type1/public/cm-super/sfrm1200.pfb></usr/local/texlive/2025/texmf
-dist/fonts/type1/public/cm-super/sfti1200.pfb></usr/local/texlive/2025/texmf-d
ist/fonts/type1/public/cm-super/sftt1200.pfb>
Output written on main.pdf (127 pages, 4665589 bytes).
PDF statistics:
 2293 PDF objects out of 2487 (max. 8388607)
 1996 compressed objects within 20 object streams
 508 named destinations out of 1000 (max. 500000)
 2082 words of extra memory for PDF output out of 10000 (max. 10000000)

